ARM GAS  C:\Users\user\AppData\Local\Temp\cctGmslI.s 			page 1


   1              		.cpu cortex-m3
   2              		.eabi_attribute 20, 1
   3              		.eabi_attribute 21, 1
   4              		.eabi_attribute 23, 3
   5              		.eabi_attribute 24, 1
   6              		.eabi_attribute 25, 1
   7              		.eabi_attribute 26, 1
   8              		.eabi_attribute 30, 1
   9              		.eabi_attribute 34, 1
  10              		.eabi_attribute 18, 4
  11              		.file	"main.c"
  12              		.text
  13              	.Ltext0:
  14              		.cfi_sections	.debug_frame
  15              		.section	.text.Error_Handler,"ax",%progbits
  16              		.align	1
  17              		.global	Error_Handler
  18              		.arch armv7-m
  19              		.syntax unified
  20              		.thumb
  21              		.thumb_func
  22              		.fpu softvfp
  24              	Error_Handler:
  25              	.LFB67:
  26              		.file 1 "Core/Src/main.c"
   1:Core/Src/main.c **** /* USER CODE BEGIN Header */
   2:Core/Src/main.c **** /**
   3:Core/Src/main.c ****   ******************************************************************************
   4:Core/Src/main.c ****   * @file           : main.c
   5:Core/Src/main.c ****   * @brief          : Main program body
   6:Core/Src/main.c ****   ******************************************************************************
   7:Core/Src/main.c ****   * @attention
   8:Core/Src/main.c ****   *
   9:Core/Src/main.c ****   * <h2><center>&copy; Copyright (c) 2021 STMicroelectronics.
  10:Core/Src/main.c ****   * All rights reserved.</center></h2>
  11:Core/Src/main.c ****   *
  12:Core/Src/main.c ****   * This software component is licensed by ST under BSD 3-Clause license,
  13:Core/Src/main.c ****   * the "License"; You may not use this file except in compliance with the
  14:Core/Src/main.c ****   * License. You may obtain a copy of the License at:
  15:Core/Src/main.c ****   *                        opensource.org/licenses/BSD-3-Clause
  16:Core/Src/main.c ****   *
  17:Core/Src/main.c ****   ******************************************************************************
  18:Core/Src/main.c ****   */
  19:Core/Src/main.c **** /* USER CODE END Header */
  20:Core/Src/main.c **** /* Includes ------------------------------------------------------------------*/
  21:Core/Src/main.c **** #include "main.h"
  22:Core/Src/main.c **** #include "tim.h"
  23:Core/Src/main.c **** #include "gpio.h"
  24:Core/Src/main.c **** 
  25:Core/Src/main.c **** /* Private includes ----------------------------------------------------------*/
  26:Core/Src/main.c **** /* USER CODE BEGIN Includes */
  27:Core/Src/main.c **** 
  28:Core/Src/main.c **** /* USER CODE END Includes */
  29:Core/Src/main.c **** 
  30:Core/Src/main.c **** /* Private typedef -----------------------------------------------------------*/
  31:Core/Src/main.c **** /* USER CODE BEGIN PTD */
  32:Core/Src/main.c **** 
ARM GAS  C:\Users\user\AppData\Local\Temp\cctGmslI.s 			page 2


  33:Core/Src/main.c **** /* USER CODE END PTD */
  34:Core/Src/main.c **** 
  35:Core/Src/main.c **** /* Private define ------------------------------------------------------------*/
  36:Core/Src/main.c **** /* USER CODE BEGIN PD */
  37:Core/Src/main.c **** /* USER CODE END PD */
  38:Core/Src/main.c **** 
  39:Core/Src/main.c **** /* Private macro -------------------------------------------------------------*/
  40:Core/Src/main.c **** /* USER CODE BEGIN PM */
  41:Core/Src/main.c **** 
  42:Core/Src/main.c **** /* USER CODE END PM */
  43:Core/Src/main.c **** 
  44:Core/Src/main.c **** /* Private variables ---------------------------------------------------------*/
  45:Core/Src/main.c **** 
  46:Core/Src/main.c **** /* USER CODE BEGIN PV */
  47:Core/Src/main.c **** 
  48:Core/Src/main.c **** /* USER CODE END PV */
  49:Core/Src/main.c **** 
  50:Core/Src/main.c **** /* Private function prototypes -----------------------------------------------*/
  51:Core/Src/main.c **** void SystemClock_Config(void);
  52:Core/Src/main.c **** /* USER CODE BEGIN PFP */
  53:Core/Src/main.c **** 
  54:Core/Src/main.c **** /* USER CODE END PFP */
  55:Core/Src/main.c **** 
  56:Core/Src/main.c **** /* Private user code ---------------------------------------------------------*/
  57:Core/Src/main.c **** /* USER CODE BEGIN 0 */
  58:Core/Src/main.c **** 
  59:Core/Src/main.c **** /* USER CODE END 0 */
  60:Core/Src/main.c **** 
  61:Core/Src/main.c **** /**
  62:Core/Src/main.c ****   * @brief  The application entry point.
  63:Core/Src/main.c ****   * @retval int
  64:Core/Src/main.c ****   */
  65:Core/Src/main.c **** int main(void)
  66:Core/Src/main.c **** {
  67:Core/Src/main.c ****   /* USER CODE BEGIN 1 */
  68:Core/Src/main.c **** 
  69:Core/Src/main.c ****   /* USER CODE END 1 */
  70:Core/Src/main.c **** 
  71:Core/Src/main.c ****   /* MCU Configuration--------------------------------------------------------*/
  72:Core/Src/main.c **** 
  73:Core/Src/main.c ****   /* Reset of all peripherals, Initializes the Flash interface and the Systick. */
  74:Core/Src/main.c ****   HAL_Init();
  75:Core/Src/main.c **** 
  76:Core/Src/main.c ****   /* USER CODE BEGIN Init */
  77:Core/Src/main.c **** 
  78:Core/Src/main.c ****   /* USER CODE END Init */
  79:Core/Src/main.c **** 
  80:Core/Src/main.c ****   /* Configure the system clock */
  81:Core/Src/main.c ****   SystemClock_Config();
  82:Core/Src/main.c **** 
  83:Core/Src/main.c ****   /* USER CODE BEGIN SysInit */
  84:Core/Src/main.c **** 
  85:Core/Src/main.c ****   /* USER CODE END SysInit */
  86:Core/Src/main.c **** 
  87:Core/Src/main.c ****   /* Initialize all configured peripherals */
  88:Core/Src/main.c ****   MX_GPIO_Init();
  89:Core/Src/main.c ****   MX_TIM2_Init();
ARM GAS  C:\Users\user\AppData\Local\Temp\cctGmslI.s 			page 3


  90:Core/Src/main.c ****   /* USER CODE BEGIN 2 */
  91:Core/Src/main.c ****   HAL_TIM_PWM_Start(&htim2, TIM_CHANNEL_2);
  92:Core/Src/main.c ****   /* USER CODE END 2 */
  93:Core/Src/main.c **** 
  94:Core/Src/main.c ****   /* Infinite loop */
  95:Core/Src/main.c ****   /* USER CODE BEGIN WHILE */
  96:Core/Src/main.c ****   while (1)
  97:Core/Src/main.c ****   {
  98:Core/Src/main.c ****     /* USER CODE END WHILE */
  99:Core/Src/main.c **** 
 100:Core/Src/main.c ****     /* USER CODE BEGIN 3 */
 101:Core/Src/main.c **** 
 102:Core/Src/main.c ****     //SERVO MOTOR
 103:Core/Src/main.c ****     int x;
 104:Core/Src/main.c ****     for(x=250; x<1250; x=x+1)
 105:Core/Src/main.c ****     {
 106:Core/Src/main.c ****       __HAL_TIM_SET_COMPARE(&htim2,TIM_CHANNEL_2, x);
 107:Core/Src/main.c ****       HAL_Delay(1);
 108:Core/Src/main.c ****     }
 109:Core/Src/main.c **** 
 110:Core/Src/main.c ****     for(x=1250; x>250; x--)
 111:Core/Src/main.c ****     {
 112:Core/Src/main.c ****       __HAL_TIM_SET_COMPARE(&htim2,TIM_CHANNEL_2, x);
 113:Core/Src/main.c ****       HAL_Delay(1);
 114:Core/Src/main.c ****     }
 115:Core/Src/main.c ****     //END SERVO MOTOR
 116:Core/Src/main.c ****     
 117:Core/Src/main.c ****   }
 118:Core/Src/main.c ****   /* USER CODE END 3 */
 119:Core/Src/main.c **** }
 120:Core/Src/main.c **** 
 121:Core/Src/main.c **** /**
 122:Core/Src/main.c ****   * @brief System Clock Configuration
 123:Core/Src/main.c ****   * @retval None
 124:Core/Src/main.c ****   */
 125:Core/Src/main.c **** void SystemClock_Config(void)
 126:Core/Src/main.c **** {
 127:Core/Src/main.c ****   RCC_OscInitTypeDef RCC_OscInitStruct = {0};
 128:Core/Src/main.c ****   RCC_ClkInitTypeDef RCC_ClkInitStruct = {0};
 129:Core/Src/main.c **** 
 130:Core/Src/main.c ****   /** Initializes the RCC Oscillators according to the specified parameters
 131:Core/Src/main.c ****   * in the RCC_OscInitTypeDef structure.
 132:Core/Src/main.c ****   */
 133:Core/Src/main.c ****   RCC_OscInitStruct.OscillatorType = RCC_OSCILLATORTYPE_HSE;
 134:Core/Src/main.c ****   RCC_OscInitStruct.HSEState = RCC_HSE_ON;
 135:Core/Src/main.c ****   RCC_OscInitStruct.PLL.PLLState = RCC_PLL_NONE;
 136:Core/Src/main.c ****   if (HAL_RCC_OscConfig(&RCC_OscInitStruct) != HAL_OK)
 137:Core/Src/main.c ****   {
 138:Core/Src/main.c ****     Error_Handler();
 139:Core/Src/main.c ****   }
 140:Core/Src/main.c ****   /** Initializes the CPU, AHB and APB buses clocks
 141:Core/Src/main.c ****   */
 142:Core/Src/main.c ****   RCC_ClkInitStruct.ClockType = RCC_CLOCKTYPE_HCLK|RCC_CLOCKTYPE_SYSCLK
 143:Core/Src/main.c ****                               |RCC_CLOCKTYPE_PCLK1|RCC_CLOCKTYPE_PCLK2;
 144:Core/Src/main.c ****   RCC_ClkInitStruct.SYSCLKSource = RCC_SYSCLKSOURCE_HSE;
 145:Core/Src/main.c ****   RCC_ClkInitStruct.AHBCLKDivider = RCC_SYSCLK_DIV1;
 146:Core/Src/main.c ****   RCC_ClkInitStruct.APB1CLKDivider = RCC_HCLK_DIV1;
ARM GAS  C:\Users\user\AppData\Local\Temp\cctGmslI.s 			page 4


 147:Core/Src/main.c ****   RCC_ClkInitStruct.APB2CLKDivider = RCC_HCLK_DIV1;
 148:Core/Src/main.c **** 
 149:Core/Src/main.c ****   if (HAL_RCC_ClockConfig(&RCC_ClkInitStruct, FLASH_LATENCY_0) != HAL_OK)
 150:Core/Src/main.c ****   {
 151:Core/Src/main.c ****     Error_Handler();
 152:Core/Src/main.c ****   }
 153:Core/Src/main.c **** }
 154:Core/Src/main.c **** 
 155:Core/Src/main.c **** /* USER CODE BEGIN 4 */
 156:Core/Src/main.c **** 
 157:Core/Src/main.c **** /* USER CODE END 4 */
 158:Core/Src/main.c **** 
 159:Core/Src/main.c **** /**
 160:Core/Src/main.c ****   * @brief  This function is executed in case of error occurrence.
 161:Core/Src/main.c ****   * @retval None
 162:Core/Src/main.c ****   */
 163:Core/Src/main.c **** void Error_Handler(void)
 164:Core/Src/main.c **** {
  27              		.loc 1 164 1 view -0
  28              		.cfi_startproc
  29              		@ Volatile: function does not return.
  30              		@ args = 0, pretend = 0, frame = 0
  31              		@ frame_needed = 0, uses_anonymous_args = 0
  32              		@ link register save eliminated.
 165:Core/Src/main.c ****   /* USER CODE BEGIN Error_Handler_Debug */
 166:Core/Src/main.c ****   /* User can add his own implementation to report the HAL error return state */
 167:Core/Src/main.c ****   __disable_irq();
  33              		.loc 1 167 3 view .LVU1
  34              	.LBB4:
  35              	.LBI4:
  36              		.file 2 "Drivers/CMSIS/Include/cmsis_gcc.h"
   1:Drivers/CMSIS/Include/cmsis_gcc.h **** /**************************************************************************//**
   2:Drivers/CMSIS/Include/cmsis_gcc.h ****  * @file     cmsis_gcc.h
   3:Drivers/CMSIS/Include/cmsis_gcc.h ****  * @brief    CMSIS compiler GCC header file
   4:Drivers/CMSIS/Include/cmsis_gcc.h ****  * @version  V5.0.4
   5:Drivers/CMSIS/Include/cmsis_gcc.h ****  * @date     09. April 2018
   6:Drivers/CMSIS/Include/cmsis_gcc.h ****  ******************************************************************************/
   7:Drivers/CMSIS/Include/cmsis_gcc.h **** /*
   8:Drivers/CMSIS/Include/cmsis_gcc.h ****  * Copyright (c) 2009-2018 Arm Limited. All rights reserved.
   9:Drivers/CMSIS/Include/cmsis_gcc.h ****  *
  10:Drivers/CMSIS/Include/cmsis_gcc.h ****  * SPDX-License-Identifier: Apache-2.0
  11:Drivers/CMSIS/Include/cmsis_gcc.h ****  *
  12:Drivers/CMSIS/Include/cmsis_gcc.h ****  * Licensed under the Apache License, Version 2.0 (the License); you may
  13:Drivers/CMSIS/Include/cmsis_gcc.h ****  * not use this file except in compliance with the License.
  14:Drivers/CMSIS/Include/cmsis_gcc.h ****  * You may obtain a copy of the License at
  15:Drivers/CMSIS/Include/cmsis_gcc.h ****  *
  16:Drivers/CMSIS/Include/cmsis_gcc.h ****  * www.apache.org/licenses/LICENSE-2.0
  17:Drivers/CMSIS/Include/cmsis_gcc.h ****  *
  18:Drivers/CMSIS/Include/cmsis_gcc.h ****  * Unless required by applicable law or agreed to in writing, software
  19:Drivers/CMSIS/Include/cmsis_gcc.h ****  * distributed under the License is distributed on an AS IS BASIS, WITHOUT
  20:Drivers/CMSIS/Include/cmsis_gcc.h ****  * WARRANTIES OR CONDITIONS OF ANY KIND, either express or implied.
  21:Drivers/CMSIS/Include/cmsis_gcc.h ****  * See the License for the specific language governing permissions and
  22:Drivers/CMSIS/Include/cmsis_gcc.h ****  * limitations under the License.
  23:Drivers/CMSIS/Include/cmsis_gcc.h ****  */
  24:Drivers/CMSIS/Include/cmsis_gcc.h **** 
  25:Drivers/CMSIS/Include/cmsis_gcc.h **** #ifndef __CMSIS_GCC_H
  26:Drivers/CMSIS/Include/cmsis_gcc.h **** #define __CMSIS_GCC_H
ARM GAS  C:\Users\user\AppData\Local\Temp\cctGmslI.s 			page 5


  27:Drivers/CMSIS/Include/cmsis_gcc.h **** 
  28:Drivers/CMSIS/Include/cmsis_gcc.h **** /* ignore some GCC warnings */
  29:Drivers/CMSIS/Include/cmsis_gcc.h **** #pragma GCC diagnostic push
  30:Drivers/CMSIS/Include/cmsis_gcc.h **** #pragma GCC diagnostic ignored "-Wsign-conversion"
  31:Drivers/CMSIS/Include/cmsis_gcc.h **** #pragma GCC diagnostic ignored "-Wconversion"
  32:Drivers/CMSIS/Include/cmsis_gcc.h **** #pragma GCC diagnostic ignored "-Wunused-parameter"
  33:Drivers/CMSIS/Include/cmsis_gcc.h **** 
  34:Drivers/CMSIS/Include/cmsis_gcc.h **** /* Fallback for __has_builtin */
  35:Drivers/CMSIS/Include/cmsis_gcc.h **** #ifndef __has_builtin
  36:Drivers/CMSIS/Include/cmsis_gcc.h ****   #define __has_builtin(x) (0)
  37:Drivers/CMSIS/Include/cmsis_gcc.h **** #endif
  38:Drivers/CMSIS/Include/cmsis_gcc.h **** 
  39:Drivers/CMSIS/Include/cmsis_gcc.h **** /* CMSIS compiler specific defines */
  40:Drivers/CMSIS/Include/cmsis_gcc.h **** #ifndef   __ASM
  41:Drivers/CMSIS/Include/cmsis_gcc.h ****   #define __ASM                                  __asm
  42:Drivers/CMSIS/Include/cmsis_gcc.h **** #endif
  43:Drivers/CMSIS/Include/cmsis_gcc.h **** #ifndef   __INLINE
  44:Drivers/CMSIS/Include/cmsis_gcc.h ****   #define __INLINE                               inline
  45:Drivers/CMSIS/Include/cmsis_gcc.h **** #endif
  46:Drivers/CMSIS/Include/cmsis_gcc.h **** #ifndef   __STATIC_INLINE
  47:Drivers/CMSIS/Include/cmsis_gcc.h ****   #define __STATIC_INLINE                        static inline
  48:Drivers/CMSIS/Include/cmsis_gcc.h **** #endif
  49:Drivers/CMSIS/Include/cmsis_gcc.h **** #ifndef   __STATIC_FORCEINLINE                 
  50:Drivers/CMSIS/Include/cmsis_gcc.h ****   #define __STATIC_FORCEINLINE                   __attribute__((always_inline)) static inline
  51:Drivers/CMSIS/Include/cmsis_gcc.h **** #endif                                           
  52:Drivers/CMSIS/Include/cmsis_gcc.h **** #ifndef   __NO_RETURN
  53:Drivers/CMSIS/Include/cmsis_gcc.h ****   #define __NO_RETURN                            __attribute__((__noreturn__))
  54:Drivers/CMSIS/Include/cmsis_gcc.h **** #endif
  55:Drivers/CMSIS/Include/cmsis_gcc.h **** #ifndef   __USED
  56:Drivers/CMSIS/Include/cmsis_gcc.h ****   #define __USED                                 __attribute__((used))
  57:Drivers/CMSIS/Include/cmsis_gcc.h **** #endif
  58:Drivers/CMSIS/Include/cmsis_gcc.h **** #ifndef   __WEAK
  59:Drivers/CMSIS/Include/cmsis_gcc.h ****   #define __WEAK                                 __attribute__((weak))
  60:Drivers/CMSIS/Include/cmsis_gcc.h **** #endif
  61:Drivers/CMSIS/Include/cmsis_gcc.h **** #ifndef   __PACKED
  62:Drivers/CMSIS/Include/cmsis_gcc.h ****   #define __PACKED                               __attribute__((packed, aligned(1)))
  63:Drivers/CMSIS/Include/cmsis_gcc.h **** #endif
  64:Drivers/CMSIS/Include/cmsis_gcc.h **** #ifndef   __PACKED_STRUCT
  65:Drivers/CMSIS/Include/cmsis_gcc.h ****   #define __PACKED_STRUCT                        struct __attribute__((packed, aligned(1)))
  66:Drivers/CMSIS/Include/cmsis_gcc.h **** #endif
  67:Drivers/CMSIS/Include/cmsis_gcc.h **** #ifndef   __PACKED_UNION
  68:Drivers/CMSIS/Include/cmsis_gcc.h ****   #define __PACKED_UNION                         union __attribute__((packed, aligned(1)))
  69:Drivers/CMSIS/Include/cmsis_gcc.h **** #endif
  70:Drivers/CMSIS/Include/cmsis_gcc.h **** #ifndef   __UNALIGNED_UINT32        /* deprecated */
  71:Drivers/CMSIS/Include/cmsis_gcc.h ****   #pragma GCC diagnostic push
  72:Drivers/CMSIS/Include/cmsis_gcc.h ****   #pragma GCC diagnostic ignored "-Wpacked"
  73:Drivers/CMSIS/Include/cmsis_gcc.h ****   #pragma GCC diagnostic ignored "-Wattributes"
  74:Drivers/CMSIS/Include/cmsis_gcc.h ****   struct __attribute__((packed)) T_UINT32 { uint32_t v; };
  75:Drivers/CMSIS/Include/cmsis_gcc.h ****   #pragma GCC diagnostic pop
  76:Drivers/CMSIS/Include/cmsis_gcc.h ****   #define __UNALIGNED_UINT32(x)                  (((struct T_UINT32 *)(x))->v)
  77:Drivers/CMSIS/Include/cmsis_gcc.h **** #endif
  78:Drivers/CMSIS/Include/cmsis_gcc.h **** #ifndef   __UNALIGNED_UINT16_WRITE
  79:Drivers/CMSIS/Include/cmsis_gcc.h ****   #pragma GCC diagnostic push
  80:Drivers/CMSIS/Include/cmsis_gcc.h ****   #pragma GCC diagnostic ignored "-Wpacked"
  81:Drivers/CMSIS/Include/cmsis_gcc.h ****   #pragma GCC diagnostic ignored "-Wattributes"
  82:Drivers/CMSIS/Include/cmsis_gcc.h ****   __PACKED_STRUCT T_UINT16_WRITE { uint16_t v; };
  83:Drivers/CMSIS/Include/cmsis_gcc.h ****   #pragma GCC diagnostic pop
ARM GAS  C:\Users\user\AppData\Local\Temp\cctGmslI.s 			page 6


  84:Drivers/CMSIS/Include/cmsis_gcc.h ****   #define __UNALIGNED_UINT16_WRITE(addr, val)    (void)((((struct T_UINT16_WRITE *)(void *)(addr))-
  85:Drivers/CMSIS/Include/cmsis_gcc.h **** #endif
  86:Drivers/CMSIS/Include/cmsis_gcc.h **** #ifndef   __UNALIGNED_UINT16_READ
  87:Drivers/CMSIS/Include/cmsis_gcc.h ****   #pragma GCC diagnostic push
  88:Drivers/CMSIS/Include/cmsis_gcc.h ****   #pragma GCC diagnostic ignored "-Wpacked"
  89:Drivers/CMSIS/Include/cmsis_gcc.h ****   #pragma GCC diagnostic ignored "-Wattributes"
  90:Drivers/CMSIS/Include/cmsis_gcc.h ****   __PACKED_STRUCT T_UINT16_READ { uint16_t v; };
  91:Drivers/CMSIS/Include/cmsis_gcc.h ****   #pragma GCC diagnostic pop
  92:Drivers/CMSIS/Include/cmsis_gcc.h ****   #define __UNALIGNED_UINT16_READ(addr)          (((const struct T_UINT16_READ *)(const void *)(add
  93:Drivers/CMSIS/Include/cmsis_gcc.h **** #endif
  94:Drivers/CMSIS/Include/cmsis_gcc.h **** #ifndef   __UNALIGNED_UINT32_WRITE
  95:Drivers/CMSIS/Include/cmsis_gcc.h ****   #pragma GCC diagnostic push
  96:Drivers/CMSIS/Include/cmsis_gcc.h ****   #pragma GCC diagnostic ignored "-Wpacked"
  97:Drivers/CMSIS/Include/cmsis_gcc.h ****   #pragma GCC diagnostic ignored "-Wattributes"
  98:Drivers/CMSIS/Include/cmsis_gcc.h ****   __PACKED_STRUCT T_UINT32_WRITE { uint32_t v; };
  99:Drivers/CMSIS/Include/cmsis_gcc.h ****   #pragma GCC diagnostic pop
 100:Drivers/CMSIS/Include/cmsis_gcc.h ****   #define __UNALIGNED_UINT32_WRITE(addr, val)    (void)((((struct T_UINT32_WRITE *)(void *)(addr))-
 101:Drivers/CMSIS/Include/cmsis_gcc.h **** #endif
 102:Drivers/CMSIS/Include/cmsis_gcc.h **** #ifndef   __UNALIGNED_UINT32_READ
 103:Drivers/CMSIS/Include/cmsis_gcc.h ****   #pragma GCC diagnostic push
 104:Drivers/CMSIS/Include/cmsis_gcc.h ****   #pragma GCC diagnostic ignored "-Wpacked"
 105:Drivers/CMSIS/Include/cmsis_gcc.h ****   #pragma GCC diagnostic ignored "-Wattributes"
 106:Drivers/CMSIS/Include/cmsis_gcc.h ****   __PACKED_STRUCT T_UINT32_READ { uint32_t v; };
 107:Drivers/CMSIS/Include/cmsis_gcc.h ****   #pragma GCC diagnostic pop
 108:Drivers/CMSIS/Include/cmsis_gcc.h ****   #define __UNALIGNED_UINT32_READ(addr)          (((const struct T_UINT32_READ *)(const void *)(add
 109:Drivers/CMSIS/Include/cmsis_gcc.h **** #endif
 110:Drivers/CMSIS/Include/cmsis_gcc.h **** #ifndef   __ALIGNED
 111:Drivers/CMSIS/Include/cmsis_gcc.h ****   #define __ALIGNED(x)                           __attribute__((aligned(x)))
 112:Drivers/CMSIS/Include/cmsis_gcc.h **** #endif
 113:Drivers/CMSIS/Include/cmsis_gcc.h **** #ifndef   __RESTRICT
 114:Drivers/CMSIS/Include/cmsis_gcc.h ****   #define __RESTRICT                             __restrict
 115:Drivers/CMSIS/Include/cmsis_gcc.h **** #endif
 116:Drivers/CMSIS/Include/cmsis_gcc.h **** 
 117:Drivers/CMSIS/Include/cmsis_gcc.h **** 
 118:Drivers/CMSIS/Include/cmsis_gcc.h **** /* ###########################  Core Function Access  ########################### */
 119:Drivers/CMSIS/Include/cmsis_gcc.h **** /** \ingroup  CMSIS_Core_FunctionInterface
 120:Drivers/CMSIS/Include/cmsis_gcc.h ****     \defgroup CMSIS_Core_RegAccFunctions CMSIS Core Register Access Functions
 121:Drivers/CMSIS/Include/cmsis_gcc.h ****   @{
 122:Drivers/CMSIS/Include/cmsis_gcc.h ****  */
 123:Drivers/CMSIS/Include/cmsis_gcc.h **** 
 124:Drivers/CMSIS/Include/cmsis_gcc.h **** /**
 125:Drivers/CMSIS/Include/cmsis_gcc.h ****   \brief   Enable IRQ Interrupts
 126:Drivers/CMSIS/Include/cmsis_gcc.h ****   \details Enables IRQ interrupts by clearing the I-bit in the CPSR.
 127:Drivers/CMSIS/Include/cmsis_gcc.h ****            Can only be executed in Privileged modes.
 128:Drivers/CMSIS/Include/cmsis_gcc.h ****  */
 129:Drivers/CMSIS/Include/cmsis_gcc.h **** __STATIC_FORCEINLINE void __enable_irq(void)
 130:Drivers/CMSIS/Include/cmsis_gcc.h **** {
 131:Drivers/CMSIS/Include/cmsis_gcc.h ****   __ASM volatile ("cpsie i" : : : "memory");
 132:Drivers/CMSIS/Include/cmsis_gcc.h **** }
 133:Drivers/CMSIS/Include/cmsis_gcc.h **** 
 134:Drivers/CMSIS/Include/cmsis_gcc.h **** 
 135:Drivers/CMSIS/Include/cmsis_gcc.h **** /**
 136:Drivers/CMSIS/Include/cmsis_gcc.h ****   \brief   Disable IRQ Interrupts
 137:Drivers/CMSIS/Include/cmsis_gcc.h ****   \details Disables IRQ interrupts by setting the I-bit in the CPSR.
 138:Drivers/CMSIS/Include/cmsis_gcc.h ****            Can only be executed in Privileged modes.
 139:Drivers/CMSIS/Include/cmsis_gcc.h ****  */
 140:Drivers/CMSIS/Include/cmsis_gcc.h **** __STATIC_FORCEINLINE void __disable_irq(void)
ARM GAS  C:\Users\user\AppData\Local\Temp\cctGmslI.s 			page 7


  37              		.loc 2 140 27 view .LVU2
  38              	.LBB5:
 141:Drivers/CMSIS/Include/cmsis_gcc.h **** {
 142:Drivers/CMSIS/Include/cmsis_gcc.h ****   __ASM volatile ("cpsid i" : : : "memory");
  39              		.loc 2 142 3 view .LVU3
  40              		.syntax unified
  41              	@ 142 "Drivers/CMSIS/Include/cmsis_gcc.h" 1
  42 0000 72B6     		cpsid i
  43              	@ 0 "" 2
  44              		.thumb
  45              		.syntax unified
  46              	.L2:
  47              	.LBE5:
  48              	.LBE4:
 168:Core/Src/main.c ****   while (1)
  49              		.loc 1 168 3 discriminator 1 view .LVU4
 169:Core/Src/main.c ****   {
 170:Core/Src/main.c ****   }
  50              		.loc 1 170 3 discriminator 1 view .LVU5
  51 0002 FEE7     		b	.L2
  52              		.cfi_endproc
  53              	.LFE67:
  55              		.section	.text.SystemClock_Config,"ax",%progbits
  56              		.align	1
  57              		.global	SystemClock_Config
  58              		.syntax unified
  59              		.thumb
  60              		.thumb_func
  61              		.fpu softvfp
  63              	SystemClock_Config:
  64              	.LFB66:
 126:Core/Src/main.c ****   RCC_OscInitTypeDef RCC_OscInitStruct = {0};
  65              		.loc 1 126 1 view -0
  66              		.cfi_startproc
  67              		@ args = 0, pretend = 0, frame = 64
  68              		@ frame_needed = 0, uses_anonymous_args = 0
  69 0000 00B5     		push	{lr}
  70              	.LCFI0:
  71              		.cfi_def_cfa_offset 4
  72              		.cfi_offset 14, -4
  73 0002 91B0     		sub	sp, sp, #68
  74              	.LCFI1:
  75              		.cfi_def_cfa_offset 72
 127:Core/Src/main.c ****   RCC_ClkInitTypeDef RCC_ClkInitStruct = {0};
  76              		.loc 1 127 3 view .LVU7
 127:Core/Src/main.c ****   RCC_ClkInitTypeDef RCC_ClkInitStruct = {0};
  77              		.loc 1 127 22 is_stmt 0 view .LVU8
  78 0004 2022     		movs	r2, #32
  79 0006 0021     		movs	r1, #0
  80 0008 0DEB0200 		add	r0, sp, r2
  81 000c FFF7FEFF 		bl	memset
  82              	.LVL0:
 128:Core/Src/main.c **** 
  83              		.loc 1 128 3 is_stmt 1 view .LVU9
 128:Core/Src/main.c **** 
  84              		.loc 1 128 22 is_stmt 0 view .LVU10
  85 0010 0023     		movs	r3, #0
ARM GAS  C:\Users\user\AppData\Local\Temp\cctGmslI.s 			page 8


  86 0012 0193     		str	r3, [sp, #4]
  87 0014 0293     		str	r3, [sp, #8]
  88 0016 0393     		str	r3, [sp, #12]
  89 0018 0493     		str	r3, [sp, #16]
  90 001a 0593     		str	r3, [sp, #20]
 133:Core/Src/main.c ****   RCC_OscInitStruct.HSEState = RCC_HSE_ON;
  91              		.loc 1 133 3 is_stmt 1 view .LVU11
 133:Core/Src/main.c ****   RCC_OscInitStruct.HSEState = RCC_HSE_ON;
  92              		.loc 1 133 36 is_stmt 0 view .LVU12
  93 001c 0123     		movs	r3, #1
  94 001e 0693     		str	r3, [sp, #24]
 134:Core/Src/main.c ****   RCC_OscInitStruct.PLL.PLLState = RCC_PLL_NONE;
  95              		.loc 1 134 3 is_stmt 1 view .LVU13
 134:Core/Src/main.c ****   RCC_OscInitStruct.PLL.PLLState = RCC_PLL_NONE;
  96              		.loc 1 134 30 is_stmt 0 view .LVU14
  97 0020 4FF48033 		mov	r3, #65536
  98 0024 0793     		str	r3, [sp, #28]
 135:Core/Src/main.c ****   if (HAL_RCC_OscConfig(&RCC_OscInitStruct) != HAL_OK)
  99              		.loc 1 135 3 is_stmt 1 view .LVU15
 136:Core/Src/main.c ****   {
 100              		.loc 1 136 3 view .LVU16
 136:Core/Src/main.c ****   {
 101              		.loc 1 136 7 is_stmt 0 view .LVU17
 102 0026 06A8     		add	r0, sp, #24
 103 0028 FFF7FEFF 		bl	HAL_RCC_OscConfig
 104              	.LVL1:
 136:Core/Src/main.c ****   {
 105              		.loc 1 136 6 view .LVU18
 106 002c 70B9     		cbnz	r0, .L7
 142:Core/Src/main.c ****                               |RCC_CLOCKTYPE_PCLK1|RCC_CLOCKTYPE_PCLK2;
 107              		.loc 1 142 3 is_stmt 1 view .LVU19
 142:Core/Src/main.c ****                               |RCC_CLOCKTYPE_PCLK1|RCC_CLOCKTYPE_PCLK2;
 108              		.loc 1 142 31 is_stmt 0 view .LVU20
 109 002e 0F23     		movs	r3, #15
 110 0030 0193     		str	r3, [sp, #4]
 144:Core/Src/main.c ****   RCC_ClkInitStruct.AHBCLKDivider = RCC_SYSCLK_DIV1;
 111              		.loc 1 144 3 is_stmt 1 view .LVU21
 144:Core/Src/main.c ****   RCC_ClkInitStruct.AHBCLKDivider = RCC_SYSCLK_DIV1;
 112              		.loc 1 144 34 is_stmt 0 view .LVU22
 113 0032 0123     		movs	r3, #1
 114 0034 0293     		str	r3, [sp, #8]
 145:Core/Src/main.c ****   RCC_ClkInitStruct.APB1CLKDivider = RCC_HCLK_DIV1;
 115              		.loc 1 145 3 is_stmt 1 view .LVU23
 145:Core/Src/main.c ****   RCC_ClkInitStruct.APB1CLKDivider = RCC_HCLK_DIV1;
 116              		.loc 1 145 35 is_stmt 0 view .LVU24
 117 0036 0021     		movs	r1, #0
 118 0038 0391     		str	r1, [sp, #12]
 146:Core/Src/main.c ****   RCC_ClkInitStruct.APB2CLKDivider = RCC_HCLK_DIV1;
 119              		.loc 1 146 3 is_stmt 1 view .LVU25
 146:Core/Src/main.c ****   RCC_ClkInitStruct.APB2CLKDivider = RCC_HCLK_DIV1;
 120              		.loc 1 146 36 is_stmt 0 view .LVU26
 121 003a 0491     		str	r1, [sp, #16]
 147:Core/Src/main.c **** 
 122              		.loc 1 147 3 is_stmt 1 view .LVU27
 147:Core/Src/main.c **** 
 123              		.loc 1 147 36 is_stmt 0 view .LVU28
 124 003c 0591     		str	r1, [sp, #20]
ARM GAS  C:\Users\user\AppData\Local\Temp\cctGmslI.s 			page 9


 149:Core/Src/main.c ****   {
 125              		.loc 1 149 3 is_stmt 1 view .LVU29
 149:Core/Src/main.c ****   {
 126              		.loc 1 149 7 is_stmt 0 view .LVU30
 127 003e 01A8     		add	r0, sp, #4
 128 0040 FFF7FEFF 		bl	HAL_RCC_ClockConfig
 129              	.LVL2:
 149:Core/Src/main.c ****   {
 130              		.loc 1 149 6 view .LVU31
 131 0044 20B9     		cbnz	r0, .L8
 153:Core/Src/main.c **** 
 132              		.loc 1 153 1 view .LVU32
 133 0046 11B0     		add	sp, sp, #68
 134              	.LCFI2:
 135              		.cfi_remember_state
 136              		.cfi_def_cfa_offset 4
 137              		@ sp needed
 138 0048 5DF804FB 		ldr	pc, [sp], #4
 139              	.L7:
 140              	.LCFI3:
 141              		.cfi_restore_state
 138:Core/Src/main.c ****   }
 142              		.loc 1 138 5 is_stmt 1 view .LVU33
 143 004c FFF7FEFF 		bl	Error_Handler
 144              	.LVL3:
 145              	.L8:
 151:Core/Src/main.c ****   }
 146              		.loc 1 151 5 view .LVU34
 147 0050 FFF7FEFF 		bl	Error_Handler
 148              	.LVL4:
 149              		.cfi_endproc
 150              	.LFE66:
 152              		.section	.text.main,"ax",%progbits
 153              		.align	1
 154              		.global	main
 155              		.syntax unified
 156              		.thumb
 157              		.thumb_func
 158              		.fpu softvfp
 160              	main:
 161              	.LFB65:
  66:Core/Src/main.c ****   /* USER CODE BEGIN 1 */
 162              		.loc 1 66 1 view -0
 163              		.cfi_startproc
 164              		@ args = 0, pretend = 0, frame = 0
 165              		@ frame_needed = 0, uses_anonymous_args = 0
 166 0000 10B5     		push	{r4, lr}
 167              	.LCFI4:
 168              		.cfi_def_cfa_offset 8
 169              		.cfi_offset 4, -8
 170              		.cfi_offset 14, -4
  74:Core/Src/main.c **** 
 171              		.loc 1 74 3 view .LVU36
 172 0002 FFF7FEFF 		bl	HAL_Init
 173              	.LVL5:
  81:Core/Src/main.c **** 
 174              		.loc 1 81 3 view .LVU37
ARM GAS  C:\Users\user\AppData\Local\Temp\cctGmslI.s 			page 10


 175 0006 FFF7FEFF 		bl	SystemClock_Config
 176              	.LVL6:
  88:Core/Src/main.c ****   MX_TIM2_Init();
 177              		.loc 1 88 3 view .LVU38
 178 000a FFF7FEFF 		bl	MX_GPIO_Init
 179              	.LVL7:
  89:Core/Src/main.c ****   /* USER CODE BEGIN 2 */
 180              		.loc 1 89 3 view .LVU39
 181 000e FFF7FEFF 		bl	MX_TIM2_Init
 182              	.LVL8:
  91:Core/Src/main.c ****   /* USER CODE END 2 */
 183              		.loc 1 91 3 view .LVU40
 184 0012 0421     		movs	r1, #4
 185 0014 0D48     		ldr	r0, .L17
 186 0016 FFF7FEFF 		bl	HAL_TIM_PWM_Start
 187              	.LVL9:
 188              	.L14:
  96:Core/Src/main.c ****   {
 189              		.loc 1 96 3 view .LVU41
 190              	.LBB6:
 103:Core/Src/main.c ****     for(x=250; x<1250; x=x+1)
 191              		.loc 1 103 5 view .LVU42
 104:Core/Src/main.c ****     {
 192              		.loc 1 104 5 view .LVU43
 104:Core/Src/main.c ****     {
 193              		.loc 1 104 10 is_stmt 0 view .LVU44
 194 001a FA24     		movs	r4, #250
 195              	.LVL10:
 196              	.L10:
 104:Core/Src/main.c ****     {
 197              		.loc 1 104 5 discriminator 1 view .LVU45
 198 001c 40F2E143 		movw	r3, #1249
 199 0020 9C42     		cmp	r4, r3
 200 0022 07DC     		bgt	.L16
 106:Core/Src/main.c ****       HAL_Delay(1);
 201              		.loc 1 106 7 is_stmt 1 discriminator 3 view .LVU46
 202 0024 094B     		ldr	r3, .L17
 203 0026 1B68     		ldr	r3, [r3]
 204 0028 9C63     		str	r4, [r3, #56]
 107:Core/Src/main.c ****     }
 205              		.loc 1 107 7 discriminator 3 view .LVU47
 206 002a 0120     		movs	r0, #1
 207 002c FFF7FEFF 		bl	HAL_Delay
 208              	.LVL11:
 104:Core/Src/main.c ****     {
 209              		.loc 1 104 25 is_stmt 0 discriminator 3 view .LVU48
 210 0030 0134     		adds	r4, r4, #1
 211              	.LVL12:
 104:Core/Src/main.c ****     {
 212              		.loc 1 104 25 discriminator 3 view .LVU49
 213 0032 F3E7     		b	.L10
 214              	.L16:
 110:Core/Src/main.c ****     {
 215              		.loc 1 110 10 view .LVU50
 216 0034 40F2E244 		movw	r4, #1250
 217              	.LVL13:
 218              	.L12:
ARM GAS  C:\Users\user\AppData\Local\Temp\cctGmslI.s 			page 11


 110:Core/Src/main.c ****     {
 219              		.loc 1 110 5 discriminator 1 view .LVU51
 220 0038 FA2C     		cmp	r4, #250
 221 003a EEDD     		ble	.L14
 112:Core/Src/main.c ****       HAL_Delay(1);
 222              		.loc 1 112 7 is_stmt 1 discriminator 3 view .LVU52
 223 003c 034B     		ldr	r3, .L17
 224 003e 1B68     		ldr	r3, [r3]
 225 0040 9C63     		str	r4, [r3, #56]
 113:Core/Src/main.c ****     }
 226              		.loc 1 113 7 discriminator 3 view .LVU53
 227 0042 0120     		movs	r0, #1
 228 0044 FFF7FEFF 		bl	HAL_Delay
 229              	.LVL14:
 110:Core/Src/main.c ****     {
 230              		.loc 1 110 25 is_stmt 0 discriminator 3 view .LVU54
 231 0048 013C     		subs	r4, r4, #1
 232              	.LVL15:
 110:Core/Src/main.c ****     {
 233              		.loc 1 110 25 discriminator 3 view .LVU55
 234 004a F5E7     		b	.L12
 235              	.L18:
 236              		.align	2
 237              	.L17:
 238 004c 00000000 		.word	htim2
 239              	.LBE6:
 240              		.cfi_endproc
 241              	.LFE65:
 243              		.text
 244              	.Letext0:
 245              		.file 3 "c:\\program files (x86)\\gnu tools arm embedded\\8 2019-q3-update\\arm-none-eabi\\include
 246              		.file 4 "c:\\program files (x86)\\gnu tools arm embedded\\8 2019-q3-update\\arm-none-eabi\\include
 247              		.file 5 "Drivers/CMSIS/Include/core_cm3.h"
 248              		.file 6 "Drivers/CMSIS/Device/ST/STM32F1xx/Include/system_stm32f1xx.h"
 249              		.file 7 "Drivers/CMSIS/Device/ST/STM32F1xx/Include/stm32f103xb.h"
 250              		.file 8 "Drivers/STM32F1xx_HAL_Driver/Inc/stm32f1xx_hal_def.h"
 251              		.file 9 "Drivers/STM32F1xx_HAL_Driver/Inc/stm32f1xx_hal_rcc.h"
 252              		.file 10 "Drivers/STM32F1xx_HAL_Driver/Inc/stm32f1xx_hal_rcc_ex.h"
 253              		.file 11 "Drivers/STM32F1xx_HAL_Driver/Inc/stm32f1xx_hal_dma.h"
 254              		.file 12 "Drivers/STM32F1xx_HAL_Driver/Inc/stm32f1xx_hal_tim.h"
 255              		.file 13 "Drivers/STM32F1xx_HAL_Driver/Inc/stm32f1xx_hal.h"
 256              		.file 14 "Core/Inc/tim.h"
 257              		.file 15 "Core/Inc/gpio.h"
 258              		.file 16 "<built-in>"
ARM GAS  C:\Users\user\AppData\Local\Temp\cctGmslI.s 			page 12


DEFINED SYMBOLS
                            *ABS*:00000000 main.c
C:\Users\user\AppData\Local\Temp\cctGmslI.s:16     .text.Error_Handler:00000000 $t
C:\Users\user\AppData\Local\Temp\cctGmslI.s:24     .text.Error_Handler:00000000 Error_Handler
C:\Users\user\AppData\Local\Temp\cctGmslI.s:56     .text.SystemClock_Config:00000000 $t
C:\Users\user\AppData\Local\Temp\cctGmslI.s:63     .text.SystemClock_Config:00000000 SystemClock_Config
C:\Users\user\AppData\Local\Temp\cctGmslI.s:153    .text.main:00000000 $t
C:\Users\user\AppData\Local\Temp\cctGmslI.s:160    .text.main:00000000 main
C:\Users\user\AppData\Local\Temp\cctGmslI.s:238    .text.main:0000004c $d

UNDEFINED SYMBOLS
memset
HAL_RCC_OscConfig
HAL_RCC_ClockConfig
HAL_Init
MX_GPIO_Init
MX_TIM2_Init
HAL_TIM_PWM_Start
HAL_Delay
htim2
