ARM GAS  C:\Users\user\AppData\Local\Temp\ccfVATb2.s 			page 1


   1              		.cpu cortex-m3
   2              		.eabi_attribute 20, 1
   3              		.eabi_attribute 21, 1
   4              		.eabi_attribute 23, 3
   5              		.eabi_attribute 24, 1
   6              		.eabi_attribute 25, 1
   7              		.eabi_attribute 26, 1
   8              		.eabi_attribute 30, 1
   9              		.eabi_attribute 34, 1
  10              		.eabi_attribute 18, 4
  11              		.file	"tim.c"
  12              		.text
  13              	.Ltext0:
  14              		.cfi_sections	.debug_frame
  15              		.section	.text.HAL_TIM_Base_MspInit,"ax",%progbits
  16              		.align	1
  17              		.global	HAL_TIM_Base_MspInit
  18              		.arch armv7-m
  19              		.syntax unified
  20              		.thumb
  21              		.thumb_func
  22              		.fpu softvfp
  24              	HAL_TIM_Base_MspInit:
  25              	.LVL0:
  26              	.LFB66:
  27              		.file 1 "Core/Src/tim.c"
   1:Core/Src/tim.c **** /**
   2:Core/Src/tim.c ****   ******************************************************************************
   3:Core/Src/tim.c ****   * @file    tim.c
   4:Core/Src/tim.c ****   * @brief   This file provides code for the configuration
   5:Core/Src/tim.c ****   *          of the TIM instances.
   6:Core/Src/tim.c ****   ******************************************************************************
   7:Core/Src/tim.c ****   * @attention
   8:Core/Src/tim.c ****   *
   9:Core/Src/tim.c ****   * <h2><center>&copy; Copyright (c) 2021 STMicroelectronics.
  10:Core/Src/tim.c ****   * All rights reserved.</center></h2>
  11:Core/Src/tim.c ****   *
  12:Core/Src/tim.c ****   * This software component is licensed by ST under BSD 3-Clause license,
  13:Core/Src/tim.c ****   * the "License"; You may not use this file except in compliance with the
  14:Core/Src/tim.c ****   * License. You may obtain a copy of the License at:
  15:Core/Src/tim.c ****   *                        opensource.org/licenses/BSD-3-Clause
  16:Core/Src/tim.c ****   *
  17:Core/Src/tim.c ****   ******************************************************************************
  18:Core/Src/tim.c ****   */
  19:Core/Src/tim.c **** 
  20:Core/Src/tim.c **** /* Includes ------------------------------------------------------------------*/
  21:Core/Src/tim.c **** #include "tim.h"
  22:Core/Src/tim.c **** 
  23:Core/Src/tim.c **** /* USER CODE BEGIN 0 */
  24:Core/Src/tim.c **** 
  25:Core/Src/tim.c **** /* USER CODE END 0 */
  26:Core/Src/tim.c **** 
  27:Core/Src/tim.c **** TIM_HandleTypeDef htim2;
  28:Core/Src/tim.c **** 
  29:Core/Src/tim.c **** /* TIM2 init function */
  30:Core/Src/tim.c **** void MX_TIM2_Init(void)
  31:Core/Src/tim.c **** {
ARM GAS  C:\Users\user\AppData\Local\Temp\ccfVATb2.s 			page 2


  32:Core/Src/tim.c **** 
  33:Core/Src/tim.c ****   /* USER CODE BEGIN TIM2_Init 0 */
  34:Core/Src/tim.c **** 
  35:Core/Src/tim.c ****   /* USER CODE END TIM2_Init 0 */
  36:Core/Src/tim.c **** 
  37:Core/Src/tim.c ****   TIM_ClockConfigTypeDef sClockSourceConfig = {0};
  38:Core/Src/tim.c ****   TIM_MasterConfigTypeDef sMasterConfig = {0};
  39:Core/Src/tim.c ****   TIM_OC_InitTypeDef sConfigOC = {0};
  40:Core/Src/tim.c **** 
  41:Core/Src/tim.c ****   /* USER CODE BEGIN TIM2_Init 1 */
  42:Core/Src/tim.c **** 
  43:Core/Src/tim.c ****   /* USER CODE END TIM2_Init 1 */
  44:Core/Src/tim.c ****   htim2.Instance = TIM2;
  45:Core/Src/tim.c ****   htim2.Init.Prescaler = 15;
  46:Core/Src/tim.c ****   htim2.Init.CounterMode = TIM_COUNTERMODE_UP;
  47:Core/Src/tim.c ****   htim2.Init.Period = 9999;
  48:Core/Src/tim.c ****   htim2.Init.ClockDivision = TIM_CLOCKDIVISION_DIV1;
  49:Core/Src/tim.c ****   htim2.Init.AutoReloadPreload = TIM_AUTORELOAD_PRELOAD_DISABLE;
  50:Core/Src/tim.c ****   if (HAL_TIM_Base_Init(&htim2) != HAL_OK)
  51:Core/Src/tim.c ****   {
  52:Core/Src/tim.c ****     Error_Handler();
  53:Core/Src/tim.c ****   }
  54:Core/Src/tim.c ****   sClockSourceConfig.ClockSource = TIM_CLOCKSOURCE_INTERNAL;
  55:Core/Src/tim.c ****   if (HAL_TIM_ConfigClockSource(&htim2, &sClockSourceConfig) != HAL_OK)
  56:Core/Src/tim.c ****   {
  57:Core/Src/tim.c ****     Error_Handler();
  58:Core/Src/tim.c ****   }
  59:Core/Src/tim.c ****   if (HAL_TIM_PWM_Init(&htim2) != HAL_OK)
  60:Core/Src/tim.c ****   {
  61:Core/Src/tim.c ****     Error_Handler();
  62:Core/Src/tim.c ****   }
  63:Core/Src/tim.c ****   sMasterConfig.MasterOutputTrigger = TIM_TRGO_RESET;
  64:Core/Src/tim.c ****   sMasterConfig.MasterSlaveMode = TIM_MASTERSLAVEMODE_DISABLE;
  65:Core/Src/tim.c ****   if (HAL_TIMEx_MasterConfigSynchronization(&htim2, &sMasterConfig) != HAL_OK)
  66:Core/Src/tim.c ****   {
  67:Core/Src/tim.c ****     Error_Handler();
  68:Core/Src/tim.c ****   }
  69:Core/Src/tim.c ****   sConfigOC.OCMode = TIM_OCMODE_PWM1;
  70:Core/Src/tim.c ****   sConfigOC.Pulse = 0;
  71:Core/Src/tim.c ****   sConfigOC.OCPolarity = TIM_OCPOLARITY_HIGH;
  72:Core/Src/tim.c ****   sConfigOC.OCFastMode = TIM_OCFAST_DISABLE;
  73:Core/Src/tim.c ****   if (HAL_TIM_PWM_ConfigChannel(&htim2, &sConfigOC, TIM_CHANNEL_2) != HAL_OK)
  74:Core/Src/tim.c ****   {
  75:Core/Src/tim.c ****     Error_Handler();
  76:Core/Src/tim.c ****   }
  77:Core/Src/tim.c ****   /* USER CODE BEGIN TIM2_Init 2 */
  78:Core/Src/tim.c **** 
  79:Core/Src/tim.c ****   /* USER CODE END TIM2_Init 2 */
  80:Core/Src/tim.c ****   HAL_TIM_MspPostInit(&htim2);
  81:Core/Src/tim.c **** 
  82:Core/Src/tim.c **** }
  83:Core/Src/tim.c **** 
  84:Core/Src/tim.c **** void HAL_TIM_Base_MspInit(TIM_HandleTypeDef* tim_baseHandle)
  85:Core/Src/tim.c **** {
  28              		.loc 1 85 1 view -0
  29              		.cfi_startproc
  30              		@ args = 0, pretend = 0, frame = 8
ARM GAS  C:\Users\user\AppData\Local\Temp\ccfVATb2.s 			page 3


  31              		@ frame_needed = 0, uses_anonymous_args = 0
  32              		@ link register save eliminated.
  86:Core/Src/tim.c **** 
  87:Core/Src/tim.c ****   if(tim_baseHandle->Instance==TIM2)
  33              		.loc 1 87 3 view .LVU1
  34              		.loc 1 87 20 is_stmt 0 view .LVU2
  35 0000 0368     		ldr	r3, [r0]
  36              		.loc 1 87 5 view .LVU3
  37 0002 B3F1804F 		cmp	r3, #1073741824
  38 0006 00D0     		beq	.L7
  39 0008 7047     		bx	lr
  40              	.L7:
  85:Core/Src/tim.c **** 
  41              		.loc 1 85 1 view .LVU4
  42 000a 82B0     		sub	sp, sp, #8
  43              	.LCFI0:
  44              		.cfi_def_cfa_offset 8
  88:Core/Src/tim.c ****   {
  89:Core/Src/tim.c ****   /* USER CODE BEGIN TIM2_MspInit 0 */
  90:Core/Src/tim.c **** 
  91:Core/Src/tim.c ****   /* USER CODE END TIM2_MspInit 0 */
  92:Core/Src/tim.c ****     /* TIM2 clock enable */
  93:Core/Src/tim.c ****     __HAL_RCC_TIM2_CLK_ENABLE();
  45              		.loc 1 93 5 is_stmt 1 view .LVU5
  46              	.LBB2:
  47              		.loc 1 93 5 view .LVU6
  48              		.loc 1 93 5 view .LVU7
  49 000c 03F50433 		add	r3, r3, #135168
  50 0010 DA69     		ldr	r2, [r3, #28]
  51 0012 42F00102 		orr	r2, r2, #1
  52 0016 DA61     		str	r2, [r3, #28]
  53              		.loc 1 93 5 view .LVU8
  54 0018 DB69     		ldr	r3, [r3, #28]
  55 001a 03F00103 		and	r3, r3, #1
  56 001e 0193     		str	r3, [sp, #4]
  57              		.loc 1 93 5 view .LVU9
  58 0020 019B     		ldr	r3, [sp, #4]
  59              	.LBE2:
  94:Core/Src/tim.c ****   /* USER CODE BEGIN TIM2_MspInit 1 */
  95:Core/Src/tim.c **** 
  96:Core/Src/tim.c ****   /* USER CODE END TIM2_MspInit 1 */
  97:Core/Src/tim.c ****   }
  98:Core/Src/tim.c **** }
  60              		.loc 1 98 1 is_stmt 0 view .LVU10
  61 0022 02B0     		add	sp, sp, #8
  62              	.LCFI1:
  63              		.cfi_def_cfa_offset 0
  64              		@ sp needed
  65 0024 7047     		bx	lr
  66              		.cfi_endproc
  67              	.LFE66:
  69              		.section	.text.HAL_TIM_MspPostInit,"ax",%progbits
  70              		.align	1
  71              		.global	HAL_TIM_MspPostInit
  72              		.syntax unified
  73              		.thumb
  74              		.thumb_func
ARM GAS  C:\Users\user\AppData\Local\Temp\ccfVATb2.s 			page 4


  75              		.fpu softvfp
  77              	HAL_TIM_MspPostInit:
  78              	.LVL1:
  79              	.LFB67:
  99:Core/Src/tim.c **** void HAL_TIM_MspPostInit(TIM_HandleTypeDef* timHandle)
 100:Core/Src/tim.c **** {
  80              		.loc 1 100 1 is_stmt 1 view -0
  81              		.cfi_startproc
  82              		@ args = 0, pretend = 0, frame = 24
  83              		@ frame_needed = 0, uses_anonymous_args = 0
  84              		.loc 1 100 1 is_stmt 0 view .LVU12
  85 0000 00B5     		push	{lr}
  86              	.LCFI2:
  87              		.cfi_def_cfa_offset 4
  88              		.cfi_offset 14, -4
  89 0002 87B0     		sub	sp, sp, #28
  90              	.LCFI3:
  91              		.cfi_def_cfa_offset 32
 101:Core/Src/tim.c **** 
 102:Core/Src/tim.c ****   GPIO_InitTypeDef GPIO_InitStruct = {0};
  92              		.loc 1 102 3 is_stmt 1 view .LVU13
  93              		.loc 1 102 20 is_stmt 0 view .LVU14
  94 0004 0023     		movs	r3, #0
  95 0006 0293     		str	r3, [sp, #8]
  96 0008 0393     		str	r3, [sp, #12]
  97 000a 0493     		str	r3, [sp, #16]
  98 000c 0593     		str	r3, [sp, #20]
 103:Core/Src/tim.c ****   if(timHandle->Instance==TIM2)
  99              		.loc 1 103 3 is_stmt 1 view .LVU15
 100              		.loc 1 103 15 is_stmt 0 view .LVU16
 101 000e 0368     		ldr	r3, [r0]
 102              		.loc 1 103 5 view .LVU17
 103 0010 B3F1804F 		cmp	r3, #1073741824
 104 0014 02D0     		beq	.L11
 105              	.LVL2:
 106              	.L8:
 104:Core/Src/tim.c ****   {
 105:Core/Src/tim.c ****   /* USER CODE BEGIN TIM2_MspPostInit 0 */
 106:Core/Src/tim.c **** 
 107:Core/Src/tim.c ****   /* USER CODE END TIM2_MspPostInit 0 */
 108:Core/Src/tim.c **** 
 109:Core/Src/tim.c ****     __HAL_RCC_GPIOA_CLK_ENABLE();
 110:Core/Src/tim.c ****     /**TIM2 GPIO Configuration
 111:Core/Src/tim.c ****     PA1     ------> TIM2_CH2
 112:Core/Src/tim.c ****     */
 113:Core/Src/tim.c ****     GPIO_InitStruct.Pin = GPIO_PIN_1;
 114:Core/Src/tim.c ****     GPIO_InitStruct.Mode = GPIO_MODE_AF_PP;
 115:Core/Src/tim.c ****     GPIO_InitStruct.Speed = GPIO_SPEED_FREQ_LOW;
 116:Core/Src/tim.c ****     HAL_GPIO_Init(GPIOA, &GPIO_InitStruct);
 117:Core/Src/tim.c **** 
 118:Core/Src/tim.c ****   /* USER CODE BEGIN TIM2_MspPostInit 1 */
 119:Core/Src/tim.c **** 
 120:Core/Src/tim.c ****   /* USER CODE END TIM2_MspPostInit 1 */
 121:Core/Src/tim.c ****   }
 122:Core/Src/tim.c **** 
 123:Core/Src/tim.c **** }
 107              		.loc 1 123 1 view .LVU18
ARM GAS  C:\Users\user\AppData\Local\Temp\ccfVATb2.s 			page 5


 108 0016 07B0     		add	sp, sp, #28
 109              	.LCFI4:
 110              		.cfi_remember_state
 111              		.cfi_def_cfa_offset 4
 112              		@ sp needed
 113 0018 5DF804FB 		ldr	pc, [sp], #4
 114              	.LVL3:
 115              	.L11:
 116              	.LCFI5:
 117              		.cfi_restore_state
 109:Core/Src/tim.c ****     /**TIM2 GPIO Configuration
 118              		.loc 1 109 5 is_stmt 1 view .LVU19
 119              	.LBB3:
 109:Core/Src/tim.c ****     /**TIM2 GPIO Configuration
 120              		.loc 1 109 5 view .LVU20
 109:Core/Src/tim.c ****     /**TIM2 GPIO Configuration
 121              		.loc 1 109 5 view .LVU21
 122 001c 03F50433 		add	r3, r3, #135168
 123 0020 9A69     		ldr	r2, [r3, #24]
 124 0022 42F00402 		orr	r2, r2, #4
 125 0026 9A61     		str	r2, [r3, #24]
 109:Core/Src/tim.c ****     /**TIM2 GPIO Configuration
 126              		.loc 1 109 5 view .LVU22
 127 0028 9B69     		ldr	r3, [r3, #24]
 128 002a 03F00403 		and	r3, r3, #4
 129 002e 0193     		str	r3, [sp, #4]
 109:Core/Src/tim.c ****     /**TIM2 GPIO Configuration
 130              		.loc 1 109 5 view .LVU23
 131 0030 019B     		ldr	r3, [sp, #4]
 132              	.LBE3:
 113:Core/Src/tim.c ****     GPIO_InitStruct.Mode = GPIO_MODE_AF_PP;
 133              		.loc 1 113 5 view .LVU24
 113:Core/Src/tim.c ****     GPIO_InitStruct.Mode = GPIO_MODE_AF_PP;
 134              		.loc 1 113 25 is_stmt 0 view .LVU25
 135 0032 0223     		movs	r3, #2
 136 0034 0293     		str	r3, [sp, #8]
 114:Core/Src/tim.c ****     GPIO_InitStruct.Speed = GPIO_SPEED_FREQ_LOW;
 137              		.loc 1 114 5 is_stmt 1 view .LVU26
 114:Core/Src/tim.c ****     GPIO_InitStruct.Speed = GPIO_SPEED_FREQ_LOW;
 138              		.loc 1 114 26 is_stmt 0 view .LVU27
 139 0036 0393     		str	r3, [sp, #12]
 115:Core/Src/tim.c ****     HAL_GPIO_Init(GPIOA, &GPIO_InitStruct);
 140              		.loc 1 115 5 is_stmt 1 view .LVU28
 115:Core/Src/tim.c ****     HAL_GPIO_Init(GPIOA, &GPIO_InitStruct);
 141              		.loc 1 115 27 is_stmt 0 view .LVU29
 142 0038 0593     		str	r3, [sp, #20]
 116:Core/Src/tim.c **** 
 143              		.loc 1 116 5 is_stmt 1 view .LVU30
 144 003a 02A9     		add	r1, sp, #8
 145 003c 0148     		ldr	r0, .L12
 146              	.LVL4:
 116:Core/Src/tim.c **** 
 147              		.loc 1 116 5 is_stmt 0 view .LVU31
 148 003e FFF7FEFF 		bl	HAL_GPIO_Init
 149              	.LVL5:
 150              		.loc 1 123 1 view .LVU32
 151 0042 E8E7     		b	.L8
ARM GAS  C:\Users\user\AppData\Local\Temp\ccfVATb2.s 			page 6


 152              	.L13:
 153              		.align	2
 154              	.L12:
 155 0044 00080140 		.word	1073809408
 156              		.cfi_endproc
 157              	.LFE67:
 159              		.section	.text.MX_TIM2_Init,"ax",%progbits
 160              		.align	1
 161              		.global	MX_TIM2_Init
 162              		.syntax unified
 163              		.thumb
 164              		.thumb_func
 165              		.fpu softvfp
 167              	MX_TIM2_Init:
 168              	.LFB65:
  31:Core/Src/tim.c **** 
 169              		.loc 1 31 1 is_stmt 1 view -0
 170              		.cfi_startproc
 171              		@ args = 0, pretend = 0, frame = 56
 172              		@ frame_needed = 0, uses_anonymous_args = 0
 173 0000 00B5     		push	{lr}
 174              	.LCFI6:
 175              		.cfi_def_cfa_offset 4
 176              		.cfi_offset 14, -4
 177 0002 8FB0     		sub	sp, sp, #60
 178              	.LCFI7:
 179              		.cfi_def_cfa_offset 64
  37:Core/Src/tim.c ****   TIM_MasterConfigTypeDef sMasterConfig = {0};
 180              		.loc 1 37 3 view .LVU34
  37:Core/Src/tim.c ****   TIM_MasterConfigTypeDef sMasterConfig = {0};
 181              		.loc 1 37 26 is_stmt 0 view .LVU35
 182 0004 0023     		movs	r3, #0
 183 0006 0A93     		str	r3, [sp, #40]
 184 0008 0B93     		str	r3, [sp, #44]
 185 000a 0C93     		str	r3, [sp, #48]
 186 000c 0D93     		str	r3, [sp, #52]
  38:Core/Src/tim.c ****   TIM_OC_InitTypeDef sConfigOC = {0};
 187              		.loc 1 38 3 is_stmt 1 view .LVU36
  38:Core/Src/tim.c ****   TIM_OC_InitTypeDef sConfigOC = {0};
 188              		.loc 1 38 27 is_stmt 0 view .LVU37
 189 000e 0893     		str	r3, [sp, #32]
 190 0010 0993     		str	r3, [sp, #36]
  39:Core/Src/tim.c **** 
 191              		.loc 1 39 3 is_stmt 1 view .LVU38
  39:Core/Src/tim.c **** 
 192              		.loc 1 39 22 is_stmt 0 view .LVU39
 193 0012 0193     		str	r3, [sp, #4]
 194 0014 0293     		str	r3, [sp, #8]
 195 0016 0393     		str	r3, [sp, #12]
 196 0018 0493     		str	r3, [sp, #16]
 197 001a 0593     		str	r3, [sp, #20]
 198 001c 0693     		str	r3, [sp, #24]
 199 001e 0793     		str	r3, [sp, #28]
  44:Core/Src/tim.c ****   htim2.Init.Prescaler = 15;
 200              		.loc 1 44 3 is_stmt 1 view .LVU40
  44:Core/Src/tim.c ****   htim2.Init.Prescaler = 15;
 201              		.loc 1 44 18 is_stmt 0 view .LVU41
ARM GAS  C:\Users\user\AppData\Local\Temp\ccfVATb2.s 			page 7


 202 0020 2248     		ldr	r0, .L26
 203 0022 4FF08042 		mov	r2, #1073741824
 204 0026 0260     		str	r2, [r0]
  45:Core/Src/tim.c ****   htim2.Init.CounterMode = TIM_COUNTERMODE_UP;
 205              		.loc 1 45 3 is_stmt 1 view .LVU42
  45:Core/Src/tim.c ****   htim2.Init.CounterMode = TIM_COUNTERMODE_UP;
 206              		.loc 1 45 24 is_stmt 0 view .LVU43
 207 0028 0F22     		movs	r2, #15
 208 002a 4260     		str	r2, [r0, #4]
  46:Core/Src/tim.c ****   htim2.Init.Period = 9999;
 209              		.loc 1 46 3 is_stmt 1 view .LVU44
  46:Core/Src/tim.c ****   htim2.Init.Period = 9999;
 210              		.loc 1 46 26 is_stmt 0 view .LVU45
 211 002c 8360     		str	r3, [r0, #8]
  47:Core/Src/tim.c ****   htim2.Init.ClockDivision = TIM_CLOCKDIVISION_DIV1;
 212              		.loc 1 47 3 is_stmt 1 view .LVU46
  47:Core/Src/tim.c ****   htim2.Init.ClockDivision = TIM_CLOCKDIVISION_DIV1;
 213              		.loc 1 47 21 is_stmt 0 view .LVU47
 214 002e 42F20F72 		movw	r2, #9999
 215 0032 C260     		str	r2, [r0, #12]
  48:Core/Src/tim.c ****   htim2.Init.AutoReloadPreload = TIM_AUTORELOAD_PRELOAD_DISABLE;
 216              		.loc 1 48 3 is_stmt 1 view .LVU48
  48:Core/Src/tim.c ****   htim2.Init.AutoReloadPreload = TIM_AUTORELOAD_PRELOAD_DISABLE;
 217              		.loc 1 48 28 is_stmt 0 view .LVU49
 218 0034 0361     		str	r3, [r0, #16]
  49:Core/Src/tim.c ****   if (HAL_TIM_Base_Init(&htim2) != HAL_OK)
 219              		.loc 1 49 3 is_stmt 1 view .LVU50
  49:Core/Src/tim.c ****   if (HAL_TIM_Base_Init(&htim2) != HAL_OK)
 220              		.loc 1 49 32 is_stmt 0 view .LVU51
 221 0036 8361     		str	r3, [r0, #24]
  50:Core/Src/tim.c ****   {
 222              		.loc 1 50 3 is_stmt 1 view .LVU52
  50:Core/Src/tim.c ****   {
 223              		.loc 1 50 7 is_stmt 0 view .LVU53
 224 0038 FFF7FEFF 		bl	HAL_TIM_Base_Init
 225              	.LVL6:
  50:Core/Src/tim.c ****   {
 226              		.loc 1 50 6 view .LVU54
 227 003c 30BB     		cbnz	r0, .L21
 228              	.L15:
  54:Core/Src/tim.c ****   if (HAL_TIM_ConfigClockSource(&htim2, &sClockSourceConfig) != HAL_OK)
 229              		.loc 1 54 3 is_stmt 1 view .LVU55
  54:Core/Src/tim.c ****   if (HAL_TIM_ConfigClockSource(&htim2, &sClockSourceConfig) != HAL_OK)
 230              		.loc 1 54 34 is_stmt 0 view .LVU56
 231 003e 4FF48053 		mov	r3, #4096
 232 0042 0A93     		str	r3, [sp, #40]
  55:Core/Src/tim.c ****   {
 233              		.loc 1 55 3 is_stmt 1 view .LVU57
  55:Core/Src/tim.c ****   {
 234              		.loc 1 55 7 is_stmt 0 view .LVU58
 235 0044 0AA9     		add	r1, sp, #40
 236 0046 1948     		ldr	r0, .L26
 237 0048 FFF7FEFF 		bl	HAL_TIM_ConfigClockSource
 238              	.LVL7:
  55:Core/Src/tim.c ****   {
 239              		.loc 1 55 6 view .LVU59
 240 004c 08BB     		cbnz	r0, .L22
ARM GAS  C:\Users\user\AppData\Local\Temp\ccfVATb2.s 			page 8


 241              	.L16:
  59:Core/Src/tim.c ****   {
 242              		.loc 1 59 3 is_stmt 1 view .LVU60
  59:Core/Src/tim.c ****   {
 243              		.loc 1 59 7 is_stmt 0 view .LVU61
 244 004e 1748     		ldr	r0, .L26
 245 0050 FFF7FEFF 		bl	HAL_TIM_PWM_Init
 246              	.LVL8:
  59:Core/Src/tim.c ****   {
 247              		.loc 1 59 6 view .LVU62
 248 0054 00BB     		cbnz	r0, .L23
 249              	.L17:
  63:Core/Src/tim.c ****   sMasterConfig.MasterSlaveMode = TIM_MASTERSLAVEMODE_DISABLE;
 250              		.loc 1 63 3 is_stmt 1 view .LVU63
  63:Core/Src/tim.c ****   sMasterConfig.MasterSlaveMode = TIM_MASTERSLAVEMODE_DISABLE;
 251              		.loc 1 63 37 is_stmt 0 view .LVU64
 252 0056 0023     		movs	r3, #0
 253 0058 0893     		str	r3, [sp, #32]
  64:Core/Src/tim.c ****   if (HAL_TIMEx_MasterConfigSynchronization(&htim2, &sMasterConfig) != HAL_OK)
 254              		.loc 1 64 3 is_stmt 1 view .LVU65
  64:Core/Src/tim.c ****   if (HAL_TIMEx_MasterConfigSynchronization(&htim2, &sMasterConfig) != HAL_OK)
 255              		.loc 1 64 33 is_stmt 0 view .LVU66
 256 005a 0993     		str	r3, [sp, #36]
  65:Core/Src/tim.c ****   {
 257              		.loc 1 65 3 is_stmt 1 view .LVU67
  65:Core/Src/tim.c ****   {
 258              		.loc 1 65 7 is_stmt 0 view .LVU68
 259 005c 08A9     		add	r1, sp, #32
 260 005e 1348     		ldr	r0, .L26
 261 0060 FFF7FEFF 		bl	HAL_TIMEx_MasterConfigSynchronization
 262              	.LVL9:
  65:Core/Src/tim.c ****   {
 263              		.loc 1 65 6 view .LVU69
 264 0064 D8B9     		cbnz	r0, .L24
 265              	.L18:
  69:Core/Src/tim.c ****   sConfigOC.Pulse = 0;
 266              		.loc 1 69 3 is_stmt 1 view .LVU70
  69:Core/Src/tim.c ****   sConfigOC.Pulse = 0;
 267              		.loc 1 69 20 is_stmt 0 view .LVU71
 268 0066 6023     		movs	r3, #96
 269 0068 0193     		str	r3, [sp, #4]
  70:Core/Src/tim.c ****   sConfigOC.OCPolarity = TIM_OCPOLARITY_HIGH;
 270              		.loc 1 70 3 is_stmt 1 view .LVU72
  70:Core/Src/tim.c ****   sConfigOC.OCPolarity = TIM_OCPOLARITY_HIGH;
 271              		.loc 1 70 19 is_stmt 0 view .LVU73
 272 006a 0023     		movs	r3, #0
 273 006c 0293     		str	r3, [sp, #8]
  71:Core/Src/tim.c ****   sConfigOC.OCFastMode = TIM_OCFAST_DISABLE;
 274              		.loc 1 71 3 is_stmt 1 view .LVU74
  71:Core/Src/tim.c ****   sConfigOC.OCFastMode = TIM_OCFAST_DISABLE;
 275              		.loc 1 71 24 is_stmt 0 view .LVU75
 276 006e 0393     		str	r3, [sp, #12]
  72:Core/Src/tim.c ****   if (HAL_TIM_PWM_ConfigChannel(&htim2, &sConfigOC, TIM_CHANNEL_2) != HAL_OK)
 277              		.loc 1 72 3 is_stmt 1 view .LVU76
  72:Core/Src/tim.c ****   if (HAL_TIM_PWM_ConfigChannel(&htim2, &sConfigOC, TIM_CHANNEL_2) != HAL_OK)
 278              		.loc 1 72 24 is_stmt 0 view .LVU77
 279 0070 0593     		str	r3, [sp, #20]
ARM GAS  C:\Users\user\AppData\Local\Temp\ccfVATb2.s 			page 9


  73:Core/Src/tim.c ****   {
 280              		.loc 1 73 3 is_stmt 1 view .LVU78
  73:Core/Src/tim.c ****   {
 281              		.loc 1 73 7 is_stmt 0 view .LVU79
 282 0072 0422     		movs	r2, #4
 283 0074 0DEB0201 		add	r1, sp, r2
 284 0078 0C48     		ldr	r0, .L26
 285 007a FFF7FEFF 		bl	HAL_TIM_PWM_ConfigChannel
 286              	.LVL10:
  73:Core/Src/tim.c ****   {
 287              		.loc 1 73 6 view .LVU80
 288 007e 88B9     		cbnz	r0, .L25
 289              	.L19:
  80:Core/Src/tim.c **** 
 290              		.loc 1 80 3 is_stmt 1 view .LVU81
 291 0080 0A48     		ldr	r0, .L26
 292 0082 FFF7FEFF 		bl	HAL_TIM_MspPostInit
 293              	.LVL11:
  82:Core/Src/tim.c **** 
 294              		.loc 1 82 1 is_stmt 0 view .LVU82
 295 0086 0FB0     		add	sp, sp, #60
 296              	.LCFI8:
 297              		.cfi_remember_state
 298              		.cfi_def_cfa_offset 4
 299              		@ sp needed
 300 0088 5DF804FB 		ldr	pc, [sp], #4
 301              	.L21:
 302              	.LCFI9:
 303              		.cfi_restore_state
  52:Core/Src/tim.c ****   }
 304              		.loc 1 52 5 is_stmt 1 view .LVU83
 305 008c FFF7FEFF 		bl	Error_Handler
 306              	.LVL12:
 307 0090 D5E7     		b	.L15
 308              	.L22:
  57:Core/Src/tim.c ****   }
 309              		.loc 1 57 5 view .LVU84
 310 0092 FFF7FEFF 		bl	Error_Handler
 311              	.LVL13:
 312 0096 DAE7     		b	.L16
 313              	.L23:
  61:Core/Src/tim.c ****   }
 314              		.loc 1 61 5 view .LVU85
 315 0098 FFF7FEFF 		bl	Error_Handler
 316              	.LVL14:
 317 009c DBE7     		b	.L17
 318              	.L24:
  67:Core/Src/tim.c ****   }
 319              		.loc 1 67 5 view .LVU86
 320 009e FFF7FEFF 		bl	Error_Handler
 321              	.LVL15:
 322 00a2 E0E7     		b	.L18
 323              	.L25:
  75:Core/Src/tim.c ****   }
 324              		.loc 1 75 5 view .LVU87
 325 00a4 FFF7FEFF 		bl	Error_Handler
 326              	.LVL16:
ARM GAS  C:\Users\user\AppData\Local\Temp\ccfVATb2.s 			page 10


 327 00a8 EAE7     		b	.L19
 328              	.L27:
 329 00aa 00BF     		.align	2
 330              	.L26:
 331 00ac 00000000 		.word	htim2
 332              		.cfi_endproc
 333              	.LFE65:
 335              		.section	.text.HAL_TIM_Base_MspDeInit,"ax",%progbits
 336              		.align	1
 337              		.global	HAL_TIM_Base_MspDeInit
 338              		.syntax unified
 339              		.thumb
 340              		.thumb_func
 341              		.fpu softvfp
 343              	HAL_TIM_Base_MspDeInit:
 344              	.LVL17:
 345              	.LFB68:
 124:Core/Src/tim.c **** 
 125:Core/Src/tim.c **** void HAL_TIM_Base_MspDeInit(TIM_HandleTypeDef* tim_baseHandle)
 126:Core/Src/tim.c **** {
 346              		.loc 1 126 1 view -0
 347              		.cfi_startproc
 348              		@ args = 0, pretend = 0, frame = 0
 349              		@ frame_needed = 0, uses_anonymous_args = 0
 350              		@ link register save eliminated.
 127:Core/Src/tim.c **** 
 128:Core/Src/tim.c ****   if(tim_baseHandle->Instance==TIM2)
 351              		.loc 1 128 3 view .LVU89
 352              		.loc 1 128 20 is_stmt 0 view .LVU90
 353 0000 0368     		ldr	r3, [r0]
 354              		.loc 1 128 5 view .LVU91
 355 0002 B3F1804F 		cmp	r3, #1073741824
 356 0006 00D0     		beq	.L30
 357              	.L28:
 129:Core/Src/tim.c ****   {
 130:Core/Src/tim.c ****   /* USER CODE BEGIN TIM2_MspDeInit 0 */
 131:Core/Src/tim.c **** 
 132:Core/Src/tim.c ****   /* USER CODE END TIM2_MspDeInit 0 */
 133:Core/Src/tim.c ****     /* Peripheral clock disable */
 134:Core/Src/tim.c ****     __HAL_RCC_TIM2_CLK_DISABLE();
 135:Core/Src/tim.c ****   /* USER CODE BEGIN TIM2_MspDeInit 1 */
 136:Core/Src/tim.c **** 
 137:Core/Src/tim.c ****   /* USER CODE END TIM2_MspDeInit 1 */
 138:Core/Src/tim.c ****   }
 139:Core/Src/tim.c **** }
 358              		.loc 1 139 1 view .LVU92
 359 0008 7047     		bx	lr
 360              	.L30:
 134:Core/Src/tim.c ****   /* USER CODE BEGIN TIM2_MspDeInit 1 */
 361              		.loc 1 134 5 is_stmt 1 view .LVU93
 362 000a 034A     		ldr	r2, .L31
 363 000c D369     		ldr	r3, [r2, #28]
 364 000e 23F00103 		bic	r3, r3, #1
 365 0012 D361     		str	r3, [r2, #28]
 366              		.loc 1 139 1 is_stmt 0 view .LVU94
 367 0014 F8E7     		b	.L28
 368              	.L32:
ARM GAS  C:\Users\user\AppData\Local\Temp\ccfVATb2.s 			page 11


 369 0016 00BF     		.align	2
 370              	.L31:
 371 0018 00100240 		.word	1073876992
 372              		.cfi_endproc
 373              	.LFE68:
 375              		.comm	htim2,72,4
 376              		.text
 377              	.Letext0:
 378              		.file 2 "c:\\program files (x86)\\gnu tools arm embedded\\8 2019-q3-update\\arm-none-eabi\\include
 379              		.file 3 "c:\\program files (x86)\\gnu tools arm embedded\\8 2019-q3-update\\arm-none-eabi\\include
 380              		.file 4 "Drivers/CMSIS/Include/core_cm3.h"
 381              		.file 5 "Drivers/CMSIS/Device/ST/STM32F1xx/Include/system_stm32f1xx.h"
 382              		.file 6 "Drivers/CMSIS/Device/ST/STM32F1xx/Include/stm32f103xb.h"
 383              		.file 7 "Drivers/STM32F1xx_HAL_Driver/Inc/stm32f1xx_hal_def.h"
 384              		.file 8 "Drivers/STM32F1xx_HAL_Driver/Inc/stm32f1xx_hal_gpio.h"
 385              		.file 9 "Drivers/STM32F1xx_HAL_Driver/Inc/stm32f1xx_hal_dma.h"
 386              		.file 10 "Drivers/STM32F1xx_HAL_Driver/Inc/stm32f1xx_hal_tim.h"
 387              		.file 11 "Drivers/STM32F1xx_HAL_Driver/Inc/stm32f1xx_hal.h"
 388              		.file 12 "Core/Inc/tim.h"
 389              		.file 13 "Drivers/STM32F1xx_HAL_Driver/Inc/stm32f1xx_hal_tim_ex.h"
 390              		.file 14 "Core/Inc/main.h"
ARM GAS  C:\Users\user\AppData\Local\Temp\ccfVATb2.s 			page 12


DEFINED SYMBOLS
                            *ABS*:00000000 tim.c
C:\Users\user\AppData\Local\Temp\ccfVATb2.s:16     .text.HAL_TIM_Base_MspInit:00000000 $t
C:\Users\user\AppData\Local\Temp\ccfVATb2.s:24     .text.HAL_TIM_Base_MspInit:00000000 HAL_TIM_Base_MspInit
C:\Users\user\AppData\Local\Temp\ccfVATb2.s:70     .text.HAL_TIM_MspPostInit:00000000 $t
C:\Users\user\AppData\Local\Temp\ccfVATb2.s:77     .text.HAL_TIM_MspPostInit:00000000 HAL_TIM_MspPostInit
C:\Users\user\AppData\Local\Temp\ccfVATb2.s:155    .text.HAL_TIM_MspPostInit:00000044 $d
C:\Users\user\AppData\Local\Temp\ccfVATb2.s:160    .text.MX_TIM2_Init:00000000 $t
C:\Users\user\AppData\Local\Temp\ccfVATb2.s:167    .text.MX_TIM2_Init:00000000 MX_TIM2_Init
C:\Users\user\AppData\Local\Temp\ccfVATb2.s:331    .text.MX_TIM2_Init:000000ac $d
                            *COM*:00000048 htim2
C:\Users\user\AppData\Local\Temp\ccfVATb2.s:336    .text.HAL_TIM_Base_MspDeInit:00000000 $t
C:\Users\user\AppData\Local\Temp\ccfVATb2.s:343    .text.HAL_TIM_Base_MspDeInit:00000000 HAL_TIM_Base_MspDeInit
C:\Users\user\AppData\Local\Temp\ccfVATb2.s:371    .text.HAL_TIM_Base_MspDeInit:00000018 $d

UNDEFINED SYMBOLS
HAL_GPIO_Init
HAL_TIM_Base_Init
HAL_TIM_ConfigClockSource
HAL_TIM_PWM_Init
HAL_TIMEx_MasterConfigSynchronization
HAL_TIM_PWM_ConfigChannel
Error_Handler
