ARM GAS  C:\Users\user\AppData\Local\Temp\cc4mFuR3.s 			page 1


   1              		.cpu cortex-m3
   2              		.eabi_attribute 20, 1
   3              		.eabi_attribute 21, 1
   4              		.eabi_attribute 23, 3
   5              		.eabi_attribute 24, 1
   6              		.eabi_attribute 25, 1
   7              		.eabi_attribute 26, 1
   8              		.eabi_attribute 30, 1
   9              		.eabi_attribute 34, 1
  10              		.eabi_attribute 18, 4
  11              		.file	"main.c"
  12              		.text
  13              	.Ltext0:
  14              		.cfi_sections	.debug_frame
  15              		.section	.text.HAL_TIM_PeriodElapsedCallback,"ax",%progbits
  16              		.align	1
  17              		.global	HAL_TIM_PeriodElapsedCallback
  18              		.arch armv7-m
  19              		.syntax unified
  20              		.thumb
  21              		.thumb_func
  22              		.fpu softvfp
  24              	HAL_TIM_PeriodElapsedCallback:
  25              	.LVL0:
  26              	.LFB71:
  27              		.file 1 "Core/Src/main.c"
   1:Core/Src/main.c **** /* USER CODE BEGIN Header */
   2:Core/Src/main.c **** /**
   3:Core/Src/main.c ****   ******************************************************************************
   4:Core/Src/main.c ****   * @file           : main.c
   5:Core/Src/main.c ****   * @brief          : Main program body
   6:Core/Src/main.c ****   ******************************************************************************
   7:Core/Src/main.c ****   * @attention
   8:Core/Src/main.c ****   *
   9:Core/Src/main.c ****   * <h2><center>&copy; Copyright (c) 2021 STMicroelectronics.
  10:Core/Src/main.c ****   * All rights reserved.</center></h2>
  11:Core/Src/main.c ****   *
  12:Core/Src/main.c ****   * This software component is licensed by ST under Ultimate Liberty license
  13:Core/Src/main.c ****   * SLA0044, the "License"; You may not use this file except in compliance with
  14:Core/Src/main.c ****   * the License. You may obtain a copy of the License at:
  15:Core/Src/main.c ****   *                             www.st.com/SLA0044
  16:Core/Src/main.c ****   *
  17:Core/Src/main.c ****   ******************************************************************************
  18:Core/Src/main.c ****   */
  19:Core/Src/main.c **** /* USER CODE END Header */
  20:Core/Src/main.c **** /* Includes ------------------------------------------------------------------*/
  21:Core/Src/main.c **** #include "main.h"
  22:Core/Src/main.c **** #include "cmsis_os.h"
  23:Core/Src/main.c **** #include "gpio.h"
  24:Core/Src/main.c **** 
  25:Core/Src/main.c **** /* Private includes ----------------------------------------------------------*/
  26:Core/Src/main.c **** /* USER CODE BEGIN Includes */
  27:Core/Src/main.c **** 
  28:Core/Src/main.c **** /* USER CODE END Includes */
  29:Core/Src/main.c **** 
  30:Core/Src/main.c **** /* Private typedef -----------------------------------------------------------*/
  31:Core/Src/main.c **** /* USER CODE BEGIN PTD */
ARM GAS  C:\Users\user\AppData\Local\Temp\cc4mFuR3.s 			page 2


  32:Core/Src/main.c **** 
  33:Core/Src/main.c **** /* USER CODE END PTD */
  34:Core/Src/main.c **** 
  35:Core/Src/main.c **** /* Private define ------------------------------------------------------------*/
  36:Core/Src/main.c **** /* USER CODE BEGIN PD */
  37:Core/Src/main.c **** /* USER CODE END PD */
  38:Core/Src/main.c **** 
  39:Core/Src/main.c **** /* Private macro -------------------------------------------------------------*/
  40:Core/Src/main.c **** /* USER CODE BEGIN PM */
  41:Core/Src/main.c **** 
  42:Core/Src/main.c **** /* USER CODE END PM */
  43:Core/Src/main.c **** 
  44:Core/Src/main.c **** /* Private variables ---------------------------------------------------------*/
  45:Core/Src/main.c **** 
  46:Core/Src/main.c **** /* USER CODE BEGIN PV */
  47:Core/Src/main.c **** 
  48:Core/Src/main.c **** /* USER CODE END PV */
  49:Core/Src/main.c **** 
  50:Core/Src/main.c **** /* Private function prototypes -----------------------------------------------*/
  51:Core/Src/main.c **** void SystemClock_Config(void);
  52:Core/Src/main.c **** void MX_FREERTOS_Init(void);
  53:Core/Src/main.c **** /* USER CODE BEGIN PFP */
  54:Core/Src/main.c **** 
  55:Core/Src/main.c **** /* USER CODE END PFP */
  56:Core/Src/main.c **** 
  57:Core/Src/main.c **** /* Private user code ---------------------------------------------------------*/
  58:Core/Src/main.c **** /* USER CODE BEGIN 0 */
  59:Core/Src/main.c **** 
  60:Core/Src/main.c **** /* USER CODE END 0 */
  61:Core/Src/main.c **** 
  62:Core/Src/main.c **** /**
  63:Core/Src/main.c ****   * @brief  The application entry point.
  64:Core/Src/main.c ****   * @retval int
  65:Core/Src/main.c ****   */
  66:Core/Src/main.c **** int main(void)
  67:Core/Src/main.c **** {
  68:Core/Src/main.c ****   /* USER CODE BEGIN 1 */
  69:Core/Src/main.c **** 
  70:Core/Src/main.c ****   /* USER CODE END 1 */
  71:Core/Src/main.c **** 
  72:Core/Src/main.c ****   /* MCU Configuration--------------------------------------------------------*/
  73:Core/Src/main.c **** 
  74:Core/Src/main.c ****   /* Reset of all peripherals, Initializes the Flash interface and the Systick. */
  75:Core/Src/main.c ****   HAL_Init();
  76:Core/Src/main.c **** 
  77:Core/Src/main.c ****   /* USER CODE BEGIN Init */
  78:Core/Src/main.c **** 
  79:Core/Src/main.c ****   /* USER CODE END Init */
  80:Core/Src/main.c **** 
  81:Core/Src/main.c ****   /* Configure the system clock */
  82:Core/Src/main.c ****   SystemClock_Config();
  83:Core/Src/main.c **** 
  84:Core/Src/main.c ****   /* USER CODE BEGIN SysInit */
  85:Core/Src/main.c **** 
  86:Core/Src/main.c ****   /* USER CODE END SysInit */
  87:Core/Src/main.c **** 
  88:Core/Src/main.c ****   /* Initialize all configured peripherals */
ARM GAS  C:\Users\user\AppData\Local\Temp\cc4mFuR3.s 			page 3


  89:Core/Src/main.c ****   MX_GPIO_Init();
  90:Core/Src/main.c ****   /* USER CODE BEGIN 2 */
  91:Core/Src/main.c **** 
  92:Core/Src/main.c ****   /* USER CODE END 2 */
  93:Core/Src/main.c **** 
  94:Core/Src/main.c ****   /* Init scheduler */
  95:Core/Src/main.c ****   osKernelInitialize();  /* Call init function for freertos objects (in freertos.c) */
  96:Core/Src/main.c ****   MX_FREERTOS_Init();
  97:Core/Src/main.c ****   /* Start scheduler */
  98:Core/Src/main.c ****   osKernelStart();
  99:Core/Src/main.c **** 
 100:Core/Src/main.c ****   /* We should never get here as control is now taken by the scheduler */
 101:Core/Src/main.c ****   /* Infinite loop */
 102:Core/Src/main.c ****   /* USER CODE BEGIN WHILE */
 103:Core/Src/main.c ****   while (1)
 104:Core/Src/main.c ****   {
 105:Core/Src/main.c ****     /* USER CODE END WHILE */
 106:Core/Src/main.c **** 
 107:Core/Src/main.c ****     /* USER CODE BEGIN 3 */
 108:Core/Src/main.c ****   }
 109:Core/Src/main.c ****   /* USER CODE END 3 */
 110:Core/Src/main.c **** }
 111:Core/Src/main.c **** 
 112:Core/Src/main.c **** /**
 113:Core/Src/main.c ****   * @brief System Clock Configuration
 114:Core/Src/main.c ****   * @retval None
 115:Core/Src/main.c ****   */
 116:Core/Src/main.c **** void SystemClock_Config(void)
 117:Core/Src/main.c **** {
 118:Core/Src/main.c ****   RCC_OscInitTypeDef RCC_OscInitStruct = {0};
 119:Core/Src/main.c ****   RCC_ClkInitTypeDef RCC_ClkInitStruct = {0};
 120:Core/Src/main.c **** 
 121:Core/Src/main.c ****   /** Initializes the RCC Oscillators according to the specified parameters
 122:Core/Src/main.c ****   * in the RCC_OscInitTypeDef structure.
 123:Core/Src/main.c ****   */
 124:Core/Src/main.c ****   RCC_OscInitStruct.OscillatorType = RCC_OSCILLATORTYPE_HSI;
 125:Core/Src/main.c ****   RCC_OscInitStruct.HSIState = RCC_HSI_ON;
 126:Core/Src/main.c ****   RCC_OscInitStruct.HSICalibrationValue = RCC_HSICALIBRATION_DEFAULT;
 127:Core/Src/main.c ****   RCC_OscInitStruct.PLL.PLLState = RCC_PLL_NONE;
 128:Core/Src/main.c ****   if (HAL_RCC_OscConfig(&RCC_OscInitStruct) != HAL_OK)
 129:Core/Src/main.c ****   {
 130:Core/Src/main.c ****     Error_Handler();
 131:Core/Src/main.c ****   }
 132:Core/Src/main.c ****   /** Initializes the CPU, AHB and APB buses clocks
 133:Core/Src/main.c ****   */
 134:Core/Src/main.c ****   RCC_ClkInitStruct.ClockType = RCC_CLOCKTYPE_HCLK|RCC_CLOCKTYPE_SYSCLK
 135:Core/Src/main.c ****                               |RCC_CLOCKTYPE_PCLK1|RCC_CLOCKTYPE_PCLK2;
 136:Core/Src/main.c ****   RCC_ClkInitStruct.SYSCLKSource = RCC_SYSCLKSOURCE_HSI;
 137:Core/Src/main.c ****   RCC_ClkInitStruct.AHBCLKDivider = RCC_SYSCLK_DIV1;
 138:Core/Src/main.c ****   RCC_ClkInitStruct.APB1CLKDivider = RCC_HCLK_DIV1;
 139:Core/Src/main.c ****   RCC_ClkInitStruct.APB2CLKDivider = RCC_HCLK_DIV1;
 140:Core/Src/main.c **** 
 141:Core/Src/main.c ****   if (HAL_RCC_ClockConfig(&RCC_ClkInitStruct, FLASH_LATENCY_0) != HAL_OK)
 142:Core/Src/main.c ****   {
 143:Core/Src/main.c ****     Error_Handler();
 144:Core/Src/main.c ****   }
 145:Core/Src/main.c **** }
ARM GAS  C:\Users\user\AppData\Local\Temp\cc4mFuR3.s 			page 4


 146:Core/Src/main.c **** 
 147:Core/Src/main.c **** /* USER CODE BEGIN 4 */
 148:Core/Src/main.c **** 
 149:Core/Src/main.c **** /* USER CODE END 4 */
 150:Core/Src/main.c **** 
 151:Core/Src/main.c **** /**
 152:Core/Src/main.c ****   * @brief  Period elapsed callback in non blocking mode
 153:Core/Src/main.c ****   * @note   This function is called  when TIM4 interrupt took place, inside
 154:Core/Src/main.c ****   * HAL_TIM_IRQHandler(). It makes a direct call to HAL_IncTick() to increment
 155:Core/Src/main.c ****   * a global variable "uwTick" used as application time base.
 156:Core/Src/main.c ****   * @param  htim : TIM handle
 157:Core/Src/main.c ****   * @retval None
 158:Core/Src/main.c ****   */
 159:Core/Src/main.c **** void HAL_TIM_PeriodElapsedCallback(TIM_HandleTypeDef *htim)
 160:Core/Src/main.c **** {
  28              		.loc 1 160 1 view -0
  29              		.cfi_startproc
  30              		@ args = 0, pretend = 0, frame = 0
  31              		@ frame_needed = 0, uses_anonymous_args = 0
  32              		.loc 1 160 1 is_stmt 0 view .LVU1
  33 0000 08B5     		push	{r3, lr}
  34              	.LCFI0:
  35              		.cfi_def_cfa_offset 8
  36              		.cfi_offset 3, -8
  37              		.cfi_offset 14, -4
 161:Core/Src/main.c ****   /* USER CODE BEGIN Callback 0 */
 162:Core/Src/main.c **** 
 163:Core/Src/main.c ****   /* USER CODE END Callback 0 */
 164:Core/Src/main.c ****   if (htim->Instance == TIM4) {
  38              		.loc 1 164 3 is_stmt 1 view .LVU2
  39              		.loc 1 164 11 is_stmt 0 view .LVU3
  40 0002 0268     		ldr	r2, [r0]
  41              		.loc 1 164 6 view .LVU4
  42 0004 034B     		ldr	r3, .L5
  43 0006 9A42     		cmp	r2, r3
  44 0008 00D0     		beq	.L4
  45              	.LVL1:
  46              	.L1:
 165:Core/Src/main.c ****     HAL_IncTick();
 166:Core/Src/main.c ****   }
 167:Core/Src/main.c ****   /* USER CODE BEGIN Callback 1 */
 168:Core/Src/main.c **** 
 169:Core/Src/main.c ****   /* USER CODE END Callback 1 */
 170:Core/Src/main.c **** }
  47              		.loc 1 170 1 view .LVU5
  48 000a 08BD     		pop	{r3, pc}
  49              	.LVL2:
  50              	.L4:
 165:Core/Src/main.c ****     HAL_IncTick();
  51              		.loc 1 165 5 is_stmt 1 view .LVU6
  52 000c FFF7FEFF 		bl	HAL_IncTick
  53              	.LVL3:
  54              		.loc 1 170 1 is_stmt 0 view .LVU7
  55 0010 FBE7     		b	.L1
  56              	.L6:
  57 0012 00BF     		.align	2
  58              	.L5:
ARM GAS  C:\Users\user\AppData\Local\Temp\cc4mFuR3.s 			page 5


  59 0014 00080040 		.word	1073743872
  60              		.cfi_endproc
  61              	.LFE71:
  63              		.section	.text.Error_Handler,"ax",%progbits
  64              		.align	1
  65              		.global	Error_Handler
  66              		.syntax unified
  67              		.thumb
  68              		.thumb_func
  69              		.fpu softvfp
  71              	Error_Handler:
  72              	.LFB72:
 171:Core/Src/main.c **** 
 172:Core/Src/main.c **** /**
 173:Core/Src/main.c ****   * @brief  This function is executed in case of error occurrence.
 174:Core/Src/main.c ****   * @retval None
 175:Core/Src/main.c ****   */
 176:Core/Src/main.c **** void Error_Handler(void)
 177:Core/Src/main.c **** {
  73              		.loc 1 177 1 is_stmt 1 view -0
  74              		.cfi_startproc
  75              		@ Volatile: function does not return.
  76              		@ args = 0, pretend = 0, frame = 0
  77              		@ frame_needed = 0, uses_anonymous_args = 0
  78              		@ link register save eliminated.
 178:Core/Src/main.c ****   /* USER CODE BEGIN Error_Handler_Debug */
 179:Core/Src/main.c ****   /* User can add his own implementation to report the HAL error return state */
 180:Core/Src/main.c ****   __disable_irq();
  79              		.loc 1 180 3 view .LVU9
  80              	.LBB4:
  81              	.LBI4:
  82              		.file 2 "Drivers/CMSIS/Include/cmsis_gcc.h"
   1:Drivers/CMSIS/Include/cmsis_gcc.h **** /**************************************************************************//**
   2:Drivers/CMSIS/Include/cmsis_gcc.h ****  * @file     cmsis_gcc.h
   3:Drivers/CMSIS/Include/cmsis_gcc.h ****  * @brief    CMSIS compiler GCC header file
   4:Drivers/CMSIS/Include/cmsis_gcc.h ****  * @version  V5.0.4
   5:Drivers/CMSIS/Include/cmsis_gcc.h ****  * @date     09. April 2018
   6:Drivers/CMSIS/Include/cmsis_gcc.h ****  ******************************************************************************/
   7:Drivers/CMSIS/Include/cmsis_gcc.h **** /*
   8:Drivers/CMSIS/Include/cmsis_gcc.h ****  * Copyright (c) 2009-2018 Arm Limited. All rights reserved.
   9:Drivers/CMSIS/Include/cmsis_gcc.h ****  *
  10:Drivers/CMSIS/Include/cmsis_gcc.h ****  * SPDX-License-Identifier: Apache-2.0
  11:Drivers/CMSIS/Include/cmsis_gcc.h ****  *
  12:Drivers/CMSIS/Include/cmsis_gcc.h ****  * Licensed under the Apache License, Version 2.0 (the License); you may
  13:Drivers/CMSIS/Include/cmsis_gcc.h ****  * not use this file except in compliance with the License.
  14:Drivers/CMSIS/Include/cmsis_gcc.h ****  * You may obtain a copy of the License at
  15:Drivers/CMSIS/Include/cmsis_gcc.h ****  *
  16:Drivers/CMSIS/Include/cmsis_gcc.h ****  * www.apache.org/licenses/LICENSE-2.0
  17:Drivers/CMSIS/Include/cmsis_gcc.h ****  *
  18:Drivers/CMSIS/Include/cmsis_gcc.h ****  * Unless required by applicable law or agreed to in writing, software
  19:Drivers/CMSIS/Include/cmsis_gcc.h ****  * distributed under the License is distributed on an AS IS BASIS, WITHOUT
  20:Drivers/CMSIS/Include/cmsis_gcc.h ****  * WARRANTIES OR CONDITIONS OF ANY KIND, either express or implied.
  21:Drivers/CMSIS/Include/cmsis_gcc.h ****  * See the License for the specific language governing permissions and
  22:Drivers/CMSIS/Include/cmsis_gcc.h ****  * limitations under the License.
  23:Drivers/CMSIS/Include/cmsis_gcc.h ****  */
  24:Drivers/CMSIS/Include/cmsis_gcc.h **** 
  25:Drivers/CMSIS/Include/cmsis_gcc.h **** #ifndef __CMSIS_GCC_H
ARM GAS  C:\Users\user\AppData\Local\Temp\cc4mFuR3.s 			page 6


  26:Drivers/CMSIS/Include/cmsis_gcc.h **** #define __CMSIS_GCC_H
  27:Drivers/CMSIS/Include/cmsis_gcc.h **** 
  28:Drivers/CMSIS/Include/cmsis_gcc.h **** /* ignore some GCC warnings */
  29:Drivers/CMSIS/Include/cmsis_gcc.h **** #pragma GCC diagnostic push
  30:Drivers/CMSIS/Include/cmsis_gcc.h **** #pragma GCC diagnostic ignored "-Wsign-conversion"
  31:Drivers/CMSIS/Include/cmsis_gcc.h **** #pragma GCC diagnostic ignored "-Wconversion"
  32:Drivers/CMSIS/Include/cmsis_gcc.h **** #pragma GCC diagnostic ignored "-Wunused-parameter"
  33:Drivers/CMSIS/Include/cmsis_gcc.h **** 
  34:Drivers/CMSIS/Include/cmsis_gcc.h **** /* Fallback for __has_builtin */
  35:Drivers/CMSIS/Include/cmsis_gcc.h **** #ifndef __has_builtin
  36:Drivers/CMSIS/Include/cmsis_gcc.h ****   #define __has_builtin(x) (0)
  37:Drivers/CMSIS/Include/cmsis_gcc.h **** #endif
  38:Drivers/CMSIS/Include/cmsis_gcc.h **** 
  39:Drivers/CMSIS/Include/cmsis_gcc.h **** /* CMSIS compiler specific defines */
  40:Drivers/CMSIS/Include/cmsis_gcc.h **** #ifndef   __ASM
  41:Drivers/CMSIS/Include/cmsis_gcc.h ****   #define __ASM                                  __asm
  42:Drivers/CMSIS/Include/cmsis_gcc.h **** #endif
  43:Drivers/CMSIS/Include/cmsis_gcc.h **** #ifndef   __INLINE
  44:Drivers/CMSIS/Include/cmsis_gcc.h ****   #define __INLINE                               inline
  45:Drivers/CMSIS/Include/cmsis_gcc.h **** #endif
  46:Drivers/CMSIS/Include/cmsis_gcc.h **** #ifndef   __STATIC_INLINE
  47:Drivers/CMSIS/Include/cmsis_gcc.h ****   #define __STATIC_INLINE                        static inline
  48:Drivers/CMSIS/Include/cmsis_gcc.h **** #endif
  49:Drivers/CMSIS/Include/cmsis_gcc.h **** #ifndef   __STATIC_FORCEINLINE                 
  50:Drivers/CMSIS/Include/cmsis_gcc.h ****   #define __STATIC_FORCEINLINE                   __attribute__((always_inline)) static inline
  51:Drivers/CMSIS/Include/cmsis_gcc.h **** #endif                                           
  52:Drivers/CMSIS/Include/cmsis_gcc.h **** #ifndef   __NO_RETURN
  53:Drivers/CMSIS/Include/cmsis_gcc.h ****   #define __NO_RETURN                            __attribute__((__noreturn__))
  54:Drivers/CMSIS/Include/cmsis_gcc.h **** #endif
  55:Drivers/CMSIS/Include/cmsis_gcc.h **** #ifndef   __USED
  56:Drivers/CMSIS/Include/cmsis_gcc.h ****   #define __USED                                 __attribute__((used))
  57:Drivers/CMSIS/Include/cmsis_gcc.h **** #endif
  58:Drivers/CMSIS/Include/cmsis_gcc.h **** #ifndef   __WEAK
  59:Drivers/CMSIS/Include/cmsis_gcc.h ****   #define __WEAK                                 __attribute__((weak))
  60:Drivers/CMSIS/Include/cmsis_gcc.h **** #endif
  61:Drivers/CMSIS/Include/cmsis_gcc.h **** #ifndef   __PACKED
  62:Drivers/CMSIS/Include/cmsis_gcc.h ****   #define __PACKED                               __attribute__((packed, aligned(1)))
  63:Drivers/CMSIS/Include/cmsis_gcc.h **** #endif
  64:Drivers/CMSIS/Include/cmsis_gcc.h **** #ifndef   __PACKED_STRUCT
  65:Drivers/CMSIS/Include/cmsis_gcc.h ****   #define __PACKED_STRUCT                        struct __attribute__((packed, aligned(1)))
  66:Drivers/CMSIS/Include/cmsis_gcc.h **** #endif
  67:Drivers/CMSIS/Include/cmsis_gcc.h **** #ifndef   __PACKED_UNION
  68:Drivers/CMSIS/Include/cmsis_gcc.h ****   #define __PACKED_UNION                         union __attribute__((packed, aligned(1)))
  69:Drivers/CMSIS/Include/cmsis_gcc.h **** #endif
  70:Drivers/CMSIS/Include/cmsis_gcc.h **** #ifndef   __UNALIGNED_UINT32        /* deprecated */
  71:Drivers/CMSIS/Include/cmsis_gcc.h ****   #pragma GCC diagnostic push
  72:Drivers/CMSIS/Include/cmsis_gcc.h ****   #pragma GCC diagnostic ignored "-Wpacked"
  73:Drivers/CMSIS/Include/cmsis_gcc.h ****   #pragma GCC diagnostic ignored "-Wattributes"
  74:Drivers/CMSIS/Include/cmsis_gcc.h ****   struct __attribute__((packed)) T_UINT32 { uint32_t v; };
  75:Drivers/CMSIS/Include/cmsis_gcc.h ****   #pragma GCC diagnostic pop
  76:Drivers/CMSIS/Include/cmsis_gcc.h ****   #define __UNALIGNED_UINT32(x)                  (((struct T_UINT32 *)(x))->v)
  77:Drivers/CMSIS/Include/cmsis_gcc.h **** #endif
  78:Drivers/CMSIS/Include/cmsis_gcc.h **** #ifndef   __UNALIGNED_UINT16_WRITE
  79:Drivers/CMSIS/Include/cmsis_gcc.h ****   #pragma GCC diagnostic push
  80:Drivers/CMSIS/Include/cmsis_gcc.h ****   #pragma GCC diagnostic ignored "-Wpacked"
  81:Drivers/CMSIS/Include/cmsis_gcc.h ****   #pragma GCC diagnostic ignored "-Wattributes"
  82:Drivers/CMSIS/Include/cmsis_gcc.h ****   __PACKED_STRUCT T_UINT16_WRITE { uint16_t v; };
ARM GAS  C:\Users\user\AppData\Local\Temp\cc4mFuR3.s 			page 7


  83:Drivers/CMSIS/Include/cmsis_gcc.h ****   #pragma GCC diagnostic pop
  84:Drivers/CMSIS/Include/cmsis_gcc.h ****   #define __UNALIGNED_UINT16_WRITE(addr, val)    (void)((((struct T_UINT16_WRITE *)(void *)(addr))-
  85:Drivers/CMSIS/Include/cmsis_gcc.h **** #endif
  86:Drivers/CMSIS/Include/cmsis_gcc.h **** #ifndef   __UNALIGNED_UINT16_READ
  87:Drivers/CMSIS/Include/cmsis_gcc.h ****   #pragma GCC diagnostic push
  88:Drivers/CMSIS/Include/cmsis_gcc.h ****   #pragma GCC diagnostic ignored "-Wpacked"
  89:Drivers/CMSIS/Include/cmsis_gcc.h ****   #pragma GCC diagnostic ignored "-Wattributes"
  90:Drivers/CMSIS/Include/cmsis_gcc.h ****   __PACKED_STRUCT T_UINT16_READ { uint16_t v; };
  91:Drivers/CMSIS/Include/cmsis_gcc.h ****   #pragma GCC diagnostic pop
  92:Drivers/CMSIS/Include/cmsis_gcc.h ****   #define __UNALIGNED_UINT16_READ(addr)          (((const struct T_UINT16_READ *)(const void *)(add
  93:Drivers/CMSIS/Include/cmsis_gcc.h **** #endif
  94:Drivers/CMSIS/Include/cmsis_gcc.h **** #ifndef   __UNALIGNED_UINT32_WRITE
  95:Drivers/CMSIS/Include/cmsis_gcc.h ****   #pragma GCC diagnostic push
  96:Drivers/CMSIS/Include/cmsis_gcc.h ****   #pragma GCC diagnostic ignored "-Wpacked"
  97:Drivers/CMSIS/Include/cmsis_gcc.h ****   #pragma GCC diagnostic ignored "-Wattributes"
  98:Drivers/CMSIS/Include/cmsis_gcc.h ****   __PACKED_STRUCT T_UINT32_WRITE { uint32_t v; };
  99:Drivers/CMSIS/Include/cmsis_gcc.h ****   #pragma GCC diagnostic pop
 100:Drivers/CMSIS/Include/cmsis_gcc.h ****   #define __UNALIGNED_UINT32_WRITE(addr, val)    (void)((((struct T_UINT32_WRITE *)(void *)(addr))-
 101:Drivers/CMSIS/Include/cmsis_gcc.h **** #endif
 102:Drivers/CMSIS/Include/cmsis_gcc.h **** #ifndef   __UNALIGNED_UINT32_READ
 103:Drivers/CMSIS/Include/cmsis_gcc.h ****   #pragma GCC diagnostic push
 104:Drivers/CMSIS/Include/cmsis_gcc.h ****   #pragma GCC diagnostic ignored "-Wpacked"
 105:Drivers/CMSIS/Include/cmsis_gcc.h ****   #pragma GCC diagnostic ignored "-Wattributes"
 106:Drivers/CMSIS/Include/cmsis_gcc.h ****   __PACKED_STRUCT T_UINT32_READ { uint32_t v; };
 107:Drivers/CMSIS/Include/cmsis_gcc.h ****   #pragma GCC diagnostic pop
 108:Drivers/CMSIS/Include/cmsis_gcc.h ****   #define __UNALIGNED_UINT32_READ(addr)          (((const struct T_UINT32_READ *)(const void *)(add
 109:Drivers/CMSIS/Include/cmsis_gcc.h **** #endif
 110:Drivers/CMSIS/Include/cmsis_gcc.h **** #ifndef   __ALIGNED
 111:Drivers/CMSIS/Include/cmsis_gcc.h ****   #define __ALIGNED(x)                           __attribute__((aligned(x)))
 112:Drivers/CMSIS/Include/cmsis_gcc.h **** #endif
 113:Drivers/CMSIS/Include/cmsis_gcc.h **** #ifndef   __RESTRICT
 114:Drivers/CMSIS/Include/cmsis_gcc.h ****   #define __RESTRICT                             __restrict
 115:Drivers/CMSIS/Include/cmsis_gcc.h **** #endif
 116:Drivers/CMSIS/Include/cmsis_gcc.h **** 
 117:Drivers/CMSIS/Include/cmsis_gcc.h **** 
 118:Drivers/CMSIS/Include/cmsis_gcc.h **** /* ###########################  Core Function Access  ########################### */
 119:Drivers/CMSIS/Include/cmsis_gcc.h **** /** \ingroup  CMSIS_Core_FunctionInterface
 120:Drivers/CMSIS/Include/cmsis_gcc.h ****     \defgroup CMSIS_Core_RegAccFunctions CMSIS Core Register Access Functions
 121:Drivers/CMSIS/Include/cmsis_gcc.h ****   @{
 122:Drivers/CMSIS/Include/cmsis_gcc.h ****  */
 123:Drivers/CMSIS/Include/cmsis_gcc.h **** 
 124:Drivers/CMSIS/Include/cmsis_gcc.h **** /**
 125:Drivers/CMSIS/Include/cmsis_gcc.h ****   \brief   Enable IRQ Interrupts
 126:Drivers/CMSIS/Include/cmsis_gcc.h ****   \details Enables IRQ interrupts by clearing the I-bit in the CPSR.
 127:Drivers/CMSIS/Include/cmsis_gcc.h ****            Can only be executed in Privileged modes.
 128:Drivers/CMSIS/Include/cmsis_gcc.h ****  */
 129:Drivers/CMSIS/Include/cmsis_gcc.h **** __STATIC_FORCEINLINE void __enable_irq(void)
 130:Drivers/CMSIS/Include/cmsis_gcc.h **** {
 131:Drivers/CMSIS/Include/cmsis_gcc.h ****   __ASM volatile ("cpsie i" : : : "memory");
 132:Drivers/CMSIS/Include/cmsis_gcc.h **** }
 133:Drivers/CMSIS/Include/cmsis_gcc.h **** 
 134:Drivers/CMSIS/Include/cmsis_gcc.h **** 
 135:Drivers/CMSIS/Include/cmsis_gcc.h **** /**
 136:Drivers/CMSIS/Include/cmsis_gcc.h ****   \brief   Disable IRQ Interrupts
 137:Drivers/CMSIS/Include/cmsis_gcc.h ****   \details Disables IRQ interrupts by setting the I-bit in the CPSR.
 138:Drivers/CMSIS/Include/cmsis_gcc.h ****            Can only be executed in Privileged modes.
 139:Drivers/CMSIS/Include/cmsis_gcc.h ****  */
ARM GAS  C:\Users\user\AppData\Local\Temp\cc4mFuR3.s 			page 8


 140:Drivers/CMSIS/Include/cmsis_gcc.h **** __STATIC_FORCEINLINE void __disable_irq(void)
  83              		.loc 2 140 27 view .LVU10
  84              	.LBB5:
 141:Drivers/CMSIS/Include/cmsis_gcc.h **** {
 142:Drivers/CMSIS/Include/cmsis_gcc.h ****   __ASM volatile ("cpsid i" : : : "memory");
  85              		.loc 2 142 3 view .LVU11
  86              		.syntax unified
  87              	@ 142 "Drivers/CMSIS/Include/cmsis_gcc.h" 1
  88 0000 72B6     		cpsid i
  89              	@ 0 "" 2
  90              		.thumb
  91              		.syntax unified
  92              	.L8:
  93              	.LBE5:
  94              	.LBE4:
 181:Core/Src/main.c ****   while (1)
  95              		.loc 1 181 3 discriminator 1 view .LVU12
 182:Core/Src/main.c ****   {
 183:Core/Src/main.c ****   }
  96              		.loc 1 183 3 discriminator 1 view .LVU13
  97 0002 FEE7     		b	.L8
  98              		.cfi_endproc
  99              	.LFE72:
 101              		.section	.text.SystemClock_Config,"ax",%progbits
 102              		.align	1
 103              		.global	SystemClock_Config
 104              		.syntax unified
 105              		.thumb
 106              		.thumb_func
 107              		.fpu softvfp
 109              	SystemClock_Config:
 110              	.LFB70:
 117:Core/Src/main.c ****   RCC_OscInitTypeDef RCC_OscInitStruct = {0};
 111              		.loc 1 117 1 view -0
 112              		.cfi_startproc
 113              		@ args = 0, pretend = 0, frame = 64
 114              		@ frame_needed = 0, uses_anonymous_args = 0
 115 0000 00B5     		push	{lr}
 116              	.LCFI1:
 117              		.cfi_def_cfa_offset 4
 118              		.cfi_offset 14, -4
 119 0002 91B0     		sub	sp, sp, #68
 120              	.LCFI2:
 121              		.cfi_def_cfa_offset 72
 118:Core/Src/main.c ****   RCC_ClkInitTypeDef RCC_ClkInitStruct = {0};
 122              		.loc 1 118 3 view .LVU15
 118:Core/Src/main.c ****   RCC_ClkInitTypeDef RCC_ClkInitStruct = {0};
 123              		.loc 1 118 22 is_stmt 0 view .LVU16
 124 0004 2422     		movs	r2, #36
 125 0006 0021     		movs	r1, #0
 126 0008 07A8     		add	r0, sp, #28
 127 000a FFF7FEFF 		bl	memset
 128              	.LVL4:
 119:Core/Src/main.c **** 
 129              		.loc 1 119 3 is_stmt 1 view .LVU17
 119:Core/Src/main.c **** 
 130              		.loc 1 119 22 is_stmt 0 view .LVU18
ARM GAS  C:\Users\user\AppData\Local\Temp\cc4mFuR3.s 			page 9


 131 000e 0023     		movs	r3, #0
 132 0010 0193     		str	r3, [sp, #4]
 133 0012 0293     		str	r3, [sp, #8]
 134 0014 0393     		str	r3, [sp, #12]
 135 0016 0493     		str	r3, [sp, #16]
 136 0018 0593     		str	r3, [sp, #20]
 124:Core/Src/main.c ****   RCC_OscInitStruct.HSIState = RCC_HSI_ON;
 137              		.loc 1 124 3 is_stmt 1 view .LVU19
 124:Core/Src/main.c ****   RCC_OscInitStruct.HSIState = RCC_HSI_ON;
 138              		.loc 1 124 36 is_stmt 0 view .LVU20
 139 001a 0223     		movs	r3, #2
 140 001c 0693     		str	r3, [sp, #24]
 125:Core/Src/main.c ****   RCC_OscInitStruct.HSICalibrationValue = RCC_HSICALIBRATION_DEFAULT;
 141              		.loc 1 125 3 is_stmt 1 view .LVU21
 125:Core/Src/main.c ****   RCC_OscInitStruct.HSICalibrationValue = RCC_HSICALIBRATION_DEFAULT;
 142              		.loc 1 125 30 is_stmt 0 view .LVU22
 143 001e 0123     		movs	r3, #1
 144 0020 0A93     		str	r3, [sp, #40]
 126:Core/Src/main.c ****   RCC_OscInitStruct.PLL.PLLState = RCC_PLL_NONE;
 145              		.loc 1 126 3 is_stmt 1 view .LVU23
 126:Core/Src/main.c ****   RCC_OscInitStruct.PLL.PLLState = RCC_PLL_NONE;
 146              		.loc 1 126 41 is_stmt 0 view .LVU24
 147 0022 1023     		movs	r3, #16
 148 0024 0B93     		str	r3, [sp, #44]
 127:Core/Src/main.c ****   if (HAL_RCC_OscConfig(&RCC_OscInitStruct) != HAL_OK)
 149              		.loc 1 127 3 is_stmt 1 view .LVU25
 128:Core/Src/main.c ****   {
 150              		.loc 1 128 3 view .LVU26
 128:Core/Src/main.c ****   {
 151              		.loc 1 128 7 is_stmt 0 view .LVU27
 152 0026 06A8     		add	r0, sp, #24
 153 0028 FFF7FEFF 		bl	HAL_RCC_OscConfig
 154              	.LVL5:
 128:Core/Src/main.c ****   {
 155              		.loc 1 128 6 view .LVU28
 156 002c 68B9     		cbnz	r0, .L13
 134:Core/Src/main.c ****                               |RCC_CLOCKTYPE_PCLK1|RCC_CLOCKTYPE_PCLK2;
 157              		.loc 1 134 3 is_stmt 1 view .LVU29
 134:Core/Src/main.c ****                               |RCC_CLOCKTYPE_PCLK1|RCC_CLOCKTYPE_PCLK2;
 158              		.loc 1 134 31 is_stmt 0 view .LVU30
 159 002e 0F23     		movs	r3, #15
 160 0030 0193     		str	r3, [sp, #4]
 136:Core/Src/main.c ****   RCC_ClkInitStruct.AHBCLKDivider = RCC_SYSCLK_DIV1;
 161              		.loc 1 136 3 is_stmt 1 view .LVU31
 136:Core/Src/main.c ****   RCC_ClkInitStruct.AHBCLKDivider = RCC_SYSCLK_DIV1;
 162              		.loc 1 136 34 is_stmt 0 view .LVU32
 163 0032 0021     		movs	r1, #0
 164 0034 0291     		str	r1, [sp, #8]
 137:Core/Src/main.c ****   RCC_ClkInitStruct.APB1CLKDivider = RCC_HCLK_DIV1;
 165              		.loc 1 137 3 is_stmt 1 view .LVU33
 137:Core/Src/main.c ****   RCC_ClkInitStruct.APB1CLKDivider = RCC_HCLK_DIV1;
 166              		.loc 1 137 35 is_stmt 0 view .LVU34
 167 0036 0391     		str	r1, [sp, #12]
 138:Core/Src/main.c ****   RCC_ClkInitStruct.APB2CLKDivider = RCC_HCLK_DIV1;
 168              		.loc 1 138 3 is_stmt 1 view .LVU35
 138:Core/Src/main.c ****   RCC_ClkInitStruct.APB2CLKDivider = RCC_HCLK_DIV1;
 169              		.loc 1 138 36 is_stmt 0 view .LVU36
ARM GAS  C:\Users\user\AppData\Local\Temp\cc4mFuR3.s 			page 10


 170 0038 0491     		str	r1, [sp, #16]
 139:Core/Src/main.c **** 
 171              		.loc 1 139 3 is_stmt 1 view .LVU37
 139:Core/Src/main.c **** 
 172              		.loc 1 139 36 is_stmt 0 view .LVU38
 173 003a 0591     		str	r1, [sp, #20]
 141:Core/Src/main.c ****   {
 174              		.loc 1 141 3 is_stmt 1 view .LVU39
 141:Core/Src/main.c ****   {
 175              		.loc 1 141 7 is_stmt 0 view .LVU40
 176 003c 01A8     		add	r0, sp, #4
 177 003e FFF7FEFF 		bl	HAL_RCC_ClockConfig
 178              	.LVL6:
 141:Core/Src/main.c ****   {
 179              		.loc 1 141 6 view .LVU41
 180 0042 20B9     		cbnz	r0, .L14
 145:Core/Src/main.c **** 
 181              		.loc 1 145 1 view .LVU42
 182 0044 11B0     		add	sp, sp, #68
 183              	.LCFI3:
 184              		.cfi_remember_state
 185              		.cfi_def_cfa_offset 4
 186              		@ sp needed
 187 0046 5DF804FB 		ldr	pc, [sp], #4
 188              	.L13:
 189              	.LCFI4:
 190              		.cfi_restore_state
 130:Core/Src/main.c ****   }
 191              		.loc 1 130 5 is_stmt 1 view .LVU43
 192 004a FFF7FEFF 		bl	Error_Handler
 193              	.LVL7:
 194              	.L14:
 143:Core/Src/main.c ****   }
 195              		.loc 1 143 5 view .LVU44
 196 004e FFF7FEFF 		bl	Error_Handler
 197              	.LVL8:
 198              		.cfi_endproc
 199              	.LFE70:
 201              		.section	.text.main,"ax",%progbits
 202              		.align	1
 203              		.global	main
 204              		.syntax unified
 205              		.thumb
 206              		.thumb_func
 207              		.fpu softvfp
 209              	main:
 210              	.LFB69:
  67:Core/Src/main.c ****   /* USER CODE BEGIN 1 */
 211              		.loc 1 67 1 view -0
 212              		.cfi_startproc
 213              		@ Volatile: function does not return.
 214              		@ args = 0, pretend = 0, frame = 0
 215              		@ frame_needed = 0, uses_anonymous_args = 0
 216 0000 08B5     		push	{r3, lr}
 217              	.LCFI5:
 218              		.cfi_def_cfa_offset 8
 219              		.cfi_offset 3, -8
ARM GAS  C:\Users\user\AppData\Local\Temp\cc4mFuR3.s 			page 11


 220              		.cfi_offset 14, -4
  75:Core/Src/main.c **** 
 221              		.loc 1 75 3 view .LVU46
 222 0002 FFF7FEFF 		bl	HAL_Init
 223              	.LVL9:
  82:Core/Src/main.c **** 
 224              		.loc 1 82 3 view .LVU47
 225 0006 FFF7FEFF 		bl	SystemClock_Config
 226              	.LVL10:
  89:Core/Src/main.c ****   /* USER CODE BEGIN 2 */
 227              		.loc 1 89 3 view .LVU48
 228 000a FFF7FEFF 		bl	MX_GPIO_Init
 229              	.LVL11:
  95:Core/Src/main.c ****   MX_FREERTOS_Init();
 230              		.loc 1 95 3 view .LVU49
 231 000e FFF7FEFF 		bl	osKernelInitialize
 232              	.LVL12:
  96:Core/Src/main.c ****   /* Start scheduler */
 233              		.loc 1 96 3 view .LVU50
 234 0012 FFF7FEFF 		bl	MX_FREERTOS_Init
 235              	.LVL13:
  98:Core/Src/main.c **** 
 236              		.loc 1 98 3 view .LVU51
 237 0016 FFF7FEFF 		bl	osKernelStart
 238              	.LVL14:
 239              	.L16:
 103:Core/Src/main.c ****   {
 240              		.loc 1 103 3 discriminator 1 view .LVU52
 108:Core/Src/main.c ****   /* USER CODE END 3 */
 241              		.loc 1 108 3 discriminator 1 view .LVU53
 242 001a FEE7     		b	.L16
 243              		.cfi_endproc
 244              	.LFE69:
 246              		.text
 247              	.Letext0:
 248              		.file 3 "c:\\program files (x86)\\gnu tools arm embedded\\8 2019-q3-update\\arm-none-eabi\\include
 249              		.file 4 "c:\\program files (x86)\\gnu tools arm embedded\\8 2019-q3-update\\arm-none-eabi\\include
 250              		.file 5 "Drivers/CMSIS/Include/core_cm3.h"
 251              		.file 6 "Drivers/CMSIS/Device/ST/STM32F1xx/Include/system_stm32f1xx.h"
 252              		.file 7 "Drivers/CMSIS/Device/ST/STM32F1xx/Include/stm32f103xb.h"
 253              		.file 8 "Drivers/STM32F1xx_HAL_Driver/Inc/stm32f1xx_hal_def.h"
 254              		.file 9 "Drivers/STM32F1xx_HAL_Driver/Inc/stm32f1xx_hal_rcc.h"
 255              		.file 10 "Drivers/STM32F1xx_HAL_Driver/Inc/stm32f1xx_hal_rcc_ex.h"
 256              		.file 11 "Drivers/STM32F1xx_HAL_Driver/Inc/stm32f1xx_hal_dma.h"
 257              		.file 12 "Drivers/STM32F1xx_HAL_Driver/Inc/stm32f1xx_hal_tim.h"
 258              		.file 13 "Drivers/STM32F1xx_HAL_Driver/Inc/stm32f1xx_hal.h"
 259              		.file 14 "Core/Inc/gpio.h"
 260              		.file 15 "Middlewares/Third_Party/FreeRTOS/Source/CMSIS_RTOS_V2/cmsis_os2.h"
 261              		.file 16 "<built-in>"
ARM GAS  C:\Users\user\AppData\Local\Temp\cc4mFuR3.s 			page 12


DEFINED SYMBOLS
                            *ABS*:00000000 main.c
C:\Users\user\AppData\Local\Temp\cc4mFuR3.s:16     .text.HAL_TIM_PeriodElapsedCallback:00000000 $t
C:\Users\user\AppData\Local\Temp\cc4mFuR3.s:24     .text.HAL_TIM_PeriodElapsedCallback:00000000 HAL_TIM_PeriodElapsedCallback
C:\Users\user\AppData\Local\Temp\cc4mFuR3.s:59     .text.HAL_TIM_PeriodElapsedCallback:00000014 $d
C:\Users\user\AppData\Local\Temp\cc4mFuR3.s:64     .text.Error_Handler:00000000 $t
C:\Users\user\AppData\Local\Temp\cc4mFuR3.s:71     .text.Error_Handler:00000000 Error_Handler
C:\Users\user\AppData\Local\Temp\cc4mFuR3.s:102    .text.SystemClock_Config:00000000 $t
C:\Users\user\AppData\Local\Temp\cc4mFuR3.s:109    .text.SystemClock_Config:00000000 SystemClock_Config
C:\Users\user\AppData\Local\Temp\cc4mFuR3.s:202    .text.main:00000000 $t
C:\Users\user\AppData\Local\Temp\cc4mFuR3.s:209    .text.main:00000000 main

UNDEFINED SYMBOLS
HAL_IncTick
memset
HAL_RCC_OscConfig
HAL_RCC_ClockConfig
HAL_Init
MX_GPIO_Init
osKernelInitialize
MX_FREERTOS_Init
osKernelStart
