ARM GAS  C:\Users\Administrator.DESKTOP-24M4MSA\AppData\Local\Temp\ccBzOdYN.s 			page 1


   1              		.cpu cortex-m3
   2              		.eabi_attribute 20, 1
   3              		.eabi_attribute 21, 1
   4              		.eabi_attribute 23, 3
   5              		.eabi_attribute 24, 1
   6              		.eabi_attribute 25, 1
   7              		.eabi_attribute 26, 1
   8              		.eabi_attribute 30, 1
   9              		.eabi_attribute 34, 1
  10              		.eabi_attribute 18, 4
  11              		.file	"arm.c"
  12              		.text
  13              	.Ltext0:
  14              		.cfi_sections	.debug_frame
  15              		.section	.text.move_arm,"ax",%progbits
  16              		.align	1
  17              		.global	move_arm
  18              		.arch armv7-m
  19              		.syntax unified
  20              		.thumb
  21              		.thumb_func
  22              		.fpu softvfp
  24              	move_arm:
  25              	.LVL0:
  26              	.LFB0:
  27              		.file 1 "private/arm.c"
   1:private/arm.c **** #include "arm.h"
   2:private/arm.c **** void move_arm(arm_struct_t* arm,int vf,int vr,int vz){
  28              		.loc 1 2 54 view -0
  29              		.cfi_startproc
  30              		@ args = 0, pretend = 0, frame = 0
  31              		@ frame_needed = 0, uses_anonymous_args = 0
  32              		@ link register save eliminated.
   3:private/arm.c ****     arm->angle[0]+=vr;
  33              		.loc 1 3 5 view .LVU1
  34              		.loc 1 3 18 is_stmt 0 view .LVU2
  35 0000 B0F800C0 		ldrh	ip, [r0]
  36 0004 6244     		add	r2, r2, ip
  37              	.LVL1:
  38              		.loc 1 3 18 view .LVU3
  39 0006 0280     		strh	r2, [r0]	@ movhi
   4:private/arm.c ****     arm->angle[1]-=vf;
  40              		.loc 1 4 5 is_stmt 1 view .LVU4
  41              		.loc 1 4 18 is_stmt 0 view .LVU5
  42 0008 89B2     		uxth	r1, r1
  43              	.LVL2:
  44              		.loc 1 4 18 view .LVU6
  45 000a 4288     		ldrh	r2, [r0, #2]
  46 000c 521A     		subs	r2, r2, r1
  47 000e 92B2     		uxth	r2, r2
  48 0010 4280     		strh	r2, [r0, #2]	@ movhi
   5:private/arm.c ****     arm->angle[2]+=vf;
  49              		.loc 1 5 5 is_stmt 1 view .LVU7
  50              		.loc 1 5 18 is_stmt 0 view .LVU8
  51 0012 B0F804C0 		ldrh	ip, [r0, #4]
  52 0016 6144     		add	r1, r1, ip
  53 0018 89B2     		uxth	r1, r1
ARM GAS  C:\Users\Administrator.DESKTOP-24M4MSA\AppData\Local\Temp\ccBzOdYN.s 			page 2


  54 001a 8180     		strh	r1, [r0, #4]	@ movhi
   6:private/arm.c ****     arm->angle[1]+=vz;
  55              		.loc 1 6 5 is_stmt 1 view .LVU9
  56              		.loc 1 6 18 is_stmt 0 view .LVU10
  57 001c 9BB2     		uxth	r3, r3
  58              	.LVL3:
  59              		.loc 1 6 18 view .LVU11
  60 001e 1A44     		add	r2, r2, r3
  61 0020 4280     		strh	r2, [r0, #2]	@ movhi
   7:private/arm.c ****     arm->angle[2]+=vz;
  62              		.loc 1 7 5 is_stmt 1 view .LVU12
  63              		.loc 1 7 18 is_stmt 0 view .LVU13
  64 0022 1944     		add	r1, r1, r3
  65 0024 8180     		strh	r1, [r0, #4]	@ movhi
   8:private/arm.c ****     arm->angle[3]+=2*vz;
  66              		.loc 1 8 5 is_stmt 1 view .LVU14
  67              		.loc 1 8 18 is_stmt 0 view .LVU15
  68 0026 C288     		ldrh	r2, [r0, #6]
  69 0028 02EB4303 		add	r3, r2, r3, lsl #1
  70 002c C380     		strh	r3, [r0, #6]	@ movhi
   9:private/arm.c **** }
  71              		.loc 1 9 1 view .LVU16
  72 002e 7047     		bx	lr
  73              		.cfi_endproc
  74              	.LFE0:
  76              		.section	.text.arm_init,"ax",%progbits
  77              		.align	1
  78              		.global	arm_init
  79              		.syntax unified
  80              		.thumb
  81              		.thumb_func
  82              		.fpu softvfp
  84              	arm_init:
  85              	.LVL4:
  86              	.LFB1:
  10:private/arm.c **** void arm_init(arm_struct_t* arm,int a, int b, int c, int d){
  87              		.loc 1 10 60 is_stmt 1 view -0
  88              		.cfi_startproc
  89              		@ args = 4, pretend = 0, frame = 0
  90              		@ frame_needed = 0, uses_anonymous_args = 0
  91              		@ link register save eliminated.
  11:private/arm.c ****     arm->angle[0]=a;
  92              		.loc 1 11 5 view .LVU18
  93              		.loc 1 11 18 is_stmt 0 view .LVU19
  94 0000 0180     		strh	r1, [r0]	@ movhi
  12:private/arm.c ****     arm->angle[1]=b;
  95              		.loc 1 12 5 is_stmt 1 view .LVU20
  96              		.loc 1 12 18 is_stmt 0 view .LVU21
  97 0002 4280     		strh	r2, [r0, #2]	@ movhi
  13:private/arm.c ****     arm->angle[2]=c;
  98              		.loc 1 13 5 is_stmt 1 view .LVU22
  99              		.loc 1 13 18 is_stmt 0 view .LVU23
 100 0004 8380     		strh	r3, [r0, #4]	@ movhi
  14:private/arm.c ****     arm->angle[3]=d;
 101              		.loc 1 14 5 is_stmt 1 view .LVU24
 102              		.loc 1 14 18 is_stmt 0 view .LVU25
 103 0006 009B     		ldr	r3, [sp]
ARM GAS  C:\Users\Administrator.DESKTOP-24M4MSA\AppData\Local\Temp\ccBzOdYN.s 			page 3


 104              	.LVL5:
 105              		.loc 1 14 18 view .LVU26
 106 0008 C380     		strh	r3, [r0, #6]	@ movhi
  15:private/arm.c ****     return;
 107              		.loc 1 15 5 is_stmt 1 view .LVU27
  16:private/arm.c **** }...
 108              		.loc 1 16 1 is_stmt 0 view .LVU28
 109 000a 7047     		bx	lr
 110              		.cfi_endproc
 111              	.LFE1:
 113              		.text
 114              	.Letext0:
 115              		.file 2 "c:\\program files (x86)\\gnu arm embedded toolchain\\10 2021.07\\arm-none-eabi\\include\\
 116              		.file 3 "c:\\program files (x86)\\gnu arm embedded toolchain\\10 2021.07\\arm-none-eabi\\include\\
 117              		.file 4 "private/arm.h"
ARM GAS  C:\Users\Administrator.DESKTOP-24M4MSA\AppData\Local\Temp\ccBzOdYN.s 			page 4


DEFINED SYMBOLS
                            *ABS*:00000000 arm.c
C:\Users\Administrator.DESKTOP-24M4MSA\AppData\Local\Temp\ccBzOdYN.s:16     .text.move_arm:00000000 $t
C:\Users\Administrator.DESKTOP-24M4MSA\AppData\Local\Temp\ccBzOdYN.s:24     .text.move_arm:00000000 move_arm
C:\Users\Administrator.DESKTOP-24M4MSA\AppData\Local\Temp\ccBzOdYN.s:77     .text.arm_init:00000000 $t
C:\Users\Administrator.DESKTOP-24M4MSA\AppData\Local\Temp\ccBzOdYN.s:84     .text.arm_init:00000000 arm_init

NO UNDEFINED SYMBOLS
