ARM GAS  C:\Users\Administrator.DESKTOP-24M4MSA\AppData\Local\Temp\cc5QNyik.s 			page 1


   1              		.cpu cortex-m3
   2              		.eabi_attribute 20, 1
   3              		.eabi_attribute 21, 1
   4              		.eabi_attribute 23, 3
   5              		.eabi_attribute 24, 1
   6              		.eabi_attribute 25, 1
   7              		.eabi_attribute 26, 1
   8              		.eabi_attribute 30, 1
   9              		.eabi_attribute 34, 1
  10              		.eabi_attribute 18, 4
  11              		.file	"main.c"
  12              		.text
  13              	.Ltext0:
  14              		.cfi_sections	.debug_frame
  15              		.section	.text.MX_GPIO_Init,"ax",%progbits
  16              		.align	1
  17              		.arch armv7-m
  18              		.syntax unified
  19              		.thumb
  20              		.thumb_func
  21              		.fpu softvfp
  23              	MX_GPIO_Init:
  24              	.LFB70:
  25              		.file 1 "Src/main.c"
   1:Src/main.c    **** /* USER CODE BEGIN Header */
   2:Src/main.c    **** /**
   3:Src/main.c    ****  ******************************************************************************
   4:Src/main.c    ****  * @file           : main.c
   5:Src/main.c    ****  * @brief          : Main program body
   6:Src/main.c    ****  ******************************************************************************
   7:Src/main.c    ****  * @attention
   8:Src/main.c    ****  *
   9:Src/main.c    ****  * <h2><center>&copy; Copyright (c) 2021 STMicroelectronics.
  10:Src/main.c    ****  * All rights reserved.</center></h2>
  11:Src/main.c    ****  *
  12:Src/main.c    ****  * This software component is licensed by ST under BSD 3-Clause license,
  13:Src/main.c    ****  * the "License"; You may not use this file except in compliance with the
  14:Src/main.c    ****  * License. You may obtain a copy of the License at:
  15:Src/main.c    ****  *                        opensource.org/licenses/BSD-3-Clause
  16:Src/main.c    ****  *
  17:Src/main.c    ****  ******************************************************************************
  18:Src/main.c    ****  */
  19:Src/main.c    **** /* USER CODE END Header */
  20:Src/main.c    **** 
  21:Src/main.c    **** /* Includes ------------------------------------------------------------------*/
  22:Src/main.c    **** #include "main.h"
  23:Src/main.c    **** 
  24:Src/main.c    **** /* Private includes ----------------------------------------------------------*/
  25:Src/main.c    **** /* USER CODE BEGIN Includes */
  26:Src/main.c    **** 
  27:Src/main.c    **** /* USER CODE END Includes */
  28:Src/main.c    **** 
  29:Src/main.c    **** /* Private typedef -----------------------------------------------------------*/
  30:Src/main.c    **** /* USER CODE BEGIN PTD */
  31:Src/main.c    **** 
  32:Src/main.c    **** /* USER CODE END PTD */
  33:Src/main.c    **** 
ARM GAS  C:\Users\Administrator.DESKTOP-24M4MSA\AppData\Local\Temp\cc5QNyik.s 			page 2


  34:Src/main.c    **** /* Private define ------------------------------------------------------------*/
  35:Src/main.c    **** /* USER CODE BEGIN PD */
  36:Src/main.c    **** #define kp 10
  37:Src/main.c    **** #define ki 0
  38:Src/main.c    **** #define kd 10
  39:Src/main.c    **** #define i_max 3000
  40:Src/main.c    **** #define out_max 3000
  41:Src/main.c    **** /* USER CODE END PD */
  42:Src/main.c    **** 
  43:Src/main.c    **** /* Private macro -------------------------------------------------------------*/
  44:Src/main.c    **** /* USER CODE BEGIN PM */
  45:Src/main.c    **** 
  46:Src/main.c    **** /* USER CODE END PM */
  47:Src/main.c    **** 
  48:Src/main.c    **** /* Private variables ---------------------------------------------------------*/
  49:Src/main.c    **** CAN_HandleTypeDef hcan;
  50:Src/main.c    **** 
  51:Src/main.c    **** TIM_HandleTypeDef htim1;
  52:Src/main.c    **** 
  53:Src/main.c    **** UART_HandleTypeDef huart2;
  54:Src/main.c    **** 
  55:Src/main.c    **** /* USER CODE BEGIN PV */
  56:Src/main.c    **** uint8_t msg[8] = {0, 0, 0, 0, 0, 0, 0, 0};                   // CAN Bus Send Buffer
  57:Src/main.c    **** static volatile uint8_t canRX[8] = {0, 0, 0, 0, 0, 0, 0, 0}; // CAN Bus Receive Buffer
  58:Src/main.c    **** static CAN_RxHeaderTypeDef rxHeader;                         // CAN Bus Transmit Header
  59:Src/main.c    **** static volatile HAL_StatusTypeDef canTxStatus = HAL_OK;
  60:Src/main.c    **** static volatile HAL_StatusTypeDef canRxStatus = HAL_OK;
  61:Src/main.c    **** uint16_t target = 60, current_rpm;
  62:Src/main.c    **** pid_struct_t motorA;
  63:Src/main.c    **** /* USER CODE END PV */
  64:Src/main.c    **** 
  65:Src/main.c    **** /* Private function prototypes -----------------------------------------------*/
  66:Src/main.c    **** void SystemClock_Config(void);
  67:Src/main.c    **** static void MX_GPIO_Init(void);
  68:Src/main.c    **** static void MX_TIM1_Init(void);
  69:Src/main.c    **** static void MX_USART2_UART_Init(void);
  70:Src/main.c    **** static void MX_CAN_Init(void);
  71:Src/main.c    **** /* USER CODE BEGIN PFP */
  72:Src/main.c    **** // HAL_StatusTypeDef CAN_RxFifo1MsgPendingCallBack(CAN_HandleTypeDef *hcan);
  73:Src/main.c    **** void CAN_Set_Motor_Voltage(uint16_t v1, uint16_t v2, uint16_t v3, uint16_t v4, uint8_t target_buffe
  74:Src/main.c    **** /* USER CODE END PFP */
  75:Src/main.c    **** 
  76:Src/main.c    **** /* Private user code ---------------------------------------------------------*/
  77:Src/main.c    **** /* USER CODE BEGIN 0 */
  78:Src/main.c    **** 
  79:Src/main.c    **** /* USER CODE END 0 */
  80:Src/main.c    **** 
  81:Src/main.c    **** /**
  82:Src/main.c    ****   * @brief  The application entry point.
  83:Src/main.c    ****   * @retval int
  84:Src/main.c    ****   */
  85:Src/main.c    **** int main(void)
  86:Src/main.c    **** {
  87:Src/main.c    ****   /* USER CODE BEGIN 1 */
  88:Src/main.c    **** 
  89:Src/main.c    ****   /* USER CODE END 1 */
  90:Src/main.c    **** 
ARM GAS  C:\Users\Administrator.DESKTOP-24M4MSA\AppData\Local\Temp\cc5QNyik.s 			page 3


  91:Src/main.c    ****   /* MCU Configuration--------------------------------------------------------*/
  92:Src/main.c    **** 
  93:Src/main.c    ****   /* Reset of all peripherals, Initializes the Flash interface and the Systick. */
  94:Src/main.c    ****   HAL_Init();
  95:Src/main.c    **** 
  96:Src/main.c    ****   /* USER CODE BEGIN Init */
  97:Src/main.c    **** 
  98:Src/main.c    ****   /* USER CODE END Init */
  99:Src/main.c    **** 
 100:Src/main.c    ****   /* Configure the system clock */
 101:Src/main.c    ****   SystemClock_Config();
 102:Src/main.c    **** 
 103:Src/main.c    ****   /* USER CODE BEGIN SysInit */
 104:Src/main.c    **** 
 105:Src/main.c    ****   /* USER CODE END SysInit */
 106:Src/main.c    **** 
 107:Src/main.c    ****   /* Initialize all configured peripherals */
 108:Src/main.c    ****   MX_GPIO_Init();
 109:Src/main.c    ****   MX_TIM1_Init();
 110:Src/main.c    ****   MX_USART2_UART_Init();
 111:Src/main.c    ****   MX_CAN_Init();
 112:Src/main.c    ****   /* USER CODE BEGIN 2 */
 113:Src/main.c    ****   CAN_TxHeaderTypeDef txHeader;                                // CAN Bus Receive Header
 114:Src/main.c    ****   static volatile uint16_t encoder = 0;
 115:Src/main.c    ****   CAN_FilterTypeDef canfil; // CAN Bus Filter
 116:Src/main.c    ****   uint32_t canMailbox;
 117:Src/main.c    **** 
 118:Src/main.c    ****   canfil.FilterBank = 0;
 119:Src/main.c    ****   canfil.FilterMode = CAN_FILTERMODE_IDMASK;
 120:Src/main.c    ****   canfil.FilterFIFOAssignment = CAN_RX_FIFO1;
 121:Src/main.c    ****   canfil.FilterIdHigh = 0;
 122:Src/main.c    ****   canfil.FilterIdLow = 0;
 123:Src/main.c    ****   canfil.FilterMaskIdHigh = 0;
 124:Src/main.c    ****   canfil.FilterMaskIdLow = 0;
 125:Src/main.c    ****   canfil.FilterScale = CAN_FILTERSCALE_32BIT;
 126:Src/main.c    ****   canfil.FilterActivation = ENABLE;
 127:Src/main.c    ****   canfil.SlaveStartFilterBank = 14;
 128:Src/main.c    **** 
 129:Src/main.c    ****   txHeader.DLC = 8; // Number of bites to be transmitted max- 8
 130:Src/main.c    ****   txHeader.IDE = CAN_ID_STD;
 131:Src/main.c    ****   txHeader.RTR = CAN_RTR_DATA;
 132:Src/main.c    ****   txHeader.StdId = 0x200;
 133:Src/main.c    ****   txHeader.ExtId = 0x0;
 134:Src/main.c    ****   txHeader.TransmitGlobalTime = DISABLE;
 135:Src/main.c    **** 
 136:Src/main.c    ****   HAL_CAN_ConfigFilter(&hcan, &canfil);
 137:Src/main.c    ****   // HAL_CAN_ActivateNotification(&hcan, CAN_IT_RX_FIFO1_MSG_PENDING);
 138:Src/main.c    ****   HAL_CAN_Start(&hcan);
 139:Src/main.c    **** 
 140:Src/main.c    ****   pid_init(&motorA, kp, ki, kd, i_max, out_max);
 141:Src/main.c    **** 
 142:Src/main.c    ****   /* USER CODE END 2 */
 143:Src/main.c    **** 
 144:Src/main.c    ****   /* Infinite loop */
 145:Src/main.c    ****   /* USER CODE BEGIN WHILE */
 146:Src/main.c    ****   while (1)
 147:Src/main.c    ****   {
ARM GAS  C:\Users\Administrator.DESKTOP-24M4MSA\AppData\Local\Temp\cc5QNyik.s 			page 4


 148:Src/main.c    ****     /* USER CODE END WHILE */
 149:Src/main.c    **** 
 150:Src/main.c    ****     /* USER CODE BEGIN 3 */
 151:Src/main.c    ****     canTxStatus = HAL_CAN_AddTxMessage(&hcan, &txHeader, msg, &canMailbox);
 152:Src/main.c    ****     canRxStatus = HAL_CAN_GetRxMessage(&hcan, CAN_RX_FIFO1, &rxHeader, (uint8_t *)canRX);
 153:Src/main.c    ****     current_rpm = (canRX[2]<<8)+canRX[3];
 154:Src/main.c    ****     CAN_Set_Motor_Voltage(pid_calc(&motorA,target,current_rpm),0,0,0,msg);
 155:Src/main.c    ****     // encoder = canRX[0] << 8 | canRX[1];
 156:Src/main.c    ****     // HAL_Delay(10);
 157:Src/main.c    ****   }
 158:Src/main.c    ****   /* USER CODE END 3 */
 159:Src/main.c    **** }
 160:Src/main.c    **** 
 161:Src/main.c    **** /**
 162:Src/main.c    ****   * @brief System Clock Configuration
 163:Src/main.c    ****   * @retval None
 164:Src/main.c    ****   */
 165:Src/main.c    **** void SystemClock_Config(void)
 166:Src/main.c    **** {
 167:Src/main.c    ****   RCC_OscInitTypeDef RCC_OscInitStruct = {0};
 168:Src/main.c    ****   RCC_ClkInitTypeDef RCC_ClkInitStruct = {0};
 169:Src/main.c    **** 
 170:Src/main.c    ****   /** Initializes the CPU, AHB and APB busses clocks
 171:Src/main.c    ****   */
 172:Src/main.c    ****   RCC_OscInitStruct.OscillatorType = RCC_OSCILLATORTYPE_HSE;
 173:Src/main.c    ****   RCC_OscInitStruct.HSEState = RCC_HSE_ON;
 174:Src/main.c    ****   RCC_OscInitStruct.HSEPredivValue = RCC_HSE_PREDIV_DIV1;
 175:Src/main.c    ****   RCC_OscInitStruct.HSIState = RCC_HSI_ON;
 176:Src/main.c    ****   RCC_OscInitStruct.PLL.PLLState = RCC_PLL_ON;
 177:Src/main.c    ****   RCC_OscInitStruct.PLL.PLLSource = RCC_PLLSOURCE_HSE;
 178:Src/main.c    ****   RCC_OscInitStruct.PLL.PLLMUL = RCC_PLL_MUL9;
 179:Src/main.c    ****   if (HAL_RCC_OscConfig(&RCC_OscInitStruct) != HAL_OK)
 180:Src/main.c    ****   {
 181:Src/main.c    ****     Error_Handler();
 182:Src/main.c    ****   }
 183:Src/main.c    ****   /** Initializes the CPU, AHB and APB busses clocks
 184:Src/main.c    ****   */
 185:Src/main.c    ****   RCC_ClkInitStruct.ClockType = RCC_CLOCKTYPE_HCLK|RCC_CLOCKTYPE_SYSCLK
 186:Src/main.c    ****                               |RCC_CLOCKTYPE_PCLK1|RCC_CLOCKTYPE_PCLK2;
 187:Src/main.c    ****   RCC_ClkInitStruct.SYSCLKSource = RCC_SYSCLKSOURCE_PLLCLK;
 188:Src/main.c    ****   RCC_ClkInitStruct.AHBCLKDivider = RCC_SYSCLK_DIV1;
 189:Src/main.c    ****   RCC_ClkInitStruct.APB1CLKDivider = RCC_HCLK_DIV2;
 190:Src/main.c    ****   RCC_ClkInitStruct.APB2CLKDivider = RCC_HCLK_DIV1;
 191:Src/main.c    **** 
 192:Src/main.c    ****   if (HAL_RCC_ClockConfig(&RCC_ClkInitStruct, FLASH_LATENCY_2) != HAL_OK)
 193:Src/main.c    ****   {
 194:Src/main.c    ****     Error_Handler();
 195:Src/main.c    ****   }
 196:Src/main.c    **** }
 197:Src/main.c    **** 
 198:Src/main.c    **** /**
 199:Src/main.c    ****   * @brief CAN Initialization Function
 200:Src/main.c    ****   * @param None
 201:Src/main.c    ****   * @retval None
 202:Src/main.c    ****   */
 203:Src/main.c    **** static void MX_CAN_Init(void)
 204:Src/main.c    **** {
ARM GAS  C:\Users\Administrator.DESKTOP-24M4MSA\AppData\Local\Temp\cc5QNyik.s 			page 5


 205:Src/main.c    **** 
 206:Src/main.c    ****   /* USER CODE BEGIN CAN_Init 0 */
 207:Src/main.c    **** 
 208:Src/main.c    ****   /* USER CODE END CAN_Init 0 */
 209:Src/main.c    **** 
 210:Src/main.c    ****   /* USER CODE BEGIN CAN_Init 1 */
 211:Src/main.c    **** 
 212:Src/main.c    ****   /* USER CODE END CAN_Init 1 */
 213:Src/main.c    ****   hcan.Instance = CAN1;
 214:Src/main.c    ****   hcan.Init.Prescaler = 4;
 215:Src/main.c    ****   hcan.Init.Mode = CAN_MODE_NORMAL;
 216:Src/main.c    ****   hcan.Init.SyncJumpWidth = CAN_SJW_1TQ;
 217:Src/main.c    ****   hcan.Init.TimeSeg1 = CAN_BS1_6TQ;
 218:Src/main.c    ****   hcan.Init.TimeSeg2 = CAN_BS2_2TQ;
 219:Src/main.c    ****   hcan.Init.TimeTriggeredMode = DISABLE;
 220:Src/main.c    ****   hcan.Init.AutoBusOff = DISABLE;
 221:Src/main.c    ****   hcan.Init.AutoWakeUp = DISABLE;
 222:Src/main.c    ****   hcan.Init.AutoRetransmission = DISABLE;
 223:Src/main.c    ****   hcan.Init.ReceiveFifoLocked = DISABLE;
 224:Src/main.c    ****   hcan.Init.TransmitFifoPriority = DISABLE;
 225:Src/main.c    ****   if (HAL_CAN_Init(&hcan) != HAL_OK)
 226:Src/main.c    ****   {
 227:Src/main.c    ****     Error_Handler();
 228:Src/main.c    ****   }
 229:Src/main.c    ****   /* USER CODE BEGIN CAN_Init 2 */
 230:Src/main.c    **** 
 231:Src/main.c    ****   /* USER CODE END CAN_Init 2 */
 232:Src/main.c    **** 
 233:Src/main.c    **** }
 234:Src/main.c    **** 
 235:Src/main.c    **** /**
 236:Src/main.c    ****   * @brief TIM1 Initialization Function
 237:Src/main.c    ****   * @param None
 238:Src/main.c    ****   * @retval None
 239:Src/main.c    ****   */
 240:Src/main.c    **** static void MX_TIM1_Init(void)
 241:Src/main.c    **** {
 242:Src/main.c    **** 
 243:Src/main.c    ****   /* USER CODE BEGIN TIM1_Init 0 */
 244:Src/main.c    **** 
 245:Src/main.c    ****   /* USER CODE END TIM1_Init 0 */
 246:Src/main.c    **** 
 247:Src/main.c    ****   TIM_ClockConfigTypeDef sClockSourceConfig = {0};
 248:Src/main.c    ****   TIM_MasterConfigTypeDef sMasterConfig = {0};
 249:Src/main.c    ****   TIM_OC_InitTypeDef sConfigOC = {0};
 250:Src/main.c    ****   TIM_BreakDeadTimeConfigTypeDef sBreakDeadTimeConfig = {0};
 251:Src/main.c    **** 
 252:Src/main.c    ****   /* USER CODE BEGIN TIM1_Init 1 */
 253:Src/main.c    **** 
 254:Src/main.c    ****   /* USER CODE END TIM1_Init 1 */
 255:Src/main.c    ****   htim1.Instance = TIM1;
 256:Src/main.c    ****   htim1.Init.Prescaler = 0;
 257:Src/main.c    ****   htim1.Init.CounterMode = TIM_COUNTERMODE_UP;
 258:Src/main.c    ****   htim1.Init.Period = 0;
 259:Src/main.c    ****   htim1.Init.ClockDivision = TIM_CLOCKDIVISION_DIV1;
 260:Src/main.c    ****   htim1.Init.RepetitionCounter = 0;
 261:Src/main.c    ****   htim1.Init.AutoReloadPreload = TIM_AUTORELOAD_PRELOAD_DISABLE;
ARM GAS  C:\Users\Administrator.DESKTOP-24M4MSA\AppData\Local\Temp\cc5QNyik.s 			page 6


 262:Src/main.c    ****   if (HAL_TIM_Base_Init(&htim1) != HAL_OK)
 263:Src/main.c    ****   {
 264:Src/main.c    ****     Error_Handler();
 265:Src/main.c    ****   }
 266:Src/main.c    ****   sClockSourceConfig.ClockSource = TIM_CLOCKSOURCE_INTERNAL;
 267:Src/main.c    ****   if (HAL_TIM_ConfigClockSource(&htim1, &sClockSourceConfig) != HAL_OK)
 268:Src/main.c    ****   {
 269:Src/main.c    ****     Error_Handler();
 270:Src/main.c    ****   }
 271:Src/main.c    ****   if (HAL_TIM_OC_Init(&htim1) != HAL_OK)
 272:Src/main.c    ****   {
 273:Src/main.c    ****     Error_Handler();
 274:Src/main.c    ****   }
 275:Src/main.c    ****   sMasterConfig.MasterOutputTrigger = TIM_TRGO_RESET;
 276:Src/main.c    ****   sMasterConfig.MasterSlaveMode = TIM_MASTERSLAVEMODE_DISABLE;
 277:Src/main.c    ****   if (HAL_TIMEx_MasterConfigSynchronization(&htim1, &sMasterConfig) != HAL_OK)
 278:Src/main.c    ****   {
 279:Src/main.c    ****     Error_Handler();
 280:Src/main.c    ****   }
 281:Src/main.c    ****   sConfigOC.OCMode = TIM_OCMODE_TIMING;
 282:Src/main.c    ****   sConfigOC.Pulse = 0;
 283:Src/main.c    ****   sConfigOC.OCPolarity = TIM_OCPOLARITY_HIGH;
 284:Src/main.c    ****   sConfigOC.OCNPolarity = TIM_OCNPOLARITY_HIGH;
 285:Src/main.c    ****   sConfigOC.OCFastMode = TIM_OCFAST_DISABLE;
 286:Src/main.c    ****   sConfigOC.OCIdleState = TIM_OCIDLESTATE_RESET;
 287:Src/main.c    ****   sConfigOC.OCNIdleState = TIM_OCNIDLESTATE_RESET;
 288:Src/main.c    ****   if (HAL_TIM_OC_ConfigChannel(&htim1, &sConfigOC, TIM_CHANNEL_1) != HAL_OK)
 289:Src/main.c    ****   {
 290:Src/main.c    ****     Error_Handler();
 291:Src/main.c    ****   }
 292:Src/main.c    ****   sBreakDeadTimeConfig.OffStateRunMode = TIM_OSSR_DISABLE;
 293:Src/main.c    ****   sBreakDeadTimeConfig.OffStateIDLEMode = TIM_OSSI_DISABLE;
 294:Src/main.c    ****   sBreakDeadTimeConfig.LockLevel = TIM_LOCKLEVEL_OFF;
 295:Src/main.c    ****   sBreakDeadTimeConfig.DeadTime = 0;
 296:Src/main.c    ****   sBreakDeadTimeConfig.BreakState = TIM_BREAK_DISABLE;
 297:Src/main.c    ****   sBreakDeadTimeConfig.BreakPolarity = TIM_BREAKPOLARITY_HIGH;
 298:Src/main.c    ****   sBreakDeadTimeConfig.AutomaticOutput = TIM_AUTOMATICOUTPUT_DISABLE;
 299:Src/main.c    ****   if (HAL_TIMEx_ConfigBreakDeadTime(&htim1, &sBreakDeadTimeConfig) != HAL_OK)
 300:Src/main.c    ****   {
 301:Src/main.c    ****     Error_Handler();
 302:Src/main.c    ****   }
 303:Src/main.c    ****   /* USER CODE BEGIN TIM1_Init 2 */
 304:Src/main.c    **** 
 305:Src/main.c    ****   /* USER CODE END TIM1_Init 2 */
 306:Src/main.c    ****   HAL_TIM_MspPostInit(&htim1);
 307:Src/main.c    **** 
 308:Src/main.c    **** }
 309:Src/main.c    **** 
 310:Src/main.c    **** /**
 311:Src/main.c    ****   * @brief USART2 Initialization Function
 312:Src/main.c    ****   * @param None
 313:Src/main.c    ****   * @retval None
 314:Src/main.c    ****   */
 315:Src/main.c    **** static void MX_USART2_UART_Init(void)
 316:Src/main.c    **** {
 317:Src/main.c    **** 
 318:Src/main.c    ****   /* USER CODE BEGIN USART2_Init 0 */
ARM GAS  C:\Users\Administrator.DESKTOP-24M4MSA\AppData\Local\Temp\cc5QNyik.s 			page 7


 319:Src/main.c    **** 
 320:Src/main.c    ****   /* USER CODE END USART2_Init 0 */
 321:Src/main.c    **** 
 322:Src/main.c    ****   /* USER CODE BEGIN USART2_Init 1 */
 323:Src/main.c    **** 
 324:Src/main.c    ****   /* USER CODE END USART2_Init 1 */
 325:Src/main.c    ****   huart2.Instance = USART2;
 326:Src/main.c    ****   huart2.Init.BaudRate = 9600;
 327:Src/main.c    ****   huart2.Init.WordLength = UART_WORDLENGTH_8B;
 328:Src/main.c    ****   huart2.Init.StopBits = UART_STOPBITS_1;
 329:Src/main.c    ****   huart2.Init.Parity = UART_PARITY_NONE;
 330:Src/main.c    ****   huart2.Init.Mode = UART_MODE_TX_RX;
 331:Src/main.c    ****   huart2.Init.HwFlowCtl = UART_HWCONTROL_NONE;
 332:Src/main.c    ****   huart2.Init.OverSampling = UART_OVERSAMPLING_16;
 333:Src/main.c    ****   if (HAL_UART_Init(&huart2) != HAL_OK)
 334:Src/main.c    ****   {
 335:Src/main.c    ****     Error_Handler();
 336:Src/main.c    ****   }
 337:Src/main.c    ****   /* USER CODE BEGIN USART2_Init 2 */
 338:Src/main.c    **** 
 339:Src/main.c    ****   /* USER CODE END USART2_Init 2 */
 340:Src/main.c    **** 
 341:Src/main.c    **** }
 342:Src/main.c    **** 
 343:Src/main.c    **** /**
 344:Src/main.c    ****   * @brief GPIO Initialization Function
 345:Src/main.c    ****   * @param None
 346:Src/main.c    ****   * @retval None
 347:Src/main.c    ****   */
 348:Src/main.c    **** static void MX_GPIO_Init(void)
 349:Src/main.c    **** {
  26              		.loc 1 349 1 view -0
  27              		.cfi_startproc
  28              		@ args = 0, pretend = 0, frame = 32
  29              		@ frame_needed = 0, uses_anonymous_args = 0
  30 0000 30B5     		push	{r4, r5, lr}
  31              	.LCFI0:
  32              		.cfi_def_cfa_offset 12
  33              		.cfi_offset 4, -12
  34              		.cfi_offset 5, -8
  35              		.cfi_offset 14, -4
  36 0002 89B0     		sub	sp, sp, #36
  37              	.LCFI1:
  38              		.cfi_def_cfa_offset 48
 350:Src/main.c    ****   GPIO_InitTypeDef GPIO_InitStruct = {0};
  39              		.loc 1 350 3 view .LVU1
  40              		.loc 1 350 20 is_stmt 0 view .LVU2
  41 0004 0024     		movs	r4, #0
  42 0006 0494     		str	r4, [sp, #16]
  43 0008 0594     		str	r4, [sp, #20]
  44 000a 0694     		str	r4, [sp, #24]
  45 000c 0794     		str	r4, [sp, #28]
 351:Src/main.c    **** 
 352:Src/main.c    ****   /* GPIO Ports Clock Enable */
 353:Src/main.c    ****   __HAL_RCC_GPIOC_CLK_ENABLE();
  46              		.loc 1 353 3 is_stmt 1 view .LVU3
  47              	.LBB2:
ARM GAS  C:\Users\Administrator.DESKTOP-24M4MSA\AppData\Local\Temp\cc5QNyik.s 			page 8


  48              		.loc 1 353 3 view .LVU4
  49              		.loc 1 353 3 view .LVU5
  50 000e 184B     		ldr	r3, .L3
  51 0010 9A69     		ldr	r2, [r3, #24]
  52 0012 42F01002 		orr	r2, r2, #16
  53 0016 9A61     		str	r2, [r3, #24]
  54              		.loc 1 353 3 view .LVU6
  55 0018 9A69     		ldr	r2, [r3, #24]
  56 001a 02F01002 		and	r2, r2, #16
  57 001e 0192     		str	r2, [sp, #4]
  58              		.loc 1 353 3 view .LVU7
  59 0020 019A     		ldr	r2, [sp, #4]
  60              	.LBE2:
  61              		.loc 1 353 3 view .LVU8
 354:Src/main.c    ****   __HAL_RCC_GPIOD_CLK_ENABLE();
  62              		.loc 1 354 3 view .LVU9
  63              	.LBB3:
  64              		.loc 1 354 3 view .LVU10
  65              		.loc 1 354 3 view .LVU11
  66 0022 9A69     		ldr	r2, [r3, #24]
  67 0024 42F02002 		orr	r2, r2, #32
  68 0028 9A61     		str	r2, [r3, #24]
  69              		.loc 1 354 3 view .LVU12
  70 002a 9A69     		ldr	r2, [r3, #24]
  71 002c 02F02002 		and	r2, r2, #32
  72 0030 0292     		str	r2, [sp, #8]
  73              		.loc 1 354 3 view .LVU13
  74 0032 029A     		ldr	r2, [sp, #8]
  75              	.LBE3:
  76              		.loc 1 354 3 view .LVU14
 355:Src/main.c    ****   __HAL_RCC_GPIOA_CLK_ENABLE();
  77              		.loc 1 355 3 view .LVU15
  78              	.LBB4:
  79              		.loc 1 355 3 view .LVU16
  80              		.loc 1 355 3 view .LVU17
  81 0034 9A69     		ldr	r2, [r3, #24]
  82 0036 42F00402 		orr	r2, r2, #4
  83 003a 9A61     		str	r2, [r3, #24]
  84              		.loc 1 355 3 view .LVU18
  85 003c 9B69     		ldr	r3, [r3, #24]
  86 003e 03F00403 		and	r3, r3, #4
  87 0042 0393     		str	r3, [sp, #12]
  88              		.loc 1 355 3 view .LVU19
  89 0044 039B     		ldr	r3, [sp, #12]
  90              	.LBE4:
  91              		.loc 1 355 3 view .LVU20
 356:Src/main.c    **** 
 357:Src/main.c    ****   /*Configure GPIO pin Output Level */
 358:Src/main.c    ****   HAL_GPIO_WritePin(LED_GPIO_Port, LED_Pin, GPIO_PIN_RESET);
  92              		.loc 1 358 3 view .LVU21
  93 0046 0B4D     		ldr	r5, .L3+4
  94 0048 2246     		mov	r2, r4
  95 004a 4FF40051 		mov	r1, #8192
  96 004e 2846     		mov	r0, r5
  97 0050 FFF7FEFF 		bl	HAL_GPIO_WritePin
  98              	.LVL0:
 359:Src/main.c    **** 
ARM GAS  C:\Users\Administrator.DESKTOP-24M4MSA\AppData\Local\Temp\cc5QNyik.s 			page 9


 360:Src/main.c    ****   /*Configure GPIO pin : LED_Pin */
 361:Src/main.c    ****   GPIO_InitStruct.Pin = LED_Pin;
  99              		.loc 1 361 3 view .LVU22
 100              		.loc 1 361 23 is_stmt 0 view .LVU23
 101 0054 4FF40053 		mov	r3, #8192
 102 0058 0493     		str	r3, [sp, #16]
 362:Src/main.c    ****   GPIO_InitStruct.Mode = GPIO_MODE_OUTPUT_PP;
 103              		.loc 1 362 3 is_stmt 1 view .LVU24
 104              		.loc 1 362 24 is_stmt 0 view .LVU25
 105 005a 0123     		movs	r3, #1
 106 005c 0593     		str	r3, [sp, #20]
 363:Src/main.c    ****   GPIO_InitStruct.Pull = GPIO_NOPULL;
 107              		.loc 1 363 3 is_stmt 1 view .LVU26
 108              		.loc 1 363 24 is_stmt 0 view .LVU27
 109 005e 0694     		str	r4, [sp, #24]
 364:Src/main.c    ****   GPIO_InitStruct.Speed = GPIO_SPEED_FREQ_MEDIUM;
 110              		.loc 1 364 3 is_stmt 1 view .LVU28
 111              		.loc 1 364 25 is_stmt 0 view .LVU29
 112 0060 0793     		str	r3, [sp, #28]
 365:Src/main.c    ****   HAL_GPIO_Init(LED_GPIO_Port, &GPIO_InitStruct);
 113              		.loc 1 365 3 is_stmt 1 view .LVU30
 114 0062 04A9     		add	r1, sp, #16
 115 0064 2846     		mov	r0, r5
 116 0066 FFF7FEFF 		bl	HAL_GPIO_Init
 117              	.LVL1:
 366:Src/main.c    **** 
 367:Src/main.c    **** }
 118              		.loc 1 367 1 is_stmt 0 view .LVU31
 119 006a 09B0     		add	sp, sp, #36
 120              	.LCFI2:
 121              		.cfi_def_cfa_offset 12
 122              		@ sp needed
 123 006c 30BD     		pop	{r4, r5, pc}
 124              	.L4:
 125 006e 00BF     		.align	2
 126              	.L3:
 127 0070 00100240 		.word	1073876992
 128 0074 00100140 		.word	1073811456
 129              		.cfi_endproc
 130              	.LFE70:
 132              		.section	.text.CAN_Set_Motor_Voltage,"ax",%progbits
 133              		.align	1
 134              		.global	CAN_Set_Motor_Voltage
 135              		.syntax unified
 136              		.thumb
 137              		.thumb_func
 138              		.fpu softvfp
 140              	CAN_Set_Motor_Voltage:
 141              	.LVL2:
 142              	.LFB72:
 368:Src/main.c    **** 
 369:Src/main.c    **** /* USER CODE BEGIN 4 */
 370:Src/main.c    **** HAL_StatusTypeDef CAN_RxFifo1MsgPendingCallBack(CAN_HandleTypeDef *hcan){
 371:Src/main.c    ****   if (HAL_CAN_GetRxMessage(&hcan, CAN_RX_FIFO1, &rxHeader, (uint8_t *)canRX) != HAL_OK){
 372:Src/main.c    ****     Error_Handler();
 373:Src/main.c    ****     canRxStatus = HAL_ERROR;
 374:Src/main.c    ****   }
ARM GAS  C:\Users\Administrator.DESKTOP-24M4MSA\AppData\Local\Temp\cc5QNyik.s 			page 10


 375:Src/main.c    ****   else{
 376:Src/main.c    ****     HAL_CAN_ActivateNotification(&hcan, CAN_IT_RX_FIFO1_MSG_PENDING);
 377:Src/main.c    ****     canRxStatus = HAL_OK;
 378:Src/main.c    ****     for(int i=0;i<6;i++){
 379:Src/main.c    ****     HAL_GPIO_TogglePin(GPIOC, GPIO_PIN_13);
 380:Src/main.c    ****     HAL_Delay(200);
 381:Src/main.c    ****   }
 382:Src/main.c    ****   }
 383:Src/main.c    **** }
 384:Src/main.c    **** void CAN_Set_Motor_Voltage(uint16_t v1, uint16_t v2, uint16_t v3, uint16_t v4, uint8_t target_buffe
 143              		.loc 1 384 104 is_stmt 1 view -0
 144              		.cfi_startproc
 145              		@ args = 4, pretend = 0, frame = 0
 146              		@ frame_needed = 0, uses_anonymous_args = 0
 147              		@ link register save eliminated.
 148              		.loc 1 384 104 is_stmt 0 view .LVU33
 149 0000 10B4     		push	{r4}
 150              	.LCFI3:
 151              		.cfi_def_cfa_offset 4
 152              		.cfi_offset 4, -4
 153 0002 019C     		ldr	r4, [sp, #4]
 385:Src/main.c    ****   target_buffer[0] = v1 >> 8;
 154              		.loc 1 385 3 is_stmt 1 view .LVU34
 155              		.loc 1 385 20 is_stmt 0 view .LVU35
 156 0004 4FEA102C 		lsr	ip, r0, #8
 157 0008 84F800C0 		strb	ip, [r4]
 386:Src/main.c    ****   target_buffer[1] = v1;
 158              		.loc 1 386 3 is_stmt 1 view .LVU36
 159              		.loc 1 386 20 is_stmt 0 view .LVU37
 160 000c 6070     		strb	r0, [r4, #1]
 387:Src/main.c    ****   target_buffer[2] = v2 >> 8;
 161              		.loc 1 387 3 is_stmt 1 view .LVU38
 162              		.loc 1 387 20 is_stmt 0 view .LVU39
 163 000e 080A     		lsrs	r0, r1, #8
 164              	.LVL3:
 165              		.loc 1 387 20 view .LVU40
 166 0010 A070     		strb	r0, [r4, #2]
 388:Src/main.c    ****   target_buffer[3] = v2;
 167              		.loc 1 388 3 is_stmt 1 view .LVU41
 168              		.loc 1 388 20 is_stmt 0 view .LVU42
 169 0012 E170     		strb	r1, [r4, #3]
 389:Src/main.c    ****   target_buffer[4] = v3 >> 8;
 170              		.loc 1 389 3 is_stmt 1 view .LVU43
 171              		.loc 1 389 20 is_stmt 0 view .LVU44
 172 0014 110A     		lsrs	r1, r2, #8
 173              	.LVL4:
 174              		.loc 1 389 20 view .LVU45
 175 0016 2171     		strb	r1, [r4, #4]
 390:Src/main.c    ****   target_buffer[5] = v3;
 176              		.loc 1 390 3 is_stmt 1 view .LVU46
 177              		.loc 1 390 20 is_stmt 0 view .LVU47
 178 0018 6271     		strb	r2, [r4, #5]
 391:Src/main.c    ****   target_buffer[6] = v4 >> 8;
 179              		.loc 1 391 3 is_stmt 1 view .LVU48
 180              		.loc 1 391 20 is_stmt 0 view .LVU49
 181 001a 1A0A     		lsrs	r2, r3, #8
 182              	.LVL5:
ARM GAS  C:\Users\Administrator.DESKTOP-24M4MSA\AppData\Local\Temp\cc5QNyik.s 			page 11


 183              		.loc 1 391 20 view .LVU50
 184 001c A271     		strb	r2, [r4, #6]
 392:Src/main.c    ****   target_buffer[7] = v4;
 185              		.loc 1 392 3 is_stmt 1 view .LVU51
 186              		.loc 1 392 20 is_stmt 0 view .LVU52
 187 001e E371     		strb	r3, [r4, #7]
 393:Src/main.c    ****   return;
 188              		.loc 1 393 3 is_stmt 1 view .LVU53
 394:Src/main.c    **** }
 189              		.loc 1 394 1 is_stmt 0 view .LVU54
 190 0020 10BC     		pop	{r4}
 191              	.LCFI4:
 192              		.cfi_restore 4
 193              		.cfi_def_cfa_offset 0
 194              	.LVL6:
 195              		.loc 1 394 1 view .LVU55
 196 0022 7047     		bx	lr
 197              		.cfi_endproc
 198              	.LFE72:
 200              		.section	.text.Error_Handler,"ax",%progbits
 201              		.align	1
 202              		.global	Error_Handler
 203              		.syntax unified
 204              		.thumb
 205              		.thumb_func
 206              		.fpu softvfp
 208              	Error_Handler:
 209              	.LFB73:
 395:Src/main.c    **** /* USER CODE END 4 */
 396:Src/main.c    **** 
 397:Src/main.c    **** /**
 398:Src/main.c    ****   * @brief  This function is executed in case of error occurrence.
 399:Src/main.c    ****   * @retval None
 400:Src/main.c    ****   */
 401:Src/main.c    **** void Error_Handler(void)
 402:Src/main.c    **** {
 210              		.loc 1 402 1 is_stmt 1 view -0
 211              		.cfi_startproc
 212              		@ args = 0, pretend = 0, frame = 0
 213              		@ frame_needed = 0, uses_anonymous_args = 0
 214 0000 10B5     		push	{r4, lr}
 215              	.LCFI5:
 216              		.cfi_def_cfa_offset 8
 217              		.cfi_offset 4, -8
 218              		.cfi_offset 14, -4
 403:Src/main.c    ****   /* USER CODE BEGIN Error_Handler_Debug */
 404:Src/main.c    ****   /* User can add his own implementation to report the HAL error return state */
 405:Src/main.c    ****   for(int i=0;i<4;i++){
 219              		.loc 1 405 3 view .LVU57
 220              	.LBB5:
 221              		.loc 1 405 7 view .LVU58
 222              	.LVL7:
 223              		.loc 1 405 11 is_stmt 0 view .LVU59
 224 0002 0024     		movs	r4, #0
 225              		.loc 1 405 3 view .LVU60
 226 0004 09E0     		b	.L8
 227              	.LVL8:
ARM GAS  C:\Users\Administrator.DESKTOP-24M4MSA\AppData\Local\Temp\cc5QNyik.s 			page 12


 228              	.L9:
 406:Src/main.c    ****     HAL_GPIO_TogglePin(GPIOC, GPIO_PIN_13);
 229              		.loc 1 406 5 is_stmt 1 discriminator 3 view .LVU61
 230 0006 4FF40051 		mov	r1, #8192
 231 000a 0548     		ldr	r0, .L11
 232 000c FFF7FEFF 		bl	HAL_GPIO_TogglePin
 233              	.LVL9:
 407:Src/main.c    ****     HAL_Delay(500);
 234              		.loc 1 407 5 discriminator 3 view .LVU62
 235 0010 4FF4FA70 		mov	r0, #500
 236 0014 FFF7FEFF 		bl	HAL_Delay
 237              	.LVL10:
 405:Src/main.c    ****     HAL_GPIO_TogglePin(GPIOC, GPIO_PIN_13);
 238              		.loc 1 405 19 discriminator 3 view .LVU63
 405:Src/main.c    ****     HAL_GPIO_TogglePin(GPIOC, GPIO_PIN_13);
 239              		.loc 1 405 20 is_stmt 0 discriminator 3 view .LVU64
 240 0018 0134     		adds	r4, r4, #1
 241              	.LVL11:
 242              	.L8:
 405:Src/main.c    ****     HAL_GPIO_TogglePin(GPIOC, GPIO_PIN_13);
 243              		.loc 1 405 15 is_stmt 1 discriminator 1 view .LVU65
 405:Src/main.c    ****     HAL_GPIO_TogglePin(GPIOC, GPIO_PIN_13);
 244              		.loc 1 405 3 is_stmt 0 discriminator 1 view .LVU66
 245 001a 032C     		cmp	r4, #3
 246 001c F3DD     		ble	.L9
 247              	.LBE5:
 408:Src/main.c    ****   }
 409:Src/main.c    ****   /* USER CODE END Error_Handler_Debug */
 410:Src/main.c    **** }
 248              		.loc 1 410 1 view .LVU67
 249 001e 10BD     		pop	{r4, pc}
 250              	.LVL12:
 251              	.L12:
 252              		.loc 1 410 1 view .LVU68
 253              		.align	2
 254              	.L11:
 255 0020 00100140 		.word	1073811456
 256              		.cfi_endproc
 257              	.LFE73:
 259              		.section	.text.MX_TIM1_Init,"ax",%progbits
 260              		.align	1
 261              		.syntax unified
 262              		.thumb
 263              		.thumb_func
 264              		.fpu softvfp
 266              	MX_TIM1_Init:
 267              	.LFB68:
 241:Src/main.c    **** 
 268              		.loc 1 241 1 is_stmt 1 view -0
 269              		.cfi_startproc
 270              		@ args = 0, pretend = 0, frame = 88
 271              		@ frame_needed = 0, uses_anonymous_args = 0
 272 0000 10B5     		push	{r4, lr}
 273              	.LCFI6:
 274              		.cfi_def_cfa_offset 8
 275              		.cfi_offset 4, -8
 276              		.cfi_offset 14, -4
ARM GAS  C:\Users\Administrator.DESKTOP-24M4MSA\AppData\Local\Temp\cc5QNyik.s 			page 13


 277 0002 96B0     		sub	sp, sp, #88
 278              	.LCFI7:
 279              		.cfi_def_cfa_offset 96
 247:Src/main.c    ****   TIM_MasterConfigTypeDef sMasterConfig = {0};
 280              		.loc 1 247 3 view .LVU70
 247:Src/main.c    ****   TIM_MasterConfigTypeDef sMasterConfig = {0};
 281              		.loc 1 247 26 is_stmt 0 view .LVU71
 282 0004 0024     		movs	r4, #0
 283 0006 1294     		str	r4, [sp, #72]
 284 0008 1394     		str	r4, [sp, #76]
 285 000a 1494     		str	r4, [sp, #80]
 286 000c 1594     		str	r4, [sp, #84]
 248:Src/main.c    ****   TIM_OC_InitTypeDef sConfigOC = {0};
 287              		.loc 1 248 3 is_stmt 1 view .LVU72
 248:Src/main.c    ****   TIM_OC_InitTypeDef sConfigOC = {0};
 288              		.loc 1 248 27 is_stmt 0 view .LVU73
 289 000e 1094     		str	r4, [sp, #64]
 290 0010 1194     		str	r4, [sp, #68]
 249:Src/main.c    ****   TIM_BreakDeadTimeConfigTypeDef sBreakDeadTimeConfig = {0};
 291              		.loc 1 249 3 is_stmt 1 view .LVU74
 249:Src/main.c    ****   TIM_BreakDeadTimeConfigTypeDef sBreakDeadTimeConfig = {0};
 292              		.loc 1 249 22 is_stmt 0 view .LVU75
 293 0012 0994     		str	r4, [sp, #36]
 294 0014 0A94     		str	r4, [sp, #40]
 295 0016 0B94     		str	r4, [sp, #44]
 296 0018 0C94     		str	r4, [sp, #48]
 297 001a 0D94     		str	r4, [sp, #52]
 298 001c 0E94     		str	r4, [sp, #56]
 299 001e 0F94     		str	r4, [sp, #60]
 250:Src/main.c    **** 
 300              		.loc 1 250 3 is_stmt 1 view .LVU76
 250:Src/main.c    **** 
 301              		.loc 1 250 34 is_stmt 0 view .LVU77
 302 0020 2022     		movs	r2, #32
 303 0022 2146     		mov	r1, r4
 304 0024 01A8     		add	r0, sp, #4
 305 0026 FFF7FEFF 		bl	memset
 306              	.LVL13:
 255:Src/main.c    ****   htim1.Init.Prescaler = 0;
 307              		.loc 1 255 3 is_stmt 1 view .LVU78
 255:Src/main.c    ****   htim1.Init.Prescaler = 0;
 308              		.loc 1 255 18 is_stmt 0 view .LVU79
 309 002a 2B48     		ldr	r0, .L27
 310 002c 2B4B     		ldr	r3, .L27+4
 311 002e 0360     		str	r3, [r0]
 256:Src/main.c    ****   htim1.Init.CounterMode = TIM_COUNTERMODE_UP;
 312              		.loc 1 256 3 is_stmt 1 view .LVU80
 256:Src/main.c    ****   htim1.Init.CounterMode = TIM_COUNTERMODE_UP;
 313              		.loc 1 256 24 is_stmt 0 view .LVU81
 314 0030 4460     		str	r4, [r0, #4]
 257:Src/main.c    ****   htim1.Init.Period = 0;
 315              		.loc 1 257 3 is_stmt 1 view .LVU82
 257:Src/main.c    ****   htim1.Init.Period = 0;
 316              		.loc 1 257 26 is_stmt 0 view .LVU83
 317 0032 8460     		str	r4, [r0, #8]
 258:Src/main.c    ****   htim1.Init.ClockDivision = TIM_CLOCKDIVISION_DIV1;
 318              		.loc 1 258 3 is_stmt 1 view .LVU84
ARM GAS  C:\Users\Administrator.DESKTOP-24M4MSA\AppData\Local\Temp\cc5QNyik.s 			page 14


 258:Src/main.c    ****   htim1.Init.ClockDivision = TIM_CLOCKDIVISION_DIV1;
 319              		.loc 1 258 21 is_stmt 0 view .LVU85
 320 0034 C460     		str	r4, [r0, #12]
 259:Src/main.c    ****   htim1.Init.RepetitionCounter = 0;
 321              		.loc 1 259 3 is_stmt 1 view .LVU86
 259:Src/main.c    ****   htim1.Init.RepetitionCounter = 0;
 322              		.loc 1 259 28 is_stmt 0 view .LVU87
 323 0036 0461     		str	r4, [r0, #16]
 260:Src/main.c    ****   htim1.Init.AutoReloadPreload = TIM_AUTORELOAD_PRELOAD_DISABLE;
 324              		.loc 1 260 3 is_stmt 1 view .LVU88
 260:Src/main.c    ****   htim1.Init.AutoReloadPreload = TIM_AUTORELOAD_PRELOAD_DISABLE;
 325              		.loc 1 260 32 is_stmt 0 view .LVU89
 326 0038 4461     		str	r4, [r0, #20]
 261:Src/main.c    ****   if (HAL_TIM_Base_Init(&htim1) != HAL_OK)
 327              		.loc 1 261 3 is_stmt 1 view .LVU90
 261:Src/main.c    ****   if (HAL_TIM_Base_Init(&htim1) != HAL_OK)
 328              		.loc 1 261 32 is_stmt 0 view .LVU91
 329 003a 8461     		str	r4, [r0, #24]
 262:Src/main.c    ****   {
 330              		.loc 1 262 3 is_stmt 1 view .LVU92
 262:Src/main.c    ****   {
 331              		.loc 1 262 7 is_stmt 0 view .LVU93
 332 003c FFF7FEFF 		bl	HAL_TIM_Base_Init
 333              	.LVL14:
 262:Src/main.c    ****   {
 334              		.loc 1 262 6 view .LVU94
 335 0040 0028     		cmp	r0, #0
 336 0042 36D1     		bne	.L21
 337              	.L14:
 266:Src/main.c    ****   if (HAL_TIM_ConfigClockSource(&htim1, &sClockSourceConfig) != HAL_OK)
 338              		.loc 1 266 3 is_stmt 1 view .LVU95
 266:Src/main.c    ****   if (HAL_TIM_ConfigClockSource(&htim1, &sClockSourceConfig) != HAL_OK)
 339              		.loc 1 266 34 is_stmt 0 view .LVU96
 340 0044 4FF48053 		mov	r3, #4096
 341 0048 1293     		str	r3, [sp, #72]
 267:Src/main.c    ****   {
 342              		.loc 1 267 3 is_stmt 1 view .LVU97
 267:Src/main.c    ****   {
 343              		.loc 1 267 7 is_stmt 0 view .LVU98
 344 004a 12A9     		add	r1, sp, #72
 345 004c 2248     		ldr	r0, .L27
 346 004e FFF7FEFF 		bl	HAL_TIM_ConfigClockSource
 347              	.LVL15:
 267:Src/main.c    ****   {
 348              		.loc 1 267 6 view .LVU99
 349 0052 0028     		cmp	r0, #0
 350 0054 30D1     		bne	.L22
 351              	.L15:
 271:Src/main.c    ****   {
 352              		.loc 1 271 3 is_stmt 1 view .LVU100
 271:Src/main.c    ****   {
 353              		.loc 1 271 7 is_stmt 0 view .LVU101
 354 0056 2048     		ldr	r0, .L27
 355 0058 FFF7FEFF 		bl	HAL_TIM_OC_Init
 356              	.LVL16:
 271:Src/main.c    ****   {
 357              		.loc 1 271 6 view .LVU102
ARM GAS  C:\Users\Administrator.DESKTOP-24M4MSA\AppData\Local\Temp\cc5QNyik.s 			page 15


 358 005c 0028     		cmp	r0, #0
 359 005e 2ED1     		bne	.L23
 360              	.L16:
 275:Src/main.c    ****   sMasterConfig.MasterSlaveMode = TIM_MASTERSLAVEMODE_DISABLE;
 361              		.loc 1 275 3 is_stmt 1 view .LVU103
 275:Src/main.c    ****   sMasterConfig.MasterSlaveMode = TIM_MASTERSLAVEMODE_DISABLE;
 362              		.loc 1 275 37 is_stmt 0 view .LVU104
 363 0060 0023     		movs	r3, #0
 364 0062 1093     		str	r3, [sp, #64]
 276:Src/main.c    ****   if (HAL_TIMEx_MasterConfigSynchronization(&htim1, &sMasterConfig) != HAL_OK)
 365              		.loc 1 276 3 is_stmt 1 view .LVU105
 276:Src/main.c    ****   if (HAL_TIMEx_MasterConfigSynchronization(&htim1, &sMasterConfig) != HAL_OK)
 366              		.loc 1 276 33 is_stmt 0 view .LVU106
 367 0064 1193     		str	r3, [sp, #68]
 277:Src/main.c    ****   {
 368              		.loc 1 277 3 is_stmt 1 view .LVU107
 277:Src/main.c    ****   {
 369              		.loc 1 277 7 is_stmt 0 view .LVU108
 370 0066 10A9     		add	r1, sp, #64
 371 0068 1B48     		ldr	r0, .L27
 372 006a FFF7FEFF 		bl	HAL_TIMEx_MasterConfigSynchronization
 373              	.LVL17:
 277:Src/main.c    ****   {
 374              		.loc 1 277 6 view .LVU109
 375 006e 48BB     		cbnz	r0, .L24
 376              	.L17:
 281:Src/main.c    ****   sConfigOC.Pulse = 0;
 377              		.loc 1 281 3 is_stmt 1 view .LVU110
 281:Src/main.c    ****   sConfigOC.Pulse = 0;
 378              		.loc 1 281 20 is_stmt 0 view .LVU111
 379 0070 0022     		movs	r2, #0
 380 0072 0992     		str	r2, [sp, #36]
 282:Src/main.c    ****   sConfigOC.OCPolarity = TIM_OCPOLARITY_HIGH;
 381              		.loc 1 282 3 is_stmt 1 view .LVU112
 282:Src/main.c    ****   sConfigOC.OCPolarity = TIM_OCPOLARITY_HIGH;
 382              		.loc 1 282 19 is_stmt 0 view .LVU113
 383 0074 0A92     		str	r2, [sp, #40]
 283:Src/main.c    ****   sConfigOC.OCNPolarity = TIM_OCNPOLARITY_HIGH;
 384              		.loc 1 283 3 is_stmt 1 view .LVU114
 283:Src/main.c    ****   sConfigOC.OCNPolarity = TIM_OCNPOLARITY_HIGH;
 385              		.loc 1 283 24 is_stmt 0 view .LVU115
 386 0076 0B92     		str	r2, [sp, #44]
 284:Src/main.c    ****   sConfigOC.OCFastMode = TIM_OCFAST_DISABLE;
 387              		.loc 1 284 3 is_stmt 1 view .LVU116
 284:Src/main.c    ****   sConfigOC.OCFastMode = TIM_OCFAST_DISABLE;
 388              		.loc 1 284 25 is_stmt 0 view .LVU117
 389 0078 0C92     		str	r2, [sp, #48]
 285:Src/main.c    ****   sConfigOC.OCIdleState = TIM_OCIDLESTATE_RESET;
 390              		.loc 1 285 3 is_stmt 1 view .LVU118
 285:Src/main.c    ****   sConfigOC.OCIdleState = TIM_OCIDLESTATE_RESET;
 391              		.loc 1 285 24 is_stmt 0 view .LVU119
 392 007a 0D92     		str	r2, [sp, #52]
 286:Src/main.c    ****   sConfigOC.OCNIdleState = TIM_OCNIDLESTATE_RESET;
 393              		.loc 1 286 3 is_stmt 1 view .LVU120
 286:Src/main.c    ****   sConfigOC.OCNIdleState = TIM_OCNIDLESTATE_RESET;
 394              		.loc 1 286 25 is_stmt 0 view .LVU121
 395 007c 0E92     		str	r2, [sp, #56]
ARM GAS  C:\Users\Administrator.DESKTOP-24M4MSA\AppData\Local\Temp\cc5QNyik.s 			page 16


 287:Src/main.c    ****   if (HAL_TIM_OC_ConfigChannel(&htim1, &sConfigOC, TIM_CHANNEL_1) != HAL_OK)
 396              		.loc 1 287 3 is_stmt 1 view .LVU122
 287:Src/main.c    ****   if (HAL_TIM_OC_ConfigChannel(&htim1, &sConfigOC, TIM_CHANNEL_1) != HAL_OK)
 397              		.loc 1 287 26 is_stmt 0 view .LVU123
 398 007e 0F92     		str	r2, [sp, #60]
 288:Src/main.c    ****   {
 399              		.loc 1 288 3 is_stmt 1 view .LVU124
 288:Src/main.c    ****   {
 400              		.loc 1 288 7 is_stmt 0 view .LVU125
 401 0080 09A9     		add	r1, sp, #36
 402 0082 1548     		ldr	r0, .L27
 403 0084 FFF7FEFF 		bl	HAL_TIM_OC_ConfigChannel
 404              	.LVL18:
 288:Src/main.c    ****   {
 405              		.loc 1 288 6 view .LVU126
 406 0088 F8B9     		cbnz	r0, .L25
 407              	.L18:
 292:Src/main.c    ****   sBreakDeadTimeConfig.OffStateIDLEMode = TIM_OSSI_DISABLE;
 408              		.loc 1 292 3 is_stmt 1 view .LVU127
 292:Src/main.c    ****   sBreakDeadTimeConfig.OffStateIDLEMode = TIM_OSSI_DISABLE;
 409              		.loc 1 292 40 is_stmt 0 view .LVU128
 410 008a 0023     		movs	r3, #0
 411 008c 0193     		str	r3, [sp, #4]
 293:Src/main.c    ****   sBreakDeadTimeConfig.LockLevel = TIM_LOCKLEVEL_OFF;
 412              		.loc 1 293 3 is_stmt 1 view .LVU129
 293:Src/main.c    ****   sBreakDeadTimeConfig.LockLevel = TIM_LOCKLEVEL_OFF;
 413              		.loc 1 293 41 is_stmt 0 view .LVU130
 414 008e 0293     		str	r3, [sp, #8]
 294:Src/main.c    ****   sBreakDeadTimeConfig.DeadTime = 0;
 415              		.loc 1 294 3 is_stmt 1 view .LVU131
 294:Src/main.c    ****   sBreakDeadTimeConfig.DeadTime = 0;
 416              		.loc 1 294 34 is_stmt 0 view .LVU132
 417 0090 0393     		str	r3, [sp, #12]
 295:Src/main.c    ****   sBreakDeadTimeConfig.BreakState = TIM_BREAK_DISABLE;
 418              		.loc 1 295 3 is_stmt 1 view .LVU133
 295:Src/main.c    ****   sBreakDeadTimeConfig.BreakState = TIM_BREAK_DISABLE;
 419              		.loc 1 295 33 is_stmt 0 view .LVU134
 420 0092 0493     		str	r3, [sp, #16]
 296:Src/main.c    ****   sBreakDeadTimeConfig.BreakPolarity = TIM_BREAKPOLARITY_HIGH;
 421              		.loc 1 296 3 is_stmt 1 view .LVU135
 296:Src/main.c    ****   sBreakDeadTimeConfig.BreakPolarity = TIM_BREAKPOLARITY_HIGH;
 422              		.loc 1 296 35 is_stmt 0 view .LVU136
 423 0094 0593     		str	r3, [sp, #20]
 297:Src/main.c    ****   sBreakDeadTimeConfig.AutomaticOutput = TIM_AUTOMATICOUTPUT_DISABLE;
 424              		.loc 1 297 3 is_stmt 1 view .LVU137
 297:Src/main.c    ****   sBreakDeadTimeConfig.AutomaticOutput = TIM_AUTOMATICOUTPUT_DISABLE;
 425              		.loc 1 297 38 is_stmt 0 view .LVU138
 426 0096 4FF40052 		mov	r2, #8192
 427 009a 0692     		str	r2, [sp, #24]
 298:Src/main.c    ****   if (HAL_TIMEx_ConfigBreakDeadTime(&htim1, &sBreakDeadTimeConfig) != HAL_OK)
 428              		.loc 1 298 3 is_stmt 1 view .LVU139
 298:Src/main.c    ****   if (HAL_TIMEx_ConfigBreakDeadTime(&htim1, &sBreakDeadTimeConfig) != HAL_OK)
 429              		.loc 1 298 40 is_stmt 0 view .LVU140
 430 009c 0893     		str	r3, [sp, #32]
 299:Src/main.c    ****   {
 431              		.loc 1 299 3 is_stmt 1 view .LVU141
 299:Src/main.c    ****   {
ARM GAS  C:\Users\Administrator.DESKTOP-24M4MSA\AppData\Local\Temp\cc5QNyik.s 			page 17


 432              		.loc 1 299 7 is_stmt 0 view .LVU142
 433 009e 01A9     		add	r1, sp, #4
 434 00a0 0D48     		ldr	r0, .L27
 435 00a2 FFF7FEFF 		bl	HAL_TIMEx_ConfigBreakDeadTime
 436              	.LVL19:
 299:Src/main.c    ****   {
 437              		.loc 1 299 6 view .LVU143
 438 00a6 98B9     		cbnz	r0, .L26
 439              	.L19:
 306:Src/main.c    **** 
 440              		.loc 1 306 3 is_stmt 1 view .LVU144
 441 00a8 0B48     		ldr	r0, .L27
 442 00aa FFF7FEFF 		bl	HAL_TIM_MspPostInit
 443              	.LVL20:
 308:Src/main.c    **** 
 444              		.loc 1 308 1 is_stmt 0 view .LVU145
 445 00ae 16B0     		add	sp, sp, #88
 446              	.LCFI8:
 447              		.cfi_remember_state
 448              		.cfi_def_cfa_offset 8
 449              		@ sp needed
 450 00b0 10BD     		pop	{r4, pc}
 451              	.L21:
 452              	.LCFI9:
 453              		.cfi_restore_state
 264:Src/main.c    ****   }
 454              		.loc 1 264 5 is_stmt 1 view .LVU146
 455 00b2 FFF7FEFF 		bl	Error_Handler
 456              	.LVL21:
 457 00b6 C5E7     		b	.L14
 458              	.L22:
 269:Src/main.c    ****   }
 459              		.loc 1 269 5 view .LVU147
 460 00b8 FFF7FEFF 		bl	Error_Handler
 461              	.LVL22:
 462 00bc CBE7     		b	.L15
 463              	.L23:
 273:Src/main.c    ****   }
 464              		.loc 1 273 5 view .LVU148
 465 00be FFF7FEFF 		bl	Error_Handler
 466              	.LVL23:
 467 00c2 CDE7     		b	.L16
 468              	.L24:
 279:Src/main.c    ****   }
 469              		.loc 1 279 5 view .LVU149
 470 00c4 FFF7FEFF 		bl	Error_Handler
 471              	.LVL24:
 472 00c8 D2E7     		b	.L17
 473              	.L25:
 290:Src/main.c    ****   }
 474              		.loc 1 290 5 view .LVU150
 475 00ca FFF7FEFF 		bl	Error_Handler
 476              	.LVL25:
 477 00ce DCE7     		b	.L18
 478              	.L26:
 301:Src/main.c    ****   }
 479              		.loc 1 301 5 view .LVU151
ARM GAS  C:\Users\Administrator.DESKTOP-24M4MSA\AppData\Local\Temp\cc5QNyik.s 			page 18


 480 00d0 FFF7FEFF 		bl	Error_Handler
 481              	.LVL26:
 482 00d4 E8E7     		b	.L19
 483              	.L28:
 484 00d6 00BF     		.align	2
 485              	.L27:
 486 00d8 00000000 		.word	.LANCHOR0
 487 00dc 002C0140 		.word	1073818624
 488              		.cfi_endproc
 489              	.LFE68:
 491              		.section	.text.MX_USART2_UART_Init,"ax",%progbits
 492              		.align	1
 493              		.syntax unified
 494              		.thumb
 495              		.thumb_func
 496              		.fpu softvfp
 498              	MX_USART2_UART_Init:
 499              	.LFB69:
 316:Src/main.c    **** 
 500              		.loc 1 316 1 view -0
 501              		.cfi_startproc
 502              		@ args = 0, pretend = 0, frame = 0
 503              		@ frame_needed = 0, uses_anonymous_args = 0
 504 0000 08B5     		push	{r3, lr}
 505              	.LCFI10:
 506              		.cfi_def_cfa_offset 8
 507              		.cfi_offset 3, -8
 508              		.cfi_offset 14, -4
 325:Src/main.c    ****   huart2.Init.BaudRate = 9600;
 509              		.loc 1 325 3 view .LVU153
 325:Src/main.c    ****   huart2.Init.BaudRate = 9600;
 510              		.loc 1 325 19 is_stmt 0 view .LVU154
 511 0002 0A48     		ldr	r0, .L33
 512 0004 0A4B     		ldr	r3, .L33+4
 513 0006 0360     		str	r3, [r0]
 326:Src/main.c    ****   huart2.Init.WordLength = UART_WORDLENGTH_8B;
 514              		.loc 1 326 3 is_stmt 1 view .LVU155
 326:Src/main.c    ****   huart2.Init.WordLength = UART_WORDLENGTH_8B;
 515              		.loc 1 326 24 is_stmt 0 view .LVU156
 516 0008 4FF41653 		mov	r3, #9600
 517 000c 4360     		str	r3, [r0, #4]
 327:Src/main.c    ****   huart2.Init.StopBits = UART_STOPBITS_1;
 518              		.loc 1 327 3 is_stmt 1 view .LVU157
 327:Src/main.c    ****   huart2.Init.StopBits = UART_STOPBITS_1;
 519              		.loc 1 327 26 is_stmt 0 view .LVU158
 520 000e 0023     		movs	r3, #0
 521 0010 8360     		str	r3, [r0, #8]
 328:Src/main.c    ****   huart2.Init.Parity = UART_PARITY_NONE;
 522              		.loc 1 328 3 is_stmt 1 view .LVU159
 328:Src/main.c    ****   huart2.Init.Parity = UART_PARITY_NONE;
 523              		.loc 1 328 24 is_stmt 0 view .LVU160
 524 0012 C360     		str	r3, [r0, #12]
 329:Src/main.c    ****   huart2.Init.Mode = UART_MODE_TX_RX;
 525              		.loc 1 329 3 is_stmt 1 view .LVU161
 329:Src/main.c    ****   huart2.Init.Mode = UART_MODE_TX_RX;
 526              		.loc 1 329 22 is_stmt 0 view .LVU162
 527 0014 0361     		str	r3, [r0, #16]
ARM GAS  C:\Users\Administrator.DESKTOP-24M4MSA\AppData\Local\Temp\cc5QNyik.s 			page 19


 330:Src/main.c    ****   huart2.Init.HwFlowCtl = UART_HWCONTROL_NONE;
 528              		.loc 1 330 3 is_stmt 1 view .LVU163
 330:Src/main.c    ****   huart2.Init.HwFlowCtl = UART_HWCONTROL_NONE;
 529              		.loc 1 330 20 is_stmt 0 view .LVU164
 530 0016 0C22     		movs	r2, #12
 531 0018 4261     		str	r2, [r0, #20]
 331:Src/main.c    ****   huart2.Init.OverSampling = UART_OVERSAMPLING_16;
 532              		.loc 1 331 3 is_stmt 1 view .LVU165
 331:Src/main.c    ****   huart2.Init.OverSampling = UART_OVERSAMPLING_16;
 533              		.loc 1 331 25 is_stmt 0 view .LVU166
 534 001a 8361     		str	r3, [r0, #24]
 332:Src/main.c    ****   if (HAL_UART_Init(&huart2) != HAL_OK)
 535              		.loc 1 332 3 is_stmt 1 view .LVU167
 332:Src/main.c    ****   if (HAL_UART_Init(&huart2) != HAL_OK)
 536              		.loc 1 332 28 is_stmt 0 view .LVU168
 537 001c C361     		str	r3, [r0, #28]
 333:Src/main.c    ****   {
 538              		.loc 1 333 3 is_stmt 1 view .LVU169
 333:Src/main.c    ****   {
 539              		.loc 1 333 7 is_stmt 0 view .LVU170
 540 001e FFF7FEFF 		bl	HAL_UART_Init
 541              	.LVL27:
 333:Src/main.c    ****   {
 542              		.loc 1 333 6 view .LVU171
 543 0022 00B9     		cbnz	r0, .L32
 544              	.L29:
 341:Src/main.c    **** 
 545              		.loc 1 341 1 view .LVU172
 546 0024 08BD     		pop	{r3, pc}
 547              	.L32:
 335:Src/main.c    ****   }
 548              		.loc 1 335 5 is_stmt 1 view .LVU173
 549 0026 FFF7FEFF 		bl	Error_Handler
 550              	.LVL28:
 341:Src/main.c    **** 
 551              		.loc 1 341 1 is_stmt 0 view .LVU174
 552 002a FBE7     		b	.L29
 553              	.L34:
 554              		.align	2
 555              	.L33:
 556 002c 00000000 		.word	.LANCHOR1
 557 0030 00440040 		.word	1073759232
 558              		.cfi_endproc
 559              	.LFE69:
 561              		.section	.text.MX_CAN_Init,"ax",%progbits
 562              		.align	1
 563              		.syntax unified
 564              		.thumb
 565              		.thumb_func
 566              		.fpu softvfp
 568              	MX_CAN_Init:
 569              	.LFB67:
 204:Src/main.c    **** 
 570              		.loc 1 204 1 is_stmt 1 view -0
 571              		.cfi_startproc
 572              		@ args = 0, pretend = 0, frame = 0
 573              		@ frame_needed = 0, uses_anonymous_args = 0
ARM GAS  C:\Users\Administrator.DESKTOP-24M4MSA\AppData\Local\Temp\cc5QNyik.s 			page 20


 574 0000 08B5     		push	{r3, lr}
 575              	.LCFI11:
 576              		.cfi_def_cfa_offset 8
 577              		.cfi_offset 3, -8
 578              		.cfi_offset 14, -4
 213:Src/main.c    ****   hcan.Init.Prescaler = 4;
 579              		.loc 1 213 3 view .LVU176
 213:Src/main.c    ****   hcan.Init.Prescaler = 4;
 580              		.loc 1 213 17 is_stmt 0 view .LVU177
 581 0002 0D48     		ldr	r0, .L39
 582 0004 0D4B     		ldr	r3, .L39+4
 583 0006 0360     		str	r3, [r0]
 214:Src/main.c    ****   hcan.Init.Mode = CAN_MODE_NORMAL;
 584              		.loc 1 214 3 is_stmt 1 view .LVU178
 214:Src/main.c    ****   hcan.Init.Mode = CAN_MODE_NORMAL;
 585              		.loc 1 214 23 is_stmt 0 view .LVU179
 586 0008 0423     		movs	r3, #4
 587 000a 4360     		str	r3, [r0, #4]
 215:Src/main.c    ****   hcan.Init.SyncJumpWidth = CAN_SJW_1TQ;
 588              		.loc 1 215 3 is_stmt 1 view .LVU180
 215:Src/main.c    ****   hcan.Init.SyncJumpWidth = CAN_SJW_1TQ;
 589              		.loc 1 215 18 is_stmt 0 view .LVU181
 590 000c 0023     		movs	r3, #0
 591 000e 8360     		str	r3, [r0, #8]
 216:Src/main.c    ****   hcan.Init.TimeSeg1 = CAN_BS1_6TQ;
 592              		.loc 1 216 3 is_stmt 1 view .LVU182
 216:Src/main.c    ****   hcan.Init.TimeSeg1 = CAN_BS1_6TQ;
 593              		.loc 1 216 27 is_stmt 0 view .LVU183
 594 0010 C360     		str	r3, [r0, #12]
 217:Src/main.c    ****   hcan.Init.TimeSeg2 = CAN_BS2_2TQ;
 595              		.loc 1 217 3 is_stmt 1 view .LVU184
 217:Src/main.c    ****   hcan.Init.TimeSeg2 = CAN_BS2_2TQ;
 596              		.loc 1 217 22 is_stmt 0 view .LVU185
 597 0012 4FF4A022 		mov	r2, #327680
 598 0016 0261     		str	r2, [r0, #16]
 218:Src/main.c    ****   hcan.Init.TimeTriggeredMode = DISABLE;
 599              		.loc 1 218 3 is_stmt 1 view .LVU186
 218:Src/main.c    ****   hcan.Init.TimeTriggeredMode = DISABLE;
 600              		.loc 1 218 22 is_stmt 0 view .LVU187
 601 0018 4FF48012 		mov	r2, #1048576
 602 001c 4261     		str	r2, [r0, #20]
 219:Src/main.c    ****   hcan.Init.AutoBusOff = DISABLE;
 603              		.loc 1 219 3 is_stmt 1 view .LVU188
 219:Src/main.c    ****   hcan.Init.AutoBusOff = DISABLE;
 604              		.loc 1 219 31 is_stmt 0 view .LVU189
 605 001e 0376     		strb	r3, [r0, #24]
 220:Src/main.c    ****   hcan.Init.AutoWakeUp = DISABLE;
 606              		.loc 1 220 3 is_stmt 1 view .LVU190
 220:Src/main.c    ****   hcan.Init.AutoWakeUp = DISABLE;
 607              		.loc 1 220 24 is_stmt 0 view .LVU191
 608 0020 4376     		strb	r3, [r0, #25]
 221:Src/main.c    ****   hcan.Init.AutoRetransmission = DISABLE;
 609              		.loc 1 221 3 is_stmt 1 view .LVU192
 221:Src/main.c    ****   hcan.Init.AutoRetransmission = DISABLE;
 610              		.loc 1 221 24 is_stmt 0 view .LVU193
 611 0022 8376     		strb	r3, [r0, #26]
 222:Src/main.c    ****   hcan.Init.ReceiveFifoLocked = DISABLE;
ARM GAS  C:\Users\Administrator.DESKTOP-24M4MSA\AppData\Local\Temp\cc5QNyik.s 			page 21


 612              		.loc 1 222 3 is_stmt 1 view .LVU194
 222:Src/main.c    ****   hcan.Init.ReceiveFifoLocked = DISABLE;
 613              		.loc 1 222 32 is_stmt 0 view .LVU195
 614 0024 C376     		strb	r3, [r0, #27]
 223:Src/main.c    ****   hcan.Init.TransmitFifoPriority = DISABLE;
 615              		.loc 1 223 3 is_stmt 1 view .LVU196
 223:Src/main.c    ****   hcan.Init.TransmitFifoPriority = DISABLE;
 616              		.loc 1 223 31 is_stmt 0 view .LVU197
 617 0026 0377     		strb	r3, [r0, #28]
 224:Src/main.c    ****   if (HAL_CAN_Init(&hcan) != HAL_OK)
 618              		.loc 1 224 3 is_stmt 1 view .LVU198
 224:Src/main.c    ****   if (HAL_CAN_Init(&hcan) != HAL_OK)
 619              		.loc 1 224 34 is_stmt 0 view .LVU199
 620 0028 4377     		strb	r3, [r0, #29]
 225:Src/main.c    ****   {
 621              		.loc 1 225 3 is_stmt 1 view .LVU200
 225:Src/main.c    ****   {
 622              		.loc 1 225 7 is_stmt 0 view .LVU201
 623 002a FFF7FEFF 		bl	HAL_CAN_Init
 624              	.LVL29:
 225:Src/main.c    ****   {
 625              		.loc 1 225 6 view .LVU202
 626 002e 00B9     		cbnz	r0, .L38
 627              	.L35:
 233:Src/main.c    **** 
 628              		.loc 1 233 1 view .LVU203
 629 0030 08BD     		pop	{r3, pc}
 630              	.L38:
 227:Src/main.c    ****   }
 631              		.loc 1 227 5 is_stmt 1 view .LVU204
 632 0032 FFF7FEFF 		bl	Error_Handler
 633              	.LVL30:
 233:Src/main.c    **** 
 634              		.loc 1 233 1 is_stmt 0 view .LVU205
 635 0036 FBE7     		b	.L35
 636              	.L40:
 637              		.align	2
 638              	.L39:
 639 0038 00000000 		.word	.LANCHOR2
 640 003c 00640040 		.word	1073767424
 641              		.cfi_endproc
 642              	.LFE67:
 644              		.section	.text.SystemClock_Config,"ax",%progbits
 645              		.align	1
 646              		.global	SystemClock_Config
 647              		.syntax unified
 648              		.thumb
 649              		.thumb_func
 650              		.fpu softvfp
 652              	SystemClock_Config:
 653              	.LFB66:
 166:Src/main.c    ****   RCC_OscInitTypeDef RCC_OscInitStruct = {0};
 654              		.loc 1 166 1 is_stmt 1 view -0
 655              		.cfi_startproc
 656              		@ args = 0, pretend = 0, frame = 64
 657              		@ frame_needed = 0, uses_anonymous_args = 0
 658 0000 00B5     		push	{lr}
ARM GAS  C:\Users\Administrator.DESKTOP-24M4MSA\AppData\Local\Temp\cc5QNyik.s 			page 22


 659              	.LCFI12:
 660              		.cfi_def_cfa_offset 4
 661              		.cfi_offset 14, -4
 662 0002 91B0     		sub	sp, sp, #68
 663              	.LCFI13:
 664              		.cfi_def_cfa_offset 72
 167:Src/main.c    ****   RCC_ClkInitTypeDef RCC_ClkInitStruct = {0};
 665              		.loc 1 167 3 view .LVU207
 167:Src/main.c    ****   RCC_ClkInitTypeDef RCC_ClkInitStruct = {0};
 666              		.loc 1 167 22 is_stmt 0 view .LVU208
 667 0004 2822     		movs	r2, #40
 668 0006 0021     		movs	r1, #0
 669 0008 06A8     		add	r0, sp, #24
 670 000a FFF7FEFF 		bl	memset
 671              	.LVL31:
 168:Src/main.c    **** 
 672              		.loc 1 168 3 is_stmt 1 view .LVU209
 168:Src/main.c    **** 
 673              		.loc 1 168 22 is_stmt 0 view .LVU210
 674 000e 0023     		movs	r3, #0
 675 0010 0193     		str	r3, [sp, #4]
 676 0012 0293     		str	r3, [sp, #8]
 677 0014 0393     		str	r3, [sp, #12]
 678 0016 0493     		str	r3, [sp, #16]
 679 0018 0593     		str	r3, [sp, #20]
 172:Src/main.c    ****   RCC_OscInitStruct.HSEState = RCC_HSE_ON;
 680              		.loc 1 172 3 is_stmt 1 view .LVU211
 172:Src/main.c    ****   RCC_OscInitStruct.HSEState = RCC_HSE_ON;
 681              		.loc 1 172 36 is_stmt 0 view .LVU212
 682 001a 0122     		movs	r2, #1
 683 001c 0692     		str	r2, [sp, #24]
 173:Src/main.c    ****   RCC_OscInitStruct.HSEPredivValue = RCC_HSE_PREDIV_DIV1;
 684              		.loc 1 173 3 is_stmt 1 view .LVU213
 173:Src/main.c    ****   RCC_OscInitStruct.HSEPredivValue = RCC_HSE_PREDIV_DIV1;
 685              		.loc 1 173 30 is_stmt 0 view .LVU214
 686 001e 4FF48033 		mov	r3, #65536
 687 0022 0793     		str	r3, [sp, #28]
 174:Src/main.c    ****   RCC_OscInitStruct.HSIState = RCC_HSI_ON;
 688              		.loc 1 174 3 is_stmt 1 view .LVU215
 175:Src/main.c    ****   RCC_OscInitStruct.PLL.PLLState = RCC_PLL_ON;
 689              		.loc 1 175 3 view .LVU216
 175:Src/main.c    ****   RCC_OscInitStruct.PLL.PLLState = RCC_PLL_ON;
 690              		.loc 1 175 30 is_stmt 0 view .LVU217
 691 0024 0A92     		str	r2, [sp, #40]
 176:Src/main.c    ****   RCC_OscInitStruct.PLL.PLLSource = RCC_PLLSOURCE_HSE;
 692              		.loc 1 176 3 is_stmt 1 view .LVU218
 176:Src/main.c    ****   RCC_OscInitStruct.PLL.PLLSource = RCC_PLLSOURCE_HSE;
 693              		.loc 1 176 34 is_stmt 0 view .LVU219
 694 0026 0222     		movs	r2, #2
 695 0028 0D92     		str	r2, [sp, #52]
 177:Src/main.c    ****   RCC_OscInitStruct.PLL.PLLMUL = RCC_PLL_MUL9;
 696              		.loc 1 177 3 is_stmt 1 view .LVU220
 177:Src/main.c    ****   RCC_OscInitStruct.PLL.PLLMUL = RCC_PLL_MUL9;
 697              		.loc 1 177 35 is_stmt 0 view .LVU221
 698 002a 0E93     		str	r3, [sp, #56]
 178:Src/main.c    ****   if (HAL_RCC_OscConfig(&RCC_OscInitStruct) != HAL_OK)
 699              		.loc 1 178 3 is_stmt 1 view .LVU222
ARM GAS  C:\Users\Administrator.DESKTOP-24M4MSA\AppData\Local\Temp\cc5QNyik.s 			page 23


 178:Src/main.c    ****   if (HAL_RCC_OscConfig(&RCC_OscInitStruct) != HAL_OK)
 700              		.loc 1 178 32 is_stmt 0 view .LVU223
 701 002c 4FF4E013 		mov	r3, #1835008
 702 0030 0F93     		str	r3, [sp, #60]
 179:Src/main.c    ****   {
 703              		.loc 1 179 3 is_stmt 1 view .LVU224
 179:Src/main.c    ****   {
 704              		.loc 1 179 7 is_stmt 0 view .LVU225
 705 0032 06A8     		add	r0, sp, #24
 706 0034 FFF7FEFF 		bl	HAL_RCC_OscConfig
 707              	.LVL32:
 179:Src/main.c    ****   {
 708              		.loc 1 179 6 view .LVU226
 709 0038 80B9     		cbnz	r0, .L45
 710              	.L42:
 185:Src/main.c    ****                               |RCC_CLOCKTYPE_PCLK1|RCC_CLOCKTYPE_PCLK2;
 711              		.loc 1 185 3 is_stmt 1 view .LVU227
 185:Src/main.c    ****                               |RCC_CLOCKTYPE_PCLK1|RCC_CLOCKTYPE_PCLK2;
 712              		.loc 1 185 31 is_stmt 0 view .LVU228
 713 003a 0F23     		movs	r3, #15
 714 003c 0193     		str	r3, [sp, #4]
 187:Src/main.c    ****   RCC_ClkInitStruct.AHBCLKDivider = RCC_SYSCLK_DIV1;
 715              		.loc 1 187 3 is_stmt 1 view .LVU229
 187:Src/main.c    ****   RCC_ClkInitStruct.AHBCLKDivider = RCC_SYSCLK_DIV1;
 716              		.loc 1 187 34 is_stmt 0 view .LVU230
 717 003e 0221     		movs	r1, #2
 718 0040 0291     		str	r1, [sp, #8]
 188:Src/main.c    ****   RCC_ClkInitStruct.APB1CLKDivider = RCC_HCLK_DIV2;
 719              		.loc 1 188 3 is_stmt 1 view .LVU231
 188:Src/main.c    ****   RCC_ClkInitStruct.APB1CLKDivider = RCC_HCLK_DIV2;
 720              		.loc 1 188 35 is_stmt 0 view .LVU232
 721 0042 0023     		movs	r3, #0
 722 0044 0393     		str	r3, [sp, #12]
 189:Src/main.c    ****   RCC_ClkInitStruct.APB2CLKDivider = RCC_HCLK_DIV1;
 723              		.loc 1 189 3 is_stmt 1 view .LVU233
 189:Src/main.c    ****   RCC_ClkInitStruct.APB2CLKDivider = RCC_HCLK_DIV1;
 724              		.loc 1 189 36 is_stmt 0 view .LVU234
 725 0046 4FF48062 		mov	r2, #1024
 726 004a 0492     		str	r2, [sp, #16]
 190:Src/main.c    **** 
 727              		.loc 1 190 3 is_stmt 1 view .LVU235
 190:Src/main.c    **** 
 728              		.loc 1 190 36 is_stmt 0 view .LVU236
 729 004c 0593     		str	r3, [sp, #20]
 192:Src/main.c    ****   {
 730              		.loc 1 192 3 is_stmt 1 view .LVU237
 192:Src/main.c    ****   {
 731              		.loc 1 192 7 is_stmt 0 view .LVU238
 732 004e 01A8     		add	r0, sp, #4
 733 0050 FFF7FEFF 		bl	HAL_RCC_ClockConfig
 734              	.LVL33:
 192:Src/main.c    ****   {
 735              		.loc 1 192 6 view .LVU239
 736 0054 28B9     		cbnz	r0, .L46
 737              	.L41:
 196:Src/main.c    **** 
 738              		.loc 1 196 1 view .LVU240
ARM GAS  C:\Users\Administrator.DESKTOP-24M4MSA\AppData\Local\Temp\cc5QNyik.s 			page 24


 739 0056 11B0     		add	sp, sp, #68
 740              	.LCFI14:
 741              		.cfi_remember_state
 742              		.cfi_def_cfa_offset 4
 743              		@ sp needed
 744 0058 5DF804FB 		ldr	pc, [sp], #4
 745              	.L45:
 746              	.LCFI15:
 747              		.cfi_restore_state
 181:Src/main.c    ****   }
 748              		.loc 1 181 5 is_stmt 1 view .LVU241
 749 005c FFF7FEFF 		bl	Error_Handler
 750              	.LVL34:
 751 0060 EBE7     		b	.L42
 752              	.L46:
 194:Src/main.c    ****   }
 753              		.loc 1 194 5 view .LVU242
 754 0062 FFF7FEFF 		bl	Error_Handler
 755              	.LVL35:
 196:Src/main.c    **** 
 756              		.loc 1 196 1 is_stmt 0 view .LVU243
 757 0066 F6E7     		b	.L41
 758              		.cfi_endproc
 759              	.LFE66:
 761              		.global	__aeabi_ui2f
 762              		.global	__aeabi_f2uiz
 763              		.section	.text.main,"ax",%progbits
 764              		.align	1
 765              		.global	main
 766              		.syntax unified
 767              		.thumb
 768              		.thumb_func
 769              		.fpu softvfp
 771              	main:
 772              	.LFB65:
  86:Src/main.c    ****   /* USER CODE BEGIN 1 */
 773              		.loc 1 86 1 is_stmt 1 view -0
 774              		.cfi_startproc
 775              		@ Volatile: function does not return.
 776              		@ args = 0, pretend = 0, frame = 72
 777              		@ frame_needed = 0, uses_anonymous_args = 0
 778 0000 00B5     		push	{lr}
 779              	.LCFI16:
 780              		.cfi_def_cfa_offset 4
 781              		.cfi_offset 14, -4
 782 0002 95B0     		sub	sp, sp, #84
 783              	.LCFI17:
 784              		.cfi_def_cfa_offset 88
  94:Src/main.c    **** 
 785              		.loc 1 94 3 view .LVU245
 786 0004 FFF7FEFF 		bl	HAL_Init
 787              	.LVL36:
 101:Src/main.c    **** 
 788              		.loc 1 101 3 view .LVU246
 789 0008 FFF7FEFF 		bl	SystemClock_Config
 790              	.LVL37:
 108:Src/main.c    ****   MX_TIM1_Init();
ARM GAS  C:\Users\Administrator.DESKTOP-24M4MSA\AppData\Local\Temp\cc5QNyik.s 			page 25


 791              		.loc 1 108 3 view .LVU247
 792 000c FFF7FEFF 		bl	MX_GPIO_Init
 793              	.LVL38:
 109:Src/main.c    ****   MX_USART2_UART_Init();
 794              		.loc 1 109 3 view .LVU248
 795 0010 FFF7FEFF 		bl	MX_TIM1_Init
 796              	.LVL39:
 110:Src/main.c    ****   MX_CAN_Init();
 797              		.loc 1 110 3 view .LVU249
 798 0014 FFF7FEFF 		bl	MX_USART2_UART_Init
 799              	.LVL40:
 111:Src/main.c    ****   /* USER CODE BEGIN 2 */
 800              		.loc 1 111 3 view .LVU250
 801 0018 FFF7FEFF 		bl	MX_CAN_Init
 802              	.LVL41:
 113:Src/main.c    ****   static volatile uint16_t encoder = 0;
 803              		.loc 1 113 3 view .LVU251
 114:Src/main.c    ****   CAN_FilterTypeDef canfil; // CAN Bus Filter
 804              		.loc 1 114 3 view .LVU252
 115:Src/main.c    ****   uint32_t canMailbox;
 805              		.loc 1 115 3 view .LVU253
 116:Src/main.c    **** 
 806              		.loc 1 116 3 view .LVU254
 118:Src/main.c    ****   canfil.FilterMode = CAN_FILTERMODE_IDMASK;
 807              		.loc 1 118 3 view .LVU255
 118:Src/main.c    ****   canfil.FilterMode = CAN_FILTERMODE_IDMASK;
 808              		.loc 1 118 21 is_stmt 0 view .LVU256
 809 001c 0023     		movs	r3, #0
 810 001e 0993     		str	r3, [sp, #36]
 119:Src/main.c    ****   canfil.FilterFIFOAssignment = CAN_RX_FIFO1;
 811              		.loc 1 119 3 is_stmt 1 view .LVU257
 119:Src/main.c    ****   canfil.FilterFIFOAssignment = CAN_RX_FIFO1;
 812              		.loc 1 119 21 is_stmt 0 view .LVU258
 813 0020 0A93     		str	r3, [sp, #40]
 120:Src/main.c    ****   canfil.FilterIdHigh = 0;
 814              		.loc 1 120 3 is_stmt 1 view .LVU259
 120:Src/main.c    ****   canfil.FilterIdHigh = 0;
 815              		.loc 1 120 31 is_stmt 0 view .LVU260
 816 0022 0122     		movs	r2, #1
 817 0024 0892     		str	r2, [sp, #32]
 121:Src/main.c    ****   canfil.FilterIdLow = 0;
 818              		.loc 1 121 3 is_stmt 1 view .LVU261
 121:Src/main.c    ****   canfil.FilterIdLow = 0;
 819              		.loc 1 121 23 is_stmt 0 view .LVU262
 820 0026 0493     		str	r3, [sp, #16]
 122:Src/main.c    ****   canfil.FilterMaskIdHigh = 0;
 821              		.loc 1 122 3 is_stmt 1 view .LVU263
 122:Src/main.c    ****   canfil.FilterMaskIdHigh = 0;
 822              		.loc 1 122 22 is_stmt 0 view .LVU264
 823 0028 0593     		str	r3, [sp, #20]
 123:Src/main.c    ****   canfil.FilterMaskIdLow = 0;
 824              		.loc 1 123 3 is_stmt 1 view .LVU265
 123:Src/main.c    ****   canfil.FilterMaskIdLow = 0;
 825              		.loc 1 123 27 is_stmt 0 view .LVU266
 826 002a 0693     		str	r3, [sp, #24]
 124:Src/main.c    ****   canfil.FilterScale = CAN_FILTERSCALE_32BIT;
 827              		.loc 1 124 3 is_stmt 1 view .LVU267
ARM GAS  C:\Users\Administrator.DESKTOP-24M4MSA\AppData\Local\Temp\cc5QNyik.s 			page 26


 124:Src/main.c    ****   canfil.FilterScale = CAN_FILTERSCALE_32BIT;
 828              		.loc 1 124 26 is_stmt 0 view .LVU268
 829 002c 0793     		str	r3, [sp, #28]
 125:Src/main.c    ****   canfil.FilterActivation = ENABLE;
 830              		.loc 1 125 3 is_stmt 1 view .LVU269
 125:Src/main.c    ****   canfil.FilterActivation = ENABLE;
 831              		.loc 1 125 22 is_stmt 0 view .LVU270
 832 002e 0B92     		str	r2, [sp, #44]
 126:Src/main.c    ****   canfil.SlaveStartFilterBank = 14;
 833              		.loc 1 126 3 is_stmt 1 view .LVU271
 126:Src/main.c    ****   canfil.SlaveStartFilterBank = 14;
 834              		.loc 1 126 27 is_stmt 0 view .LVU272
 835 0030 0C92     		str	r2, [sp, #48]
 127:Src/main.c    **** 
 836              		.loc 1 127 3 is_stmt 1 view .LVU273
 127:Src/main.c    **** 
 837              		.loc 1 127 31 is_stmt 0 view .LVU274
 838 0032 0E22     		movs	r2, #14
 839 0034 0D92     		str	r2, [sp, #52]
 129:Src/main.c    ****   txHeader.IDE = CAN_ID_STD;
 840              		.loc 1 129 3 is_stmt 1 view .LVU275
 129:Src/main.c    ****   txHeader.IDE = CAN_ID_STD;
 841              		.loc 1 129 16 is_stmt 0 view .LVU276
 842 0036 0822     		movs	r2, #8
 843 0038 1292     		str	r2, [sp, #72]
 130:Src/main.c    ****   txHeader.RTR = CAN_RTR_DATA;
 844              		.loc 1 130 3 is_stmt 1 view .LVU277
 130:Src/main.c    ****   txHeader.RTR = CAN_RTR_DATA;
 845              		.loc 1 130 16 is_stmt 0 view .LVU278
 846 003a 1093     		str	r3, [sp, #64]
 131:Src/main.c    ****   txHeader.StdId = 0x200;
 847              		.loc 1 131 3 is_stmt 1 view .LVU279
 131:Src/main.c    ****   txHeader.StdId = 0x200;
 848              		.loc 1 131 16 is_stmt 0 view .LVU280
 849 003c 1193     		str	r3, [sp, #68]
 132:Src/main.c    ****   txHeader.ExtId = 0x0;
 850              		.loc 1 132 3 is_stmt 1 view .LVU281
 132:Src/main.c    ****   txHeader.ExtId = 0x0;
 851              		.loc 1 132 18 is_stmt 0 view .LVU282
 852 003e 4FF40072 		mov	r2, #512
 853 0042 0E92     		str	r2, [sp, #56]
 133:Src/main.c    ****   txHeader.TransmitGlobalTime = DISABLE;
 854              		.loc 1 133 3 is_stmt 1 view .LVU283
 133:Src/main.c    ****   txHeader.TransmitGlobalTime = DISABLE;
 855              		.loc 1 133 18 is_stmt 0 view .LVU284
 856 0044 0F93     		str	r3, [sp, #60]
 134:Src/main.c    **** 
 857              		.loc 1 134 3 is_stmt 1 view .LVU285
 134:Src/main.c    **** 
 858              		.loc 1 134 31 is_stmt 0 view .LVU286
 859 0046 8DF84C30 		strb	r3, [sp, #76]
 136:Src/main.c    ****   // HAL_CAN_ActivateNotification(&hcan, CAN_IT_RX_FIFO1_MSG_PENDING);
 860              		.loc 1 136 3 is_stmt 1 view .LVU287
 861 004a 204C     		ldr	r4, .L50
 862 004c 04A9     		add	r1, sp, #16
 863 004e 2046     		mov	r0, r4
 864 0050 FFF7FEFF 		bl	HAL_CAN_ConfigFilter
ARM GAS  C:\Users\Administrator.DESKTOP-24M4MSA\AppData\Local\Temp\cc5QNyik.s 			page 27


 865              	.LVL42:
 138:Src/main.c    **** 
 866              		.loc 1 138 3 view .LVU288
 867 0054 2046     		mov	r0, r4
 868 0056 FFF7FEFF 		bl	HAL_CAN_Start
 869              	.LVL43:
 140:Src/main.c    **** 
 870              		.loc 1 140 3 view .LVU289
 871 005a 1D49     		ldr	r1, .L50+4
 872 005c 1D4B     		ldr	r3, .L50+8
 873 005e 0193     		str	r3, [sp, #4]	@ float
 874 0060 0093     		str	r3, [sp]	@ float
 875 0062 0B46     		mov	r3, r1
 876 0064 0022     		movs	r2, #0
 877 0066 1C48     		ldr	r0, .L50+12
 878 0068 FFF7FEFF 		bl	pid_init
 879              	.LVL44:
 880              	.L48:
 146:Src/main.c    ****   {
 881              		.loc 1 146 3 discriminator 1 view .LVU290
 151:Src/main.c    ****     canRxStatus = HAL_CAN_GetRxMessage(&hcan, CAN_RX_FIFO1, &rxHeader, (uint8_t *)canRX);
 882              		.loc 1 151 5 discriminator 1 view .LVU291
 151:Src/main.c    ****     canRxStatus = HAL_CAN_GetRxMessage(&hcan, CAN_RX_FIFO1, &rxHeader, (uint8_t *)canRX);
 883              		.loc 1 151 19 is_stmt 0 discriminator 1 view .LVU292
 884 006c 1B4D     		ldr	r5, .L50+16
 885 006e 174E     		ldr	r6, .L50
 886 0070 03AB     		add	r3, sp, #12
 887 0072 2A46     		mov	r2, r5
 888 0074 0EA9     		add	r1, sp, #56
 889 0076 3046     		mov	r0, r6
 890 0078 FFF7FEFF 		bl	HAL_CAN_AddTxMessage
 891              	.LVL45:
 151:Src/main.c    ****     canRxStatus = HAL_CAN_GetRxMessage(&hcan, CAN_RX_FIFO1, &rxHeader, (uint8_t *)canRX);
 892              		.loc 1 151 17 discriminator 1 view .LVU293
 893 007c 184B     		ldr	r3, .L50+20
 894 007e 1870     		strb	r0, [r3]
 152:Src/main.c    ****     current_rpm = (canRX[2]<<8)+canRX[3];
 895              		.loc 1 152 5 is_stmt 1 discriminator 1 view .LVU294
 152:Src/main.c    ****     current_rpm = (canRX[2]<<8)+canRX[3];
 896              		.loc 1 152 19 is_stmt 0 discriminator 1 view .LVU295
 897 0080 184C     		ldr	r4, .L50+24
 898 0082 2346     		mov	r3, r4
 899 0084 184A     		ldr	r2, .L50+28
 900 0086 0121     		movs	r1, #1
 901 0088 3046     		mov	r0, r6
 902 008a FFF7FEFF 		bl	HAL_CAN_GetRxMessage
 903              	.LVL46:
 152:Src/main.c    ****     current_rpm = (canRX[2]<<8)+canRX[3];
 904              		.loc 1 152 17 discriminator 1 view .LVU296
 905 008e 174B     		ldr	r3, .L50+32
 906 0090 1870     		strb	r0, [r3]
 153:Src/main.c    ****     CAN_Set_Motor_Voltage(pid_calc(&motorA,target,current_rpm),0,0,0,msg);
 907              		.loc 1 153 5 is_stmt 1 discriminator 1 view .LVU297
 153:Src/main.c    ****     CAN_Set_Motor_Voltage(pid_calc(&motorA,target,current_rpm),0,0,0,msg);
 908              		.loc 1 153 25 is_stmt 0 discriminator 1 view .LVU298
 909 0092 A378     		ldrb	r3, [r4, #2]	@ zero_extendqisi2
 153:Src/main.c    ****     CAN_Set_Motor_Voltage(pid_calc(&motorA,target,current_rpm),0,0,0,msg);
ARM GAS  C:\Users\Administrator.DESKTOP-24M4MSA\AppData\Local\Temp\cc5QNyik.s 			page 28


 910              		.loc 1 153 38 discriminator 1 view .LVU299
 911 0094 E078     		ldrb	r0, [r4, #3]	@ zero_extendqisi2
 153:Src/main.c    ****     CAN_Set_Motor_Voltage(pid_calc(&motorA,target,current_rpm),0,0,0,msg);
 912              		.loc 1 153 32 discriminator 1 view .LVU300
 913 0096 00EB0320 		add	r0, r0, r3, lsl #8
 914 009a 80B2     		uxth	r0, r0
 153:Src/main.c    ****     CAN_Set_Motor_Voltage(pid_calc(&motorA,target,current_rpm),0,0,0,msg);
 915              		.loc 1 153 17 discriminator 1 view .LVU301
 916 009c 144B     		ldr	r3, .L50+36
 917 009e 1880     		strh	r0, [r3]	@ movhi
 154:Src/main.c    ****     // encoder = canRX[0] << 8 | canRX[1];
 918              		.loc 1 154 5 is_stmt 1 discriminator 1 view .LVU302
 154:Src/main.c    ****     // encoder = canRX[0] << 8 | canRX[1];
 919              		.loc 1 154 27 is_stmt 0 discriminator 1 view .LVU303
 920 00a0 FFF7FEFF 		bl	__aeabi_ui2f
 921              	.LVL47:
 922 00a4 0446     		mov	r4, r0
 923 00a6 134B     		ldr	r3, .L50+40
 924 00a8 1888     		ldrh	r0, [r3]
 925 00aa FFF7FEFF 		bl	__aeabi_ui2f
 926              	.LVL48:
 927 00ae 0146     		mov	r1, r0
 928 00b0 2246     		mov	r2, r4
 929 00b2 0948     		ldr	r0, .L50+12
 930 00b4 FFF7FEFF 		bl	pid_calc
 931              	.LVL49:
 154:Src/main.c    ****     // encoder = canRX[0] << 8 | canRX[1];
 932              		.loc 1 154 5 discriminator 1 view .LVU304
 933 00b8 FFF7FEFF 		bl	__aeabi_f2uiz
 934              	.LVL50:
 935 00bc 0095     		str	r5, [sp]
 936 00be 0023     		movs	r3, #0
 937 00c0 1A46     		mov	r2, r3
 938 00c2 1946     		mov	r1, r3
 939 00c4 80B2     		uxth	r0, r0
 940 00c6 FFF7FEFF 		bl	CAN_Set_Motor_Voltage
 941              	.LVL51:
 146:Src/main.c    ****   {
 942              		.loc 1 146 9 is_stmt 1 discriminator 1 view .LVU305
 943 00ca CFE7     		b	.L48
 944              	.L51:
 945              		.align	2
 946              	.L50:
 947 00cc 00000000 		.word	.LANCHOR2
 948 00d0 00002041 		.word	1092616192
 949 00d4 00803B45 		.word	1161527296
 950 00d8 00000000 		.word	.LANCHOR3
 951 00dc 00000000 		.word	.LANCHOR4
 952 00e0 00000000 		.word	.LANCHOR5
 953 00e4 00000000 		.word	.LANCHOR6
 954 00e8 00000000 		.word	.LANCHOR7
 955 00ec 00000000 		.word	.LANCHOR8
 956 00f0 00000000 		.word	.LANCHOR9
 957 00f4 00000000 		.word	.LANCHOR10
 958              		.cfi_endproc
 959              	.LFE65:
 961              		.section	.text.CAN_RxFifo1MsgPendingCallBack,"ax",%progbits
ARM GAS  C:\Users\Administrator.DESKTOP-24M4MSA\AppData\Local\Temp\cc5QNyik.s 			page 29


 962              		.align	1
 963              		.global	CAN_RxFifo1MsgPendingCallBack
 964              		.syntax unified
 965              		.thumb
 966              		.thumb_func
 967              		.fpu softvfp
 969              	CAN_RxFifo1MsgPendingCallBack:
 970              	.LVL52:
 971              	.LFB71:
 370:Src/main.c    ****   if (HAL_CAN_GetRxMessage(&hcan, CAN_RX_FIFO1, &rxHeader, (uint8_t *)canRX) != HAL_OK){
 972              		.loc 1 370 73 view -0
 973              		.cfi_startproc
 974              		@ args = 0, pretend = 0, frame = 8
 975              		@ frame_needed = 0, uses_anonymous_args = 0
 370:Src/main.c    ****   if (HAL_CAN_GetRxMessage(&hcan, CAN_RX_FIFO1, &rxHeader, (uint8_t *)canRX) != HAL_OK){
 976              		.loc 1 370 73 is_stmt 0 view .LVU307
 977 0000 10B5     		push	{r4, lr}
 978              	.LCFI18:
 979              		.cfi_def_cfa_offset 8
 980              		.cfi_offset 4, -8
 981              		.cfi_offset 14, -4
 982 0002 82B0     		sub	sp, sp, #8
 983              	.LCFI19:
 984              		.cfi_def_cfa_offset 16
 985 0004 0190     		str	r0, [sp, #4]
 371:Src/main.c    ****     Error_Handler();
 986              		.loc 1 371 3 is_stmt 1 view .LVU308
 371:Src/main.c    ****     Error_Handler();
 987              		.loc 1 371 7 is_stmt 0 view .LVU309
 988 0006 114B     		ldr	r3, .L58
 989 0008 114A     		ldr	r2, .L58+4
 990 000a 0121     		movs	r1, #1
 991 000c 01A8     		add	r0, sp, #4
 992              	.LVL53:
 371:Src/main.c    ****     Error_Handler();
 993              		.loc 1 371 7 view .LVU310
 994 000e FFF7FEFF 		bl	HAL_CAN_GetRxMessage
 995              	.LVL54:
 371:Src/main.c    ****     Error_Handler();
 996              		.loc 1 371 6 view .LVU311
 997 0012 30B1     		cbz	r0, .L53
 372:Src/main.c    ****     canRxStatus = HAL_ERROR;
 998              		.loc 1 372 5 is_stmt 1 view .LVU312
 999 0014 FFF7FEFF 		bl	Error_Handler
 1000              	.LVL55:
 373:Src/main.c    ****   }
 1001              		.loc 1 373 5 view .LVU313
 373:Src/main.c    ****   }
 1002              		.loc 1 373 17 is_stmt 0 view .LVU314
 1003 0018 0E4B     		ldr	r3, .L58+8
 1004 001a 0122     		movs	r2, #1
 1005 001c 1A70     		strb	r2, [r3]
 1006              	.L54:
 383:Src/main.c    **** void CAN_Set_Motor_Voltage(uint16_t v1, uint16_t v2, uint16_t v3, uint16_t v4, uint8_t target_buffe
 1007              		.loc 1 383 1 view .LVU315
 1008 001e 02B0     		add	sp, sp, #8
 1009              	.LCFI20:
ARM GAS  C:\Users\Administrator.DESKTOP-24M4MSA\AppData\Local\Temp\cc5QNyik.s 			page 30


 1010              		.cfi_remember_state
 1011              		.cfi_def_cfa_offset 8
 1012              		@ sp needed
 1013 0020 10BD     		pop	{r4, pc}
 1014              	.L53:
 1015              	.LCFI21:
 1016              		.cfi_restore_state
 376:Src/main.c    ****     canRxStatus = HAL_OK;
 1017              		.loc 1 376 5 is_stmt 1 view .LVU316
 1018 0022 1021     		movs	r1, #16
 1019 0024 01A8     		add	r0, sp, #4
 1020 0026 FFF7FEFF 		bl	HAL_CAN_ActivateNotification
 1021              	.LVL56:
 377:Src/main.c    ****     for(int i=0;i<6;i++){
 1022              		.loc 1 377 5 view .LVU317
 377:Src/main.c    ****     for(int i=0;i<6;i++){
 1023              		.loc 1 377 17 is_stmt 0 view .LVU318
 1024 002a 0024     		movs	r4, #0
 1025 002c 094B     		ldr	r3, .L58+8
 1026 002e 1C70     		strb	r4, [r3]
 378:Src/main.c    ****     HAL_GPIO_TogglePin(GPIOC, GPIO_PIN_13);
 1027              		.loc 1 378 5 is_stmt 1 view .LVU319
 1028              	.LBB6:
 378:Src/main.c    ****     HAL_GPIO_TogglePin(GPIOC, GPIO_PIN_13);
 1029              		.loc 1 378 9 view .LVU320
 1030              	.LVL57:
 378:Src/main.c    ****     HAL_GPIO_TogglePin(GPIOC, GPIO_PIN_13);
 1031              		.loc 1 378 5 is_stmt 0 view .LVU321
 1032 0030 08E0     		b	.L55
 1033              	.LVL58:
 1034              	.L56:
 379:Src/main.c    ****     HAL_Delay(200);
 1035              		.loc 1 379 5 is_stmt 1 discriminator 3 view .LVU322
 1036 0032 4FF40051 		mov	r1, #8192
 1037 0036 0848     		ldr	r0, .L58+12
 1038 0038 FFF7FEFF 		bl	HAL_GPIO_TogglePin
 1039              	.LVL59:
 380:Src/main.c    ****   }
 1040              		.loc 1 380 5 discriminator 3 view .LVU323
 1041 003c C820     		movs	r0, #200
 1042 003e FFF7FEFF 		bl	HAL_Delay
 1043              	.LVL60:
 378:Src/main.c    ****     HAL_GPIO_TogglePin(GPIOC, GPIO_PIN_13);
 1044              		.loc 1 378 21 discriminator 3 view .LVU324
 378:Src/main.c    ****     HAL_GPIO_TogglePin(GPIOC, GPIO_PIN_13);
 1045              		.loc 1 378 22 is_stmt 0 discriminator 3 view .LVU325
 1046 0042 0134     		adds	r4, r4, #1
 1047              	.LVL61:
 1048              	.L55:
 378:Src/main.c    ****     HAL_GPIO_TogglePin(GPIOC, GPIO_PIN_13);
 1049              		.loc 1 378 17 is_stmt 1 discriminator 1 view .LVU326
 378:Src/main.c    ****     HAL_GPIO_TogglePin(GPIOC, GPIO_PIN_13);
 1050              		.loc 1 378 5 is_stmt 0 discriminator 1 view .LVU327
 1051 0044 052C     		cmp	r4, #5
 1052 0046 F4DD     		ble	.L56
 1053 0048 E9E7     		b	.L54
 1054              	.L59:
ARM GAS  C:\Users\Administrator.DESKTOP-24M4MSA\AppData\Local\Temp\cc5QNyik.s 			page 31


 1055 004a 00BF     		.align	2
 1056              	.L58:
 1057 004c 00000000 		.word	.LANCHOR6
 1058 0050 00000000 		.word	.LANCHOR7
 1059 0054 00000000 		.word	.LANCHOR8
 1060 0058 00100140 		.word	1073811456
 1061              	.LBE6:
 1062              		.cfi_endproc
 1063              	.LFE71:
 1065              		.global	motorA
 1066              		.global	current_rpm
 1067              		.global	target
 1068              		.global	msg
 1069              		.global	huart2
 1070              		.global	htim1
 1071              		.global	hcan
 1072              		.section	.bss.canRX,"aw",%nobits
 1073              		.align	2
 1074              		.set	.LANCHOR6,. + 0
 1077              	canRX:
 1078 0000 00000000 		.space	8
 1078      00000000 
 1079              		.section	.bss.canRxStatus,"aw",%nobits
 1080              		.set	.LANCHOR8,. + 0
 1083              	canRxStatus:
 1084 0000 00       		.space	1
 1085              		.section	.bss.canTxStatus,"aw",%nobits
 1086              		.set	.LANCHOR5,. + 0
 1089              	canTxStatus:
 1090 0000 00       		.space	1
 1091              		.section	.bss.current_rpm,"aw",%nobits
 1092              		.align	1
 1093              		.set	.LANCHOR9,. + 0
 1096              	current_rpm:
 1097 0000 0000     		.space	2
 1098              		.section	.bss.encoder.0,"aw",%nobits
 1099              		.align	1
 1102              	encoder.0:
 1103 0000 0000     		.space	2
 1104              		.section	.bss.hcan,"aw",%nobits
 1105              		.align	2
 1106              		.set	.LANCHOR2,. + 0
 1109              	hcan:
 1110 0000 00000000 		.space	40
 1110      00000000 
 1110      00000000 
 1110      00000000 
 1110      00000000 
 1111              		.section	.bss.htim1,"aw",%nobits
 1112              		.align	2
 1113              		.set	.LANCHOR0,. + 0
 1116              	htim1:
 1117 0000 00000000 		.space	72
 1117      00000000 
 1117      00000000 
 1117      00000000 
 1117      00000000 
ARM GAS  C:\Users\Administrator.DESKTOP-24M4MSA\AppData\Local\Temp\cc5QNyik.s 			page 32


 1118              		.section	.bss.huart2,"aw",%nobits
 1119              		.align	2
 1120              		.set	.LANCHOR1,. + 0
 1123              	huart2:
 1124 0000 00000000 		.space	68
 1124      00000000 
 1124      00000000 
 1124      00000000 
 1124      00000000 
 1125              		.section	.bss.motorA,"aw",%nobits
 1126              		.align	2
 1127              		.set	.LANCHOR3,. + 0
 1130              	motorA:
 1131 0000 00000000 		.space	52
 1131      00000000 
 1131      00000000 
 1131      00000000 
 1131      00000000 
 1132              		.section	.bss.msg,"aw",%nobits
 1133              		.align	2
 1134              		.set	.LANCHOR4,. + 0
 1137              	msg:
 1138 0000 00000000 		.space	8
 1138      00000000 
 1139              		.section	.bss.rxHeader,"aw",%nobits
 1140              		.align	2
 1141              		.set	.LANCHOR7,. + 0
 1144              	rxHeader:
 1145 0000 00000000 		.space	28
 1145      00000000 
 1145      00000000 
 1145      00000000 
 1145      00000000 
 1146              		.section	.data.target,"aw"
 1147              		.align	1
 1148              		.set	.LANCHOR10,. + 0
 1151              	target:
 1152 0000 3C00     		.short	60
 1153              		.text
 1154              	.Letext0:
 1155              		.file 2 "c:\\program files (x86)\\gnu arm embedded toolchain\\10 2021.07\\arm-none-eabi\\include\\
 1156              		.file 3 "c:\\program files (x86)\\gnu arm embedded toolchain\\10 2021.07\\arm-none-eabi\\include\\
 1157              		.file 4 "Drivers/CMSIS/Device/ST/STM32F1xx/Include/stm32f103xb.h"
 1158              		.file 5 "Drivers/CMSIS/Device/ST/STM32F1xx/Include/stm32f1xx.h"
 1159              		.file 6 "Drivers/STM32F1xx_HAL_Driver/Inc/stm32f1xx_hal_def.h"
 1160              		.file 7 "Drivers/STM32F1xx_HAL_Driver/Inc/stm32f1xx_hal_rcc.h"
 1161              		.file 8 "Drivers/STM32F1xx_HAL_Driver/Inc/stm32f1xx_hal_rcc_ex.h"
 1162              		.file 9 "Drivers/STM32F1xx_HAL_Driver/Inc/stm32f1xx_hal_gpio.h"
 1163              		.file 10 "Drivers/STM32F1xx_HAL_Driver/Inc/stm32f1xx_hal_dma.h"
 1164              		.file 11 "Drivers/STM32F1xx_HAL_Driver/Inc/stm32f1xx_hal_can.h"
 1165              		.file 12 "Drivers/STM32F1xx_HAL_Driver/Inc/stm32f1xx_hal_tim.h"
 1166              		.file 13 "Drivers/STM32F1xx_HAL_Driver/Inc/stm32f1xx_hal_uart.h"
 1167              		.file 14 "private/pid.h"
 1168              		.file 15 "Drivers/STM32F1xx_HAL_Driver/Inc/stm32f1xx_hal.h"
 1169              		.file 16 "Drivers/STM32F1xx_HAL_Driver/Inc/stm32f1xx_hal_tim_ex.h"
 1170              		.file 17 "Inc/main.h"
 1171              		.file 18 "<built-in>"
ARM GAS  C:\Users\Administrator.DESKTOP-24M4MSA\AppData\Local\Temp\cc5QNyik.s 			page 33


ARM GAS  C:\Users\Administrator.DESKTOP-24M4MSA\AppData\Local\Temp\cc5QNyik.s 			page 34


DEFINED SYMBOLS
                            *ABS*:00000000 main.c
C:\Users\Administrator.DESKTOP-24M4MSA\AppData\Local\Temp\cc5QNyik.s:16     .text.MX_GPIO_Init:00000000 $t
C:\Users\Administrator.DESKTOP-24M4MSA\AppData\Local\Temp\cc5QNyik.s:23     .text.MX_GPIO_Init:00000000 MX_GPIO_Init
C:\Users\Administrator.DESKTOP-24M4MSA\AppData\Local\Temp\cc5QNyik.s:127    .text.MX_GPIO_Init:00000070 $d
C:\Users\Administrator.DESKTOP-24M4MSA\AppData\Local\Temp\cc5QNyik.s:133    .text.CAN_Set_Motor_Voltage:00000000 $t
C:\Users\Administrator.DESKTOP-24M4MSA\AppData\Local\Temp\cc5QNyik.s:140    .text.CAN_Set_Motor_Voltage:00000000 CAN_Set_Motor_Voltage
C:\Users\Administrator.DESKTOP-24M4MSA\AppData\Local\Temp\cc5QNyik.s:201    .text.Error_Handler:00000000 $t
C:\Users\Administrator.DESKTOP-24M4MSA\AppData\Local\Temp\cc5QNyik.s:208    .text.Error_Handler:00000000 Error_Handler
C:\Users\Administrator.DESKTOP-24M4MSA\AppData\Local\Temp\cc5QNyik.s:255    .text.Error_Handler:00000020 $d
C:\Users\Administrator.DESKTOP-24M4MSA\AppData\Local\Temp\cc5QNyik.s:260    .text.MX_TIM1_Init:00000000 $t
C:\Users\Administrator.DESKTOP-24M4MSA\AppData\Local\Temp\cc5QNyik.s:266    .text.MX_TIM1_Init:00000000 MX_TIM1_Init
C:\Users\Administrator.DESKTOP-24M4MSA\AppData\Local\Temp\cc5QNyik.s:486    .text.MX_TIM1_Init:000000d8 $d
C:\Users\Administrator.DESKTOP-24M4MSA\AppData\Local\Temp\cc5QNyik.s:492    .text.MX_USART2_UART_Init:00000000 $t
C:\Users\Administrator.DESKTOP-24M4MSA\AppData\Local\Temp\cc5QNyik.s:498    .text.MX_USART2_UART_Init:00000000 MX_USART2_UART_Init
C:\Users\Administrator.DESKTOP-24M4MSA\AppData\Local\Temp\cc5QNyik.s:556    .text.MX_USART2_UART_Init:0000002c $d
C:\Users\Administrator.DESKTOP-24M4MSA\AppData\Local\Temp\cc5QNyik.s:562    .text.MX_CAN_Init:00000000 $t
C:\Users\Administrator.DESKTOP-24M4MSA\AppData\Local\Temp\cc5QNyik.s:568    .text.MX_CAN_Init:00000000 MX_CAN_Init
C:\Users\Administrator.DESKTOP-24M4MSA\AppData\Local\Temp\cc5QNyik.s:639    .text.MX_CAN_Init:00000038 $d
C:\Users\Administrator.DESKTOP-24M4MSA\AppData\Local\Temp\cc5QNyik.s:645    .text.SystemClock_Config:00000000 $t
C:\Users\Administrator.DESKTOP-24M4MSA\AppData\Local\Temp\cc5QNyik.s:652    .text.SystemClock_Config:00000000 SystemClock_Config
C:\Users\Administrator.DESKTOP-24M4MSA\AppData\Local\Temp\cc5QNyik.s:764    .text.main:00000000 $t
C:\Users\Administrator.DESKTOP-24M4MSA\AppData\Local\Temp\cc5QNyik.s:771    .text.main:00000000 main
C:\Users\Administrator.DESKTOP-24M4MSA\AppData\Local\Temp\cc5QNyik.s:947    .text.main:000000cc $d
C:\Users\Administrator.DESKTOP-24M4MSA\AppData\Local\Temp\cc5QNyik.s:962    .text.CAN_RxFifo1MsgPendingCallBack:00000000 $t
C:\Users\Administrator.DESKTOP-24M4MSA\AppData\Local\Temp\cc5QNyik.s:969    .text.CAN_RxFifo1MsgPendingCallBack:00000000 CAN_RxFifo1MsgPendingCallBack
C:\Users\Administrator.DESKTOP-24M4MSA\AppData\Local\Temp\cc5QNyik.s:1057   .text.CAN_RxFifo1MsgPendingCallBack:0000004c $d
C:\Users\Administrator.DESKTOP-24M4MSA\AppData\Local\Temp\cc5QNyik.s:1130   .bss.motorA:00000000 motorA
C:\Users\Administrator.DESKTOP-24M4MSA\AppData\Local\Temp\cc5QNyik.s:1096   .bss.current_rpm:00000000 current_rpm
C:\Users\Administrator.DESKTOP-24M4MSA\AppData\Local\Temp\cc5QNyik.s:1151   .data.target:00000000 target
C:\Users\Administrator.DESKTOP-24M4MSA\AppData\Local\Temp\cc5QNyik.s:1137   .bss.msg:00000000 msg
C:\Users\Administrator.DESKTOP-24M4MSA\AppData\Local\Temp\cc5QNyik.s:1123   .bss.huart2:00000000 huart2
C:\Users\Administrator.DESKTOP-24M4MSA\AppData\Local\Temp\cc5QNyik.s:1116   .bss.htim1:00000000 htim1
C:\Users\Administrator.DESKTOP-24M4MSA\AppData\Local\Temp\cc5QNyik.s:1109   .bss.hcan:00000000 hcan
C:\Users\Administrator.DESKTOP-24M4MSA\AppData\Local\Temp\cc5QNyik.s:1073   .bss.canRX:00000000 $d
C:\Users\Administrator.DESKTOP-24M4MSA\AppData\Local\Temp\cc5QNyik.s:1077   .bss.canRX:00000000 canRX
C:\Users\Administrator.DESKTOP-24M4MSA\AppData\Local\Temp\cc5QNyik.s:1083   .bss.canRxStatus:00000000 canRxStatus
C:\Users\Administrator.DESKTOP-24M4MSA\AppData\Local\Temp\cc5QNyik.s:1084   .bss.canRxStatus:00000000 $d
C:\Users\Administrator.DESKTOP-24M4MSA\AppData\Local\Temp\cc5QNyik.s:1089   .bss.canTxStatus:00000000 canTxStatus
C:\Users\Administrator.DESKTOP-24M4MSA\AppData\Local\Temp\cc5QNyik.s:1090   .bss.canTxStatus:00000000 $d
C:\Users\Administrator.DESKTOP-24M4MSA\AppData\Local\Temp\cc5QNyik.s:1092   .bss.current_rpm:00000000 $d
C:\Users\Administrator.DESKTOP-24M4MSA\AppData\Local\Temp\cc5QNyik.s:1099   .bss.encoder.0:00000000 $d
C:\Users\Administrator.DESKTOP-24M4MSA\AppData\Local\Temp\cc5QNyik.s:1102   .bss.encoder.0:00000000 encoder.0
C:\Users\Administrator.DESKTOP-24M4MSA\AppData\Local\Temp\cc5QNyik.s:1105   .bss.hcan:00000000 $d
C:\Users\Administrator.DESKTOP-24M4MSA\AppData\Local\Temp\cc5QNyik.s:1112   .bss.htim1:00000000 $d
C:\Users\Administrator.DESKTOP-24M4MSA\AppData\Local\Temp\cc5QNyik.s:1119   .bss.huart2:00000000 $d
C:\Users\Administrator.DESKTOP-24M4MSA\AppData\Local\Temp\cc5QNyik.s:1126   .bss.motorA:00000000 $d
C:\Users\Administrator.DESKTOP-24M4MSA\AppData\Local\Temp\cc5QNyik.s:1133   .bss.msg:00000000 $d
C:\Users\Administrator.DESKTOP-24M4MSA\AppData\Local\Temp\cc5QNyik.s:1140   .bss.rxHeader:00000000 $d
C:\Users\Administrator.DESKTOP-24M4MSA\AppData\Local\Temp\cc5QNyik.s:1144   .bss.rxHeader:00000000 rxHeader
C:\Users\Administrator.DESKTOP-24M4MSA\AppData\Local\Temp\cc5QNyik.s:1147   .data.target:00000000 $d

UNDEFINED SYMBOLS
HAL_GPIO_WritePin
HAL_GPIO_Init
HAL_GPIO_TogglePin
HAL_Delay
ARM GAS  C:\Users\Administrator.DESKTOP-24M4MSA\AppData\Local\Temp\cc5QNyik.s 			page 35


memset
HAL_TIM_Base_Init
HAL_TIM_ConfigClockSource
HAL_TIM_OC_Init
HAL_TIMEx_MasterConfigSynchronization
HAL_TIM_OC_ConfigChannel
HAL_TIMEx_ConfigBreakDeadTime
HAL_TIM_MspPostInit
HAL_UART_Init
HAL_CAN_Init
HAL_RCC_OscConfig
HAL_RCC_ClockConfig
__aeabi_ui2f
__aeabi_f2uiz
HAL_Init
HAL_CAN_ConfigFilter
HAL_CAN_Start
pid_init
HAL_CAN_AddTxMessage
HAL_CAN_GetRxMessage
pid_calc
HAL_CAN_ActivateNotification
