ARM GAS  C:\Users\Administrator.DESKTOP-24M4MSA\AppData\Local\Temp\ccp64exL.s 			page 1


   1              		.cpu cortex-m3
   2              		.eabi_attribute 20, 1
   3              		.eabi_attribute 21, 1
   4              		.eabi_attribute 23, 3
   5              		.eabi_attribute 24, 1
   6              		.eabi_attribute 25, 1
   7              		.eabi_attribute 26, 1
   8              		.eabi_attribute 30, 1
   9              		.eabi_attribute 34, 1
  10              		.eabi_attribute 18, 4
  11              		.file	"stm32f1xx_hal_msp.c"
  12              		.text
  13              	.Ltext0:
  14              		.cfi_sections	.debug_frame
  15              		.section	.text.HAL_MspInit,"ax",%progbits
  16              		.align	1
  17              		.global	HAL_MspInit
  18              		.arch armv7-m
  19              		.syntax unified
  20              		.thumb
  21              		.thumb_func
  22              		.fpu softvfp
  24              	HAL_MspInit:
  25              	.LFB65:
  26              		.file 1 "Src/stm32f1xx_hal_msp.c"
   1:Src/stm32f1xx_hal_msp.c **** /* USER CODE BEGIN Header */
   2:Src/stm32f1xx_hal_msp.c **** /**
   3:Src/stm32f1xx_hal_msp.c ****   ******************************************************************************
   4:Src/stm32f1xx_hal_msp.c ****   * File Name          : stm32f1xx_hal_msp.c
   5:Src/stm32f1xx_hal_msp.c ****   * Description        : This file provides code for the MSP Initialization
   6:Src/stm32f1xx_hal_msp.c ****   *                      and de-Initialization codes.
   7:Src/stm32f1xx_hal_msp.c ****   ******************************************************************************
   8:Src/stm32f1xx_hal_msp.c ****   * @attention
   9:Src/stm32f1xx_hal_msp.c ****   *
  10:Src/stm32f1xx_hal_msp.c ****   * <h2><center>&copy; Copyright (c) 2021 STMicroelectronics.
  11:Src/stm32f1xx_hal_msp.c ****   * All rights reserved.</center></h2>
  12:Src/stm32f1xx_hal_msp.c ****   *
  13:Src/stm32f1xx_hal_msp.c ****   * This software component is licensed by ST under BSD 3-Clause license,
  14:Src/stm32f1xx_hal_msp.c ****   * the "License"; You may not use this file except in compliance with the
  15:Src/stm32f1xx_hal_msp.c ****   * License. You may obtain a copy of the License at:
  16:Src/stm32f1xx_hal_msp.c ****   *                        opensource.org/licenses/BSD-3-Clause
  17:Src/stm32f1xx_hal_msp.c ****   *
  18:Src/stm32f1xx_hal_msp.c ****   ******************************************************************************
  19:Src/stm32f1xx_hal_msp.c ****   */
  20:Src/stm32f1xx_hal_msp.c **** /* USER CODE END Header */
  21:Src/stm32f1xx_hal_msp.c **** 
  22:Src/stm32f1xx_hal_msp.c **** /* Includes ------------------------------------------------------------------*/
  23:Src/stm32f1xx_hal_msp.c **** #include "main.h"
  24:Src/stm32f1xx_hal_msp.c **** /* USER CODE BEGIN Includes */
  25:Src/stm32f1xx_hal_msp.c **** 
  26:Src/stm32f1xx_hal_msp.c **** /* USER CODE END Includes */
  27:Src/stm32f1xx_hal_msp.c **** extern DMA_HandleTypeDef hdma_usart1_rx;
  28:Src/stm32f1xx_hal_msp.c **** 
  29:Src/stm32f1xx_hal_msp.c **** /* Private typedef -----------------------------------------------------------*/
  30:Src/stm32f1xx_hal_msp.c **** /* USER CODE BEGIN TD */
  31:Src/stm32f1xx_hal_msp.c **** 
  32:Src/stm32f1xx_hal_msp.c **** /* USER CODE END TD */
ARM GAS  C:\Users\Administrator.DESKTOP-24M4MSA\AppData\Local\Temp\ccp64exL.s 			page 2


  33:Src/stm32f1xx_hal_msp.c **** 
  34:Src/stm32f1xx_hal_msp.c **** /* Private define ------------------------------------------------------------*/
  35:Src/stm32f1xx_hal_msp.c **** /* USER CODE BEGIN Define */
  36:Src/stm32f1xx_hal_msp.c **** 
  37:Src/stm32f1xx_hal_msp.c **** /* USER CODE END Define */
  38:Src/stm32f1xx_hal_msp.c **** 
  39:Src/stm32f1xx_hal_msp.c **** /* Private macro -------------------------------------------------------------*/
  40:Src/stm32f1xx_hal_msp.c **** /* USER CODE BEGIN Macro */
  41:Src/stm32f1xx_hal_msp.c **** 
  42:Src/stm32f1xx_hal_msp.c **** /* USER CODE END Macro */
  43:Src/stm32f1xx_hal_msp.c **** 
  44:Src/stm32f1xx_hal_msp.c **** /* Private variables ---------------------------------------------------------*/
  45:Src/stm32f1xx_hal_msp.c **** /* USER CODE BEGIN PV */
  46:Src/stm32f1xx_hal_msp.c **** 
  47:Src/stm32f1xx_hal_msp.c **** /* USER CODE END PV */
  48:Src/stm32f1xx_hal_msp.c **** 
  49:Src/stm32f1xx_hal_msp.c **** /* Private function prototypes -----------------------------------------------*/
  50:Src/stm32f1xx_hal_msp.c **** /* USER CODE BEGIN PFP */
  51:Src/stm32f1xx_hal_msp.c **** 
  52:Src/stm32f1xx_hal_msp.c **** /* USER CODE END PFP */
  53:Src/stm32f1xx_hal_msp.c **** 
  54:Src/stm32f1xx_hal_msp.c **** /* External functions --------------------------------------------------------*/
  55:Src/stm32f1xx_hal_msp.c **** /* USER CODE BEGIN ExternalFunctions */
  56:Src/stm32f1xx_hal_msp.c **** 
  57:Src/stm32f1xx_hal_msp.c **** /* USER CODE END ExternalFunctions */
  58:Src/stm32f1xx_hal_msp.c **** 
  59:Src/stm32f1xx_hal_msp.c **** /* USER CODE BEGIN 0 */
  60:Src/stm32f1xx_hal_msp.c **** 
  61:Src/stm32f1xx_hal_msp.c **** /* USER CODE END 0 */
  62:Src/stm32f1xx_hal_msp.c **** 
  63:Src/stm32f1xx_hal_msp.c **** void HAL_TIM_MspPostInit(TIM_HandleTypeDef *htim);
  64:Src/stm32f1xx_hal_msp.c ****                     /**
  65:Src/stm32f1xx_hal_msp.c ****   * Initializes the Global MSP.
  66:Src/stm32f1xx_hal_msp.c ****   */
  67:Src/stm32f1xx_hal_msp.c **** void HAL_MspInit(void)
  68:Src/stm32f1xx_hal_msp.c **** {
  27              		.loc 1 68 1 view -0
  28              		.cfi_startproc
  29              		@ args = 0, pretend = 0, frame = 8
  30              		@ frame_needed = 0, uses_anonymous_args = 0
  31              		@ link register save eliminated.
  32 0000 82B0     		sub	sp, sp, #8
  33              	.LCFI0:
  34              		.cfi_def_cfa_offset 8
  69:Src/stm32f1xx_hal_msp.c ****   /* USER CODE BEGIN MspInit 0 */
  70:Src/stm32f1xx_hal_msp.c **** 
  71:Src/stm32f1xx_hal_msp.c ****   /* USER CODE END MspInit 0 */
  72:Src/stm32f1xx_hal_msp.c **** 
  73:Src/stm32f1xx_hal_msp.c ****   __HAL_RCC_AFIO_CLK_ENABLE();
  35              		.loc 1 73 3 view .LVU1
  36              	.LBB2:
  37              		.loc 1 73 3 view .LVU2
  38              		.loc 1 73 3 view .LVU3
  39 0002 0E4B     		ldr	r3, .L3
  40 0004 9A69     		ldr	r2, [r3, #24]
  41 0006 42F00102 		orr	r2, r2, #1
  42 000a 9A61     		str	r2, [r3, #24]
ARM GAS  C:\Users\Administrator.DESKTOP-24M4MSA\AppData\Local\Temp\ccp64exL.s 			page 3


  43              		.loc 1 73 3 view .LVU4
  44 000c 9A69     		ldr	r2, [r3, #24]
  45 000e 02F00102 		and	r2, r2, #1
  46 0012 0092     		str	r2, [sp]
  47              		.loc 1 73 3 view .LVU5
  48 0014 009A     		ldr	r2, [sp]
  49              	.LBE2:
  50              		.loc 1 73 3 view .LVU6
  74:Src/stm32f1xx_hal_msp.c ****   __HAL_RCC_PWR_CLK_ENABLE();
  51              		.loc 1 74 3 view .LVU7
  52              	.LBB3:
  53              		.loc 1 74 3 view .LVU8
  54              		.loc 1 74 3 view .LVU9
  55 0016 DA69     		ldr	r2, [r3, #28]
  56 0018 42F08052 		orr	r2, r2, #268435456
  57 001c DA61     		str	r2, [r3, #28]
  58              		.loc 1 74 3 view .LVU10
  59 001e DB69     		ldr	r3, [r3, #28]
  60 0020 03F08053 		and	r3, r3, #268435456
  61 0024 0193     		str	r3, [sp, #4]
  62              		.loc 1 74 3 view .LVU11
  63 0026 019B     		ldr	r3, [sp, #4]
  64              	.LBE3:
  65              		.loc 1 74 3 view .LVU12
  75:Src/stm32f1xx_hal_msp.c **** 
  76:Src/stm32f1xx_hal_msp.c ****   /* System interrupt init*/
  77:Src/stm32f1xx_hal_msp.c **** 
  78:Src/stm32f1xx_hal_msp.c ****   /** NOJTAG: JTAG-DP Disabled and SW-DP Enabled
  79:Src/stm32f1xx_hal_msp.c ****   */
  80:Src/stm32f1xx_hal_msp.c ****   __HAL_AFIO_REMAP_SWJ_NOJTAG();
  66              		.loc 1 80 3 view .LVU13
  67              	.LBB4:
  68              		.loc 1 80 3 view .LVU14
  69 0028 054A     		ldr	r2, .L3+4
  70 002a 5368     		ldr	r3, [r2, #4]
  71              	.LVL0:
  72              		.loc 1 80 3 view .LVU15
  73 002c 23F0E063 		bic	r3, r3, #117440512
  74              	.LVL1:
  75              		.loc 1 80 3 view .LVU16
  76 0030 43F00073 		orr	r3, r3, #33554432
  77              	.LVL2:
  78              		.loc 1 80 3 view .LVU17
  79 0034 5360     		str	r3, [r2, #4]
  80              	.LBE4:
  81              		.loc 1 80 3 view .LVU18
  81:Src/stm32f1xx_hal_msp.c **** 
  82:Src/stm32f1xx_hal_msp.c ****   /* USER CODE BEGIN MspInit 1 */
  83:Src/stm32f1xx_hal_msp.c **** 
  84:Src/stm32f1xx_hal_msp.c ****   /* USER CODE END MspInit 1 */
  85:Src/stm32f1xx_hal_msp.c **** }
  82              		.loc 1 85 1 is_stmt 0 view .LVU19
  83 0036 02B0     		add	sp, sp, #8
  84              	.LCFI1:
  85              		.cfi_def_cfa_offset 0
  86              		@ sp needed
  87 0038 7047     		bx	lr
ARM GAS  C:\Users\Administrator.DESKTOP-24M4MSA\AppData\Local\Temp\ccp64exL.s 			page 4


  88              	.L4:
  89 003a 00BF     		.align	2
  90              	.L3:
  91 003c 00100240 		.word	1073876992
  92 0040 00000140 		.word	1073807360
  93              		.cfi_endproc
  94              	.LFE65:
  96              		.section	.text.HAL_CAN_MspInit,"ax",%progbits
  97              		.align	1
  98              		.global	HAL_CAN_MspInit
  99              		.syntax unified
 100              		.thumb
 101              		.thumb_func
 102              		.fpu softvfp
 104              	HAL_CAN_MspInit:
 105              	.LVL3:
 106              	.LFB66:
  86:Src/stm32f1xx_hal_msp.c **** 
  87:Src/stm32f1xx_hal_msp.c **** /**
  88:Src/stm32f1xx_hal_msp.c **** * @brief CAN MSP Initialization
  89:Src/stm32f1xx_hal_msp.c **** * This function configures the hardware resources used in this example
  90:Src/stm32f1xx_hal_msp.c **** * @param hcan: CAN handle pointer
  91:Src/stm32f1xx_hal_msp.c **** * @retval None
  92:Src/stm32f1xx_hal_msp.c **** */
  93:Src/stm32f1xx_hal_msp.c **** void HAL_CAN_MspInit(CAN_HandleTypeDef* hcan)
  94:Src/stm32f1xx_hal_msp.c **** {
 107              		.loc 1 94 1 is_stmt 1 view -0
 108              		.cfi_startproc
 109              		@ args = 0, pretend = 0, frame = 24
 110              		@ frame_needed = 0, uses_anonymous_args = 0
 111              		.loc 1 94 1 is_stmt 0 view .LVU21
 112 0000 10B5     		push	{r4, lr}
 113              	.LCFI2:
 114              		.cfi_def_cfa_offset 8
 115              		.cfi_offset 4, -8
 116              		.cfi_offset 14, -4
 117 0002 86B0     		sub	sp, sp, #24
 118              	.LCFI3:
 119              		.cfi_def_cfa_offset 32
  95:Src/stm32f1xx_hal_msp.c ****   GPIO_InitTypeDef GPIO_InitStruct = {0};
 120              		.loc 1 95 3 is_stmt 1 view .LVU22
 121              		.loc 1 95 20 is_stmt 0 view .LVU23
 122 0004 0023     		movs	r3, #0
 123 0006 0293     		str	r3, [sp, #8]
 124 0008 0393     		str	r3, [sp, #12]
 125 000a 0493     		str	r3, [sp, #16]
 126 000c 0593     		str	r3, [sp, #20]
  96:Src/stm32f1xx_hal_msp.c ****   if(hcan->Instance==CAN1)
 127              		.loc 1 96 3 is_stmt 1 view .LVU24
 128              		.loc 1 96 10 is_stmt 0 view .LVU25
 129 000e 0268     		ldr	r2, [r0]
 130              		.loc 1 96 5 view .LVU26
 131 0010 1A4B     		ldr	r3, .L9
 132 0012 9A42     		cmp	r2, r3
 133 0014 01D0     		beq	.L8
 134              	.LVL4:
 135              	.L5:
ARM GAS  C:\Users\Administrator.DESKTOP-24M4MSA\AppData\Local\Temp\ccp64exL.s 			page 5


  97:Src/stm32f1xx_hal_msp.c ****   {
  98:Src/stm32f1xx_hal_msp.c ****   /* USER CODE BEGIN CAN1_MspInit 0 */
  99:Src/stm32f1xx_hal_msp.c **** 
 100:Src/stm32f1xx_hal_msp.c ****   /* USER CODE END CAN1_MspInit 0 */
 101:Src/stm32f1xx_hal_msp.c ****     /* Peripheral clock enable */
 102:Src/stm32f1xx_hal_msp.c ****     __HAL_RCC_CAN1_CLK_ENABLE();
 103:Src/stm32f1xx_hal_msp.c **** 
 104:Src/stm32f1xx_hal_msp.c ****     __HAL_RCC_GPIOA_CLK_ENABLE();
 105:Src/stm32f1xx_hal_msp.c ****     /**CAN GPIO Configuration
 106:Src/stm32f1xx_hal_msp.c ****     PA11     ------> CAN_RX
 107:Src/stm32f1xx_hal_msp.c ****     PA12     ------> CAN_TX
 108:Src/stm32f1xx_hal_msp.c ****     */
 109:Src/stm32f1xx_hal_msp.c ****     GPIO_InitStruct.Pin = GPIO_PIN_11;
 110:Src/stm32f1xx_hal_msp.c ****     GPIO_InitStruct.Mode = GPIO_MODE_INPUT;
 111:Src/stm32f1xx_hal_msp.c ****     GPIO_InitStruct.Pull = GPIO_NOPULL;
 112:Src/stm32f1xx_hal_msp.c ****     HAL_GPIO_Init(GPIOA, &GPIO_InitStruct);
 113:Src/stm32f1xx_hal_msp.c **** 
 114:Src/stm32f1xx_hal_msp.c ****     GPIO_InitStruct.Pin = GPIO_PIN_12;
 115:Src/stm32f1xx_hal_msp.c ****     GPIO_InitStruct.Mode = GPIO_MODE_AF_PP;
 116:Src/stm32f1xx_hal_msp.c ****     GPIO_InitStruct.Speed = GPIO_SPEED_FREQ_HIGH;
 117:Src/stm32f1xx_hal_msp.c ****     HAL_GPIO_Init(GPIOA, &GPIO_InitStruct);
 118:Src/stm32f1xx_hal_msp.c **** 
 119:Src/stm32f1xx_hal_msp.c ****     /* CAN1 interrupt Init */
 120:Src/stm32f1xx_hal_msp.c ****     HAL_NVIC_SetPriority(CAN1_RX1_IRQn, 0, 0);
 121:Src/stm32f1xx_hal_msp.c ****     HAL_NVIC_EnableIRQ(CAN1_RX1_IRQn);
 122:Src/stm32f1xx_hal_msp.c ****   /* USER CODE BEGIN CAN1_MspInit 1 */
 123:Src/stm32f1xx_hal_msp.c **** 
 124:Src/stm32f1xx_hal_msp.c ****   /* USER CODE END CAN1_MspInit 1 */
 125:Src/stm32f1xx_hal_msp.c ****   }
 126:Src/stm32f1xx_hal_msp.c **** 
 127:Src/stm32f1xx_hal_msp.c **** }
 136              		.loc 1 127 1 view .LVU27
 137 0016 06B0     		add	sp, sp, #24
 138              	.LCFI4:
 139              		.cfi_remember_state
 140              		.cfi_def_cfa_offset 8
 141              		@ sp needed
 142 0018 10BD     		pop	{r4, pc}
 143              	.LVL5:
 144              	.L8:
 145              	.LCFI5:
 146              		.cfi_restore_state
 102:Src/stm32f1xx_hal_msp.c **** 
 147              		.loc 1 102 5 is_stmt 1 view .LVU28
 148              	.LBB5:
 102:Src/stm32f1xx_hal_msp.c **** 
 149              		.loc 1 102 5 view .LVU29
 102:Src/stm32f1xx_hal_msp.c **** 
 150              		.loc 1 102 5 view .LVU30
 151 001a 03F5D633 		add	r3, r3, #109568
 152 001e DA69     		ldr	r2, [r3, #28]
 153 0020 42F00072 		orr	r2, r2, #33554432
 154 0024 DA61     		str	r2, [r3, #28]
 102:Src/stm32f1xx_hal_msp.c **** 
 155              		.loc 1 102 5 view .LVU31
 156 0026 DA69     		ldr	r2, [r3, #28]
 157 0028 02F00072 		and	r2, r2, #33554432
ARM GAS  C:\Users\Administrator.DESKTOP-24M4MSA\AppData\Local\Temp\ccp64exL.s 			page 6


 158 002c 0092     		str	r2, [sp]
 102:Src/stm32f1xx_hal_msp.c **** 
 159              		.loc 1 102 5 view .LVU32
 160 002e 009A     		ldr	r2, [sp]
 161              	.LBE5:
 102:Src/stm32f1xx_hal_msp.c **** 
 162              		.loc 1 102 5 view .LVU33
 104:Src/stm32f1xx_hal_msp.c ****     /**CAN GPIO Configuration
 163              		.loc 1 104 5 view .LVU34
 164              	.LBB6:
 104:Src/stm32f1xx_hal_msp.c ****     /**CAN GPIO Configuration
 165              		.loc 1 104 5 view .LVU35
 104:Src/stm32f1xx_hal_msp.c ****     /**CAN GPIO Configuration
 166              		.loc 1 104 5 view .LVU36
 167 0030 9A69     		ldr	r2, [r3, #24]
 168 0032 42F00402 		orr	r2, r2, #4
 169 0036 9A61     		str	r2, [r3, #24]
 104:Src/stm32f1xx_hal_msp.c ****     /**CAN GPIO Configuration
 170              		.loc 1 104 5 view .LVU37
 171 0038 9B69     		ldr	r3, [r3, #24]
 172 003a 03F00403 		and	r3, r3, #4
 173 003e 0193     		str	r3, [sp, #4]
 104:Src/stm32f1xx_hal_msp.c ****     /**CAN GPIO Configuration
 174              		.loc 1 104 5 view .LVU38
 175 0040 019B     		ldr	r3, [sp, #4]
 176              	.LBE6:
 104:Src/stm32f1xx_hal_msp.c ****     /**CAN GPIO Configuration
 177              		.loc 1 104 5 view .LVU39
 109:Src/stm32f1xx_hal_msp.c ****     GPIO_InitStruct.Mode = GPIO_MODE_INPUT;
 178              		.loc 1 109 5 view .LVU40
 109:Src/stm32f1xx_hal_msp.c ****     GPIO_InitStruct.Mode = GPIO_MODE_INPUT;
 179              		.loc 1 109 25 is_stmt 0 view .LVU41
 180 0042 4FF40063 		mov	r3, #2048
 181 0046 0293     		str	r3, [sp, #8]
 110:Src/stm32f1xx_hal_msp.c ****     GPIO_InitStruct.Pull = GPIO_NOPULL;
 182              		.loc 1 110 5 is_stmt 1 view .LVU42
 111:Src/stm32f1xx_hal_msp.c ****     HAL_GPIO_Init(GPIOA, &GPIO_InitStruct);
 183              		.loc 1 111 5 view .LVU43
 112:Src/stm32f1xx_hal_msp.c **** 
 184              		.loc 1 112 5 view .LVU44
 185 0048 0D4C     		ldr	r4, .L9+4
 186 004a 02A9     		add	r1, sp, #8
 187 004c 2046     		mov	r0, r4
 188              	.LVL6:
 112:Src/stm32f1xx_hal_msp.c **** 
 189              		.loc 1 112 5 is_stmt 0 view .LVU45
 190 004e FFF7FEFF 		bl	HAL_GPIO_Init
 191              	.LVL7:
 114:Src/stm32f1xx_hal_msp.c ****     GPIO_InitStruct.Mode = GPIO_MODE_AF_PP;
 192              		.loc 1 114 5 is_stmt 1 view .LVU46
 114:Src/stm32f1xx_hal_msp.c ****     GPIO_InitStruct.Mode = GPIO_MODE_AF_PP;
 193              		.loc 1 114 25 is_stmt 0 view .LVU47
 194 0052 4FF48053 		mov	r3, #4096
 195 0056 0293     		str	r3, [sp, #8]
 115:Src/stm32f1xx_hal_msp.c ****     GPIO_InitStruct.Speed = GPIO_SPEED_FREQ_HIGH;
 196              		.loc 1 115 5 is_stmt 1 view .LVU48
 115:Src/stm32f1xx_hal_msp.c ****     GPIO_InitStruct.Speed = GPIO_SPEED_FREQ_HIGH;
ARM GAS  C:\Users\Administrator.DESKTOP-24M4MSA\AppData\Local\Temp\ccp64exL.s 			page 7


 197              		.loc 1 115 26 is_stmt 0 view .LVU49
 198 0058 0223     		movs	r3, #2
 199 005a 0393     		str	r3, [sp, #12]
 116:Src/stm32f1xx_hal_msp.c ****     HAL_GPIO_Init(GPIOA, &GPIO_InitStruct);
 200              		.loc 1 116 5 is_stmt 1 view .LVU50
 116:Src/stm32f1xx_hal_msp.c ****     HAL_GPIO_Init(GPIOA, &GPIO_InitStruct);
 201              		.loc 1 116 27 is_stmt 0 view .LVU51
 202 005c 0323     		movs	r3, #3
 203 005e 0593     		str	r3, [sp, #20]
 117:Src/stm32f1xx_hal_msp.c **** 
 204              		.loc 1 117 5 is_stmt 1 view .LVU52
 205 0060 02A9     		add	r1, sp, #8
 206 0062 2046     		mov	r0, r4
 207 0064 FFF7FEFF 		bl	HAL_GPIO_Init
 208              	.LVL8:
 120:Src/stm32f1xx_hal_msp.c ****     HAL_NVIC_EnableIRQ(CAN1_RX1_IRQn);
 209              		.loc 1 120 5 view .LVU53
 210 0068 0022     		movs	r2, #0
 211 006a 1146     		mov	r1, r2
 212 006c 1520     		movs	r0, #21
 213 006e FFF7FEFF 		bl	HAL_NVIC_SetPriority
 214              	.LVL9:
 121:Src/stm32f1xx_hal_msp.c ****   /* USER CODE BEGIN CAN1_MspInit 1 */
 215              		.loc 1 121 5 view .LVU54
 216 0072 1520     		movs	r0, #21
 217 0074 FFF7FEFF 		bl	HAL_NVIC_EnableIRQ
 218              	.LVL10:
 219              		.loc 1 127 1 is_stmt 0 view .LVU55
 220 0078 CDE7     		b	.L5
 221              	.L10:
 222 007a 00BF     		.align	2
 223              	.L9:
 224 007c 00640040 		.word	1073767424
 225 0080 00080140 		.word	1073809408
 226              		.cfi_endproc
 227              	.LFE66:
 229              		.section	.text.HAL_CAN_MspDeInit,"ax",%progbits
 230              		.align	1
 231              		.global	HAL_CAN_MspDeInit
 232              		.syntax unified
 233              		.thumb
 234              		.thumb_func
 235              		.fpu softvfp
 237              	HAL_CAN_MspDeInit:
 238              	.LVL11:
 239              	.LFB67:
 128:Src/stm32f1xx_hal_msp.c **** 
 129:Src/stm32f1xx_hal_msp.c **** /**
 130:Src/stm32f1xx_hal_msp.c **** * @brief CAN MSP De-Initialization
 131:Src/stm32f1xx_hal_msp.c **** * This function freeze the hardware resources used in this example
 132:Src/stm32f1xx_hal_msp.c **** * @param hcan: CAN handle pointer
 133:Src/stm32f1xx_hal_msp.c **** * @retval None
 134:Src/stm32f1xx_hal_msp.c **** */
 135:Src/stm32f1xx_hal_msp.c **** void HAL_CAN_MspDeInit(CAN_HandleTypeDef* hcan)
 136:Src/stm32f1xx_hal_msp.c **** {
 240              		.loc 1 136 1 is_stmt 1 view -0
 241              		.cfi_startproc
ARM GAS  C:\Users\Administrator.DESKTOP-24M4MSA\AppData\Local\Temp\ccp64exL.s 			page 8


 242              		@ args = 0, pretend = 0, frame = 0
 243              		@ frame_needed = 0, uses_anonymous_args = 0
 244              		.loc 1 136 1 is_stmt 0 view .LVU57
 245 0000 08B5     		push	{r3, lr}
 246              	.LCFI6:
 247              		.cfi_def_cfa_offset 8
 248              		.cfi_offset 3, -8
 249              		.cfi_offset 14, -4
 137:Src/stm32f1xx_hal_msp.c ****   if(hcan->Instance==CAN1)
 250              		.loc 1 137 3 is_stmt 1 view .LVU58
 251              		.loc 1 137 10 is_stmt 0 view .LVU59
 252 0002 0268     		ldr	r2, [r0]
 253              		.loc 1 137 5 view .LVU60
 254 0004 084B     		ldr	r3, .L15
 255 0006 9A42     		cmp	r2, r3
 256 0008 00D0     		beq	.L14
 257              	.LVL12:
 258              	.L11:
 138:Src/stm32f1xx_hal_msp.c ****   {
 139:Src/stm32f1xx_hal_msp.c ****   /* USER CODE BEGIN CAN1_MspDeInit 0 */
 140:Src/stm32f1xx_hal_msp.c **** 
 141:Src/stm32f1xx_hal_msp.c ****   /* USER CODE END CAN1_MspDeInit 0 */
 142:Src/stm32f1xx_hal_msp.c ****     /* Peripheral clock disable */
 143:Src/stm32f1xx_hal_msp.c ****     __HAL_RCC_CAN1_CLK_DISABLE();
 144:Src/stm32f1xx_hal_msp.c **** 
 145:Src/stm32f1xx_hal_msp.c ****     /**CAN GPIO Configuration
 146:Src/stm32f1xx_hal_msp.c ****     PA11     ------> CAN_RX
 147:Src/stm32f1xx_hal_msp.c ****     PA12     ------> CAN_TX
 148:Src/stm32f1xx_hal_msp.c ****     */
 149:Src/stm32f1xx_hal_msp.c ****     HAL_GPIO_DeInit(GPIOA, GPIO_PIN_11|GPIO_PIN_12);
 150:Src/stm32f1xx_hal_msp.c **** 
 151:Src/stm32f1xx_hal_msp.c ****     /* CAN1 interrupt DeInit */
 152:Src/stm32f1xx_hal_msp.c ****     HAL_NVIC_DisableIRQ(CAN1_RX1_IRQn);
 153:Src/stm32f1xx_hal_msp.c ****   /* USER CODE BEGIN CAN1_MspDeInit 1 */
 154:Src/stm32f1xx_hal_msp.c **** 
 155:Src/stm32f1xx_hal_msp.c ****   /* USER CODE END CAN1_MspDeInit 1 */
 156:Src/stm32f1xx_hal_msp.c ****   }
 157:Src/stm32f1xx_hal_msp.c **** 
 158:Src/stm32f1xx_hal_msp.c **** }
 259              		.loc 1 158 1 view .LVU61
 260 000a 08BD     		pop	{r3, pc}
 261              	.LVL13:
 262              	.L14:
 143:Src/stm32f1xx_hal_msp.c **** 
 263              		.loc 1 143 5 is_stmt 1 view .LVU62
 264 000c 074A     		ldr	r2, .L15+4
 265 000e D369     		ldr	r3, [r2, #28]
 266 0010 23F00073 		bic	r3, r3, #33554432
 267 0014 D361     		str	r3, [r2, #28]
 149:Src/stm32f1xx_hal_msp.c **** 
 268              		.loc 1 149 5 view .LVU63
 269 0016 4FF4C051 		mov	r1, #6144
 270 001a 0548     		ldr	r0, .L15+8
 271              	.LVL14:
 149:Src/stm32f1xx_hal_msp.c **** 
 272              		.loc 1 149 5 is_stmt 0 view .LVU64
 273 001c FFF7FEFF 		bl	HAL_GPIO_DeInit
ARM GAS  C:\Users\Administrator.DESKTOP-24M4MSA\AppData\Local\Temp\ccp64exL.s 			page 9


 274              	.LVL15:
 152:Src/stm32f1xx_hal_msp.c ****   /* USER CODE BEGIN CAN1_MspDeInit 1 */
 275              		.loc 1 152 5 is_stmt 1 view .LVU65
 276 0020 1520     		movs	r0, #21
 277 0022 FFF7FEFF 		bl	HAL_NVIC_DisableIRQ
 278              	.LVL16:
 279              		.loc 1 158 1 is_stmt 0 view .LVU66
 280 0026 F0E7     		b	.L11
 281              	.L16:
 282              		.align	2
 283              	.L15:
 284 0028 00640040 		.word	1073767424
 285 002c 00100240 		.word	1073876992
 286 0030 00080140 		.word	1073809408
 287              		.cfi_endproc
 288              	.LFE67:
 290              		.section	.text.HAL_TIM_Base_MspInit,"ax",%progbits
 291              		.align	1
 292              		.global	HAL_TIM_Base_MspInit
 293              		.syntax unified
 294              		.thumb
 295              		.thumb_func
 296              		.fpu softvfp
 298              	HAL_TIM_Base_MspInit:
 299              	.LVL17:
 300              	.LFB68:
 159:Src/stm32f1xx_hal_msp.c **** 
 160:Src/stm32f1xx_hal_msp.c **** /**
 161:Src/stm32f1xx_hal_msp.c **** * @brief TIM_Base MSP Initialization
 162:Src/stm32f1xx_hal_msp.c **** * This function configures the hardware resources used in this example
 163:Src/stm32f1xx_hal_msp.c **** * @param htim_base: TIM_Base handle pointer
 164:Src/stm32f1xx_hal_msp.c **** * @retval None
 165:Src/stm32f1xx_hal_msp.c **** */
 166:Src/stm32f1xx_hal_msp.c **** void HAL_TIM_Base_MspInit(TIM_HandleTypeDef* htim_base)
 167:Src/stm32f1xx_hal_msp.c **** {
 301              		.loc 1 167 1 is_stmt 1 view -0
 302              		.cfi_startproc
 303              		@ args = 0, pretend = 0, frame = 8
 304              		@ frame_needed = 0, uses_anonymous_args = 0
 305              		@ link register save eliminated.
 168:Src/stm32f1xx_hal_msp.c ****   if(htim_base->Instance==TIM1)
 306              		.loc 1 168 3 view .LVU68
 307              		.loc 1 168 15 is_stmt 0 view .LVU69
 308 0000 0268     		ldr	r2, [r0]
 309              		.loc 1 168 5 view .LVU70
 310 0002 094B     		ldr	r3, .L24
 311 0004 9A42     		cmp	r2, r3
 312 0006 00D0     		beq	.L23
 313 0008 7047     		bx	lr
 314              	.L23:
 167:Src/stm32f1xx_hal_msp.c ****   if(htim_base->Instance==TIM1)
 315              		.loc 1 167 1 view .LVU71
 316 000a 82B0     		sub	sp, sp, #8
 317              	.LCFI7:
 318              		.cfi_def_cfa_offset 8
 169:Src/stm32f1xx_hal_msp.c ****   {
 170:Src/stm32f1xx_hal_msp.c ****   /* USER CODE BEGIN TIM1_MspInit 0 */
ARM GAS  C:\Users\Administrator.DESKTOP-24M4MSA\AppData\Local\Temp\ccp64exL.s 			page 10


 171:Src/stm32f1xx_hal_msp.c **** 
 172:Src/stm32f1xx_hal_msp.c ****   /* USER CODE END TIM1_MspInit 0 */
 173:Src/stm32f1xx_hal_msp.c ****     /* Peripheral clock enable */
 174:Src/stm32f1xx_hal_msp.c ****     __HAL_RCC_TIM1_CLK_ENABLE();
 319              		.loc 1 174 5 is_stmt 1 view .LVU72
 320              	.LBB7:
 321              		.loc 1 174 5 view .LVU73
 322              		.loc 1 174 5 view .LVU74
 323 000c 03F56443 		add	r3, r3, #58368
 324 0010 9A69     		ldr	r2, [r3, #24]
 325 0012 42F40062 		orr	r2, r2, #2048
 326 0016 9A61     		str	r2, [r3, #24]
 327              		.loc 1 174 5 view .LVU75
 328 0018 9B69     		ldr	r3, [r3, #24]
 329 001a 03F40063 		and	r3, r3, #2048
 330 001e 0193     		str	r3, [sp, #4]
 331              		.loc 1 174 5 view .LVU76
 332 0020 019B     		ldr	r3, [sp, #4]
 333              	.LBE7:
 334              		.loc 1 174 5 view .LVU77
 175:Src/stm32f1xx_hal_msp.c ****   /* USER CODE BEGIN TIM1_MspInit 1 */
 176:Src/stm32f1xx_hal_msp.c **** 
 177:Src/stm32f1xx_hal_msp.c ****   /* USER CODE END TIM1_MspInit 1 */
 178:Src/stm32f1xx_hal_msp.c ****   }
 179:Src/stm32f1xx_hal_msp.c **** 
 180:Src/stm32f1xx_hal_msp.c **** }
 335              		.loc 1 180 1 is_stmt 0 view .LVU78
 336 0022 02B0     		add	sp, sp, #8
 337              	.LCFI8:
 338              		.cfi_def_cfa_offset 0
 339              		@ sp needed
 340 0024 7047     		bx	lr
 341              	.L25:
 342 0026 00BF     		.align	2
 343              	.L24:
 344 0028 002C0140 		.word	1073818624
 345              		.cfi_endproc
 346              	.LFE68:
 348              		.section	.text.HAL_TIM_MspPostInit,"ax",%progbits
 349              		.align	1
 350              		.global	HAL_TIM_MspPostInit
 351              		.syntax unified
 352              		.thumb
 353              		.thumb_func
 354              		.fpu softvfp
 356              	HAL_TIM_MspPostInit:
 357              	.LVL18:
 358              	.LFB69:
 181:Src/stm32f1xx_hal_msp.c **** 
 182:Src/stm32f1xx_hal_msp.c **** void HAL_TIM_MspPostInit(TIM_HandleTypeDef* htim)
 183:Src/stm32f1xx_hal_msp.c **** {
 359              		.loc 1 183 1 is_stmt 1 view -0
 360              		.cfi_startproc
 361              		@ args = 0, pretend = 0, frame = 24
 362              		@ frame_needed = 0, uses_anonymous_args = 0
 363              		.loc 1 183 1 is_stmt 0 view .LVU80
 364 0000 00B5     		push	{lr}
ARM GAS  C:\Users\Administrator.DESKTOP-24M4MSA\AppData\Local\Temp\ccp64exL.s 			page 11


 365              	.LCFI9:
 366              		.cfi_def_cfa_offset 4
 367              		.cfi_offset 14, -4
 368 0002 87B0     		sub	sp, sp, #28
 369              	.LCFI10:
 370              		.cfi_def_cfa_offset 32
 184:Src/stm32f1xx_hal_msp.c ****   GPIO_InitTypeDef GPIO_InitStruct = {0};
 371              		.loc 1 184 3 is_stmt 1 view .LVU81
 372              		.loc 1 184 20 is_stmt 0 view .LVU82
 373 0004 0023     		movs	r3, #0
 374 0006 0293     		str	r3, [sp, #8]
 375 0008 0393     		str	r3, [sp, #12]
 376 000a 0493     		str	r3, [sp, #16]
 377 000c 0593     		str	r3, [sp, #20]
 185:Src/stm32f1xx_hal_msp.c ****   if(htim->Instance==TIM1)
 378              		.loc 1 185 3 is_stmt 1 view .LVU83
 379              		.loc 1 185 10 is_stmt 0 view .LVU84
 380 000e 0268     		ldr	r2, [r0]
 381              		.loc 1 185 5 view .LVU85
 382 0010 0D4B     		ldr	r3, .L30
 383 0012 9A42     		cmp	r2, r3
 384 0014 02D0     		beq	.L29
 385              	.LVL19:
 386              	.L26:
 186:Src/stm32f1xx_hal_msp.c ****   {
 187:Src/stm32f1xx_hal_msp.c ****   /* USER CODE BEGIN TIM1_MspPostInit 0 */
 188:Src/stm32f1xx_hal_msp.c **** 
 189:Src/stm32f1xx_hal_msp.c ****   /* USER CODE END TIM1_MspPostInit 0 */
 190:Src/stm32f1xx_hal_msp.c **** 
 191:Src/stm32f1xx_hal_msp.c ****     __HAL_RCC_GPIOA_CLK_ENABLE();
 192:Src/stm32f1xx_hal_msp.c ****     /**TIM1 GPIO Configuration
 193:Src/stm32f1xx_hal_msp.c ****     PA8     ------> TIM1_CH1
 194:Src/stm32f1xx_hal_msp.c ****     */
 195:Src/stm32f1xx_hal_msp.c ****     GPIO_InitStruct.Pin = GPIO_PIN_8;
 196:Src/stm32f1xx_hal_msp.c ****     GPIO_InitStruct.Mode = GPIO_MODE_AF_PP;
 197:Src/stm32f1xx_hal_msp.c ****     GPIO_InitStruct.Speed = GPIO_SPEED_FREQ_LOW;
 198:Src/stm32f1xx_hal_msp.c ****     HAL_GPIO_Init(GPIOA, &GPIO_InitStruct);
 199:Src/stm32f1xx_hal_msp.c **** 
 200:Src/stm32f1xx_hal_msp.c ****   /* USER CODE BEGIN TIM1_MspPostInit 1 */
 201:Src/stm32f1xx_hal_msp.c **** 
 202:Src/stm32f1xx_hal_msp.c ****   /* USER CODE END TIM1_MspPostInit 1 */
 203:Src/stm32f1xx_hal_msp.c ****   }
 204:Src/stm32f1xx_hal_msp.c **** 
 205:Src/stm32f1xx_hal_msp.c **** }
 387              		.loc 1 205 1 view .LVU86
 388 0016 07B0     		add	sp, sp, #28
 389              	.LCFI11:
 390              		.cfi_remember_state
 391              		.cfi_def_cfa_offset 4
 392              		@ sp needed
 393 0018 5DF804FB 		ldr	pc, [sp], #4
 394              	.LVL20:
 395              	.L29:
 396              	.LCFI12:
 397              		.cfi_restore_state
 191:Src/stm32f1xx_hal_msp.c ****     /**TIM1 GPIO Configuration
 398              		.loc 1 191 5 is_stmt 1 view .LVU87
ARM GAS  C:\Users\Administrator.DESKTOP-24M4MSA\AppData\Local\Temp\ccp64exL.s 			page 12


 399              	.LBB8:
 191:Src/stm32f1xx_hal_msp.c ****     /**TIM1 GPIO Configuration
 400              		.loc 1 191 5 view .LVU88
 191:Src/stm32f1xx_hal_msp.c ****     /**TIM1 GPIO Configuration
 401              		.loc 1 191 5 view .LVU89
 402 001c 03F56443 		add	r3, r3, #58368
 403 0020 9A69     		ldr	r2, [r3, #24]
 404 0022 42F00402 		orr	r2, r2, #4
 405 0026 9A61     		str	r2, [r3, #24]
 191:Src/stm32f1xx_hal_msp.c ****     /**TIM1 GPIO Configuration
 406              		.loc 1 191 5 view .LVU90
 407 0028 9B69     		ldr	r3, [r3, #24]
 408 002a 03F00403 		and	r3, r3, #4
 409 002e 0193     		str	r3, [sp, #4]
 191:Src/stm32f1xx_hal_msp.c ****     /**TIM1 GPIO Configuration
 410              		.loc 1 191 5 view .LVU91
 411 0030 019B     		ldr	r3, [sp, #4]
 412              	.LBE8:
 191:Src/stm32f1xx_hal_msp.c ****     /**TIM1 GPIO Configuration
 413              		.loc 1 191 5 view .LVU92
 195:Src/stm32f1xx_hal_msp.c ****     GPIO_InitStruct.Mode = GPIO_MODE_AF_PP;
 414              		.loc 1 195 5 view .LVU93
 195:Src/stm32f1xx_hal_msp.c ****     GPIO_InitStruct.Mode = GPIO_MODE_AF_PP;
 415              		.loc 1 195 25 is_stmt 0 view .LVU94
 416 0032 4FF48073 		mov	r3, #256
 417 0036 0293     		str	r3, [sp, #8]
 196:Src/stm32f1xx_hal_msp.c ****     GPIO_InitStruct.Speed = GPIO_SPEED_FREQ_LOW;
 418              		.loc 1 196 5 is_stmt 1 view .LVU95
 196:Src/stm32f1xx_hal_msp.c ****     GPIO_InitStruct.Speed = GPIO_SPEED_FREQ_LOW;
 419              		.loc 1 196 26 is_stmt 0 view .LVU96
 420 0038 0223     		movs	r3, #2
 421 003a 0393     		str	r3, [sp, #12]
 197:Src/stm32f1xx_hal_msp.c ****     HAL_GPIO_Init(GPIOA, &GPIO_InitStruct);
 422              		.loc 1 197 5 is_stmt 1 view .LVU97
 197:Src/stm32f1xx_hal_msp.c ****     HAL_GPIO_Init(GPIOA, &GPIO_InitStruct);
 423              		.loc 1 197 27 is_stmt 0 view .LVU98
 424 003c 0593     		str	r3, [sp, #20]
 198:Src/stm32f1xx_hal_msp.c **** 
 425              		.loc 1 198 5 is_stmt 1 view .LVU99
 426 003e 02A9     		add	r1, sp, #8
 427 0040 0248     		ldr	r0, .L30+4
 428              	.LVL21:
 198:Src/stm32f1xx_hal_msp.c **** 
 429              		.loc 1 198 5 is_stmt 0 view .LVU100
 430 0042 FFF7FEFF 		bl	HAL_GPIO_Init
 431              	.LVL22:
 432              		.loc 1 205 1 view .LVU101
 433 0046 E6E7     		b	.L26
 434              	.L31:
 435              		.align	2
 436              	.L30:
 437 0048 002C0140 		.word	1073818624
 438 004c 00080140 		.word	1073809408
 439              		.cfi_endproc
 440              	.LFE69:
 442              		.section	.text.HAL_TIM_Base_MspDeInit,"ax",%progbits
 443              		.align	1
ARM GAS  C:\Users\Administrator.DESKTOP-24M4MSA\AppData\Local\Temp\ccp64exL.s 			page 13


 444              		.global	HAL_TIM_Base_MspDeInit
 445              		.syntax unified
 446              		.thumb
 447              		.thumb_func
 448              		.fpu softvfp
 450              	HAL_TIM_Base_MspDeInit:
 451              	.LVL23:
 452              	.LFB70:
 206:Src/stm32f1xx_hal_msp.c **** /**
 207:Src/stm32f1xx_hal_msp.c **** * @brief TIM_Base MSP De-Initialization
 208:Src/stm32f1xx_hal_msp.c **** * This function freeze the hardware resources used in this example
 209:Src/stm32f1xx_hal_msp.c **** * @param htim_base: TIM_Base handle pointer
 210:Src/stm32f1xx_hal_msp.c **** * @retval None
 211:Src/stm32f1xx_hal_msp.c **** */
 212:Src/stm32f1xx_hal_msp.c **** void HAL_TIM_Base_MspDeInit(TIM_HandleTypeDef* htim_base)
 213:Src/stm32f1xx_hal_msp.c **** {
 453              		.loc 1 213 1 is_stmt 1 view -0
 454              		.cfi_startproc
 455              		@ args = 0, pretend = 0, frame = 0
 456              		@ frame_needed = 0, uses_anonymous_args = 0
 457              		@ link register save eliminated.
 214:Src/stm32f1xx_hal_msp.c ****   if(htim_base->Instance==TIM1)
 458              		.loc 1 214 3 view .LVU103
 459              		.loc 1 214 15 is_stmt 0 view .LVU104
 460 0000 0268     		ldr	r2, [r0]
 461              		.loc 1 214 5 view .LVU105
 462 0002 054B     		ldr	r3, .L35
 463 0004 9A42     		cmp	r2, r3
 464 0006 00D0     		beq	.L34
 465              	.L32:
 215:Src/stm32f1xx_hal_msp.c ****   {
 216:Src/stm32f1xx_hal_msp.c ****   /* USER CODE BEGIN TIM1_MspDeInit 0 */
 217:Src/stm32f1xx_hal_msp.c **** 
 218:Src/stm32f1xx_hal_msp.c ****   /* USER CODE END TIM1_MspDeInit 0 */
 219:Src/stm32f1xx_hal_msp.c ****     /* Peripheral clock disable */
 220:Src/stm32f1xx_hal_msp.c ****     __HAL_RCC_TIM1_CLK_DISABLE();
 221:Src/stm32f1xx_hal_msp.c ****   /* USER CODE BEGIN TIM1_MspDeInit 1 */
 222:Src/stm32f1xx_hal_msp.c **** 
 223:Src/stm32f1xx_hal_msp.c ****   /* USER CODE END TIM1_MspDeInit 1 */
 224:Src/stm32f1xx_hal_msp.c ****   }
 225:Src/stm32f1xx_hal_msp.c **** 
 226:Src/stm32f1xx_hal_msp.c **** }
 466              		.loc 1 226 1 view .LVU106
 467 0008 7047     		bx	lr
 468              	.L34:
 220:Src/stm32f1xx_hal_msp.c ****   /* USER CODE BEGIN TIM1_MspDeInit 1 */
 469              		.loc 1 220 5 is_stmt 1 view .LVU107
 470 000a 044A     		ldr	r2, .L35+4
 471 000c 9369     		ldr	r3, [r2, #24]
 472 000e 23F40063 		bic	r3, r3, #2048
 473 0012 9361     		str	r3, [r2, #24]
 474              		.loc 1 226 1 is_stmt 0 view .LVU108
 475 0014 F8E7     		b	.L32
 476              	.L36:
 477 0016 00BF     		.align	2
 478              	.L35:
 479 0018 002C0140 		.word	1073818624
ARM GAS  C:\Users\Administrator.DESKTOP-24M4MSA\AppData\Local\Temp\ccp64exL.s 			page 14


 480 001c 00100240 		.word	1073876992
 481              		.cfi_endproc
 482              	.LFE70:
 484              		.section	.text.HAL_UART_MspInit,"ax",%progbits
 485              		.align	1
 486              		.global	HAL_UART_MspInit
 487              		.syntax unified
 488              		.thumb
 489              		.thumb_func
 490              		.fpu softvfp
 492              	HAL_UART_MspInit:
 493              	.LVL24:
 494              	.LFB71:
 227:Src/stm32f1xx_hal_msp.c **** 
 228:Src/stm32f1xx_hal_msp.c **** /**
 229:Src/stm32f1xx_hal_msp.c **** * @brief UART MSP Initialization
 230:Src/stm32f1xx_hal_msp.c **** * This function configures the hardware resources used in this example
 231:Src/stm32f1xx_hal_msp.c **** * @param huart: UART handle pointer
 232:Src/stm32f1xx_hal_msp.c **** * @retval None
 233:Src/stm32f1xx_hal_msp.c **** */
 234:Src/stm32f1xx_hal_msp.c **** void HAL_UART_MspInit(UART_HandleTypeDef* huart)
 235:Src/stm32f1xx_hal_msp.c **** {
 495              		.loc 1 235 1 is_stmt 1 view -0
 496              		.cfi_startproc
 497              		@ args = 0, pretend = 0, frame = 32
 498              		@ frame_needed = 0, uses_anonymous_args = 0
 499              		.loc 1 235 1 is_stmt 0 view .LVU110
 500 0000 70B5     		push	{r4, r5, r6, lr}
 501              	.LCFI13:
 502              		.cfi_def_cfa_offset 16
 503              		.cfi_offset 4, -16
 504              		.cfi_offset 5, -12
 505              		.cfi_offset 6, -8
 506              		.cfi_offset 14, -4
 507 0002 88B0     		sub	sp, sp, #32
 508              	.LCFI14:
 509              		.cfi_def_cfa_offset 48
 236:Src/stm32f1xx_hal_msp.c ****   GPIO_InitTypeDef GPIO_InitStruct = {0};
 510              		.loc 1 236 3 is_stmt 1 view .LVU111
 511              		.loc 1 236 20 is_stmt 0 view .LVU112
 512 0004 0023     		movs	r3, #0
 513 0006 0493     		str	r3, [sp, #16]
 514 0008 0593     		str	r3, [sp, #20]
 515 000a 0693     		str	r3, [sp, #24]
 516 000c 0793     		str	r3, [sp, #28]
 237:Src/stm32f1xx_hal_msp.c ****   if(huart->Instance==USART1)
 517              		.loc 1 237 3 is_stmt 1 view .LVU113
 518              		.loc 1 237 11 is_stmt 0 view .LVU114
 519 000e 0368     		ldr	r3, [r0]
 520              		.loc 1 237 5 view .LVU115
 521 0010 384A     		ldr	r2, .L45
 522 0012 9342     		cmp	r3, r2
 523 0014 04D0     		beq	.L42
 238:Src/stm32f1xx_hal_msp.c ****   {
 239:Src/stm32f1xx_hal_msp.c ****   /* USER CODE BEGIN USART1_MspInit 0 */
 240:Src/stm32f1xx_hal_msp.c **** 
 241:Src/stm32f1xx_hal_msp.c ****   /* USER CODE END USART1_MspInit 0 */
ARM GAS  C:\Users\Administrator.DESKTOP-24M4MSA\AppData\Local\Temp\ccp64exL.s 			page 15


 242:Src/stm32f1xx_hal_msp.c ****     /* Peripheral clock enable */
 243:Src/stm32f1xx_hal_msp.c ****     __HAL_RCC_USART1_CLK_ENABLE();
 244:Src/stm32f1xx_hal_msp.c **** 
 245:Src/stm32f1xx_hal_msp.c ****     __HAL_RCC_GPIOA_CLK_ENABLE();
 246:Src/stm32f1xx_hal_msp.c ****     /**USART1 GPIO Configuration
 247:Src/stm32f1xx_hal_msp.c ****     PA9     ------> USART1_TX
 248:Src/stm32f1xx_hal_msp.c ****     PA10     ------> USART1_RX
 249:Src/stm32f1xx_hal_msp.c ****     */
 250:Src/stm32f1xx_hal_msp.c ****     GPIO_InitStruct.Pin = GPIO_PIN_9;
 251:Src/stm32f1xx_hal_msp.c ****     GPIO_InitStruct.Mode = GPIO_MODE_AF_PP;
 252:Src/stm32f1xx_hal_msp.c ****     GPIO_InitStruct.Speed = GPIO_SPEED_FREQ_HIGH;
 253:Src/stm32f1xx_hal_msp.c ****     HAL_GPIO_Init(GPIOA, &GPIO_InitStruct);
 254:Src/stm32f1xx_hal_msp.c **** 
 255:Src/stm32f1xx_hal_msp.c ****     GPIO_InitStruct.Pin = GPIO_PIN_10;
 256:Src/stm32f1xx_hal_msp.c ****     GPIO_InitStruct.Mode = GPIO_MODE_INPUT;
 257:Src/stm32f1xx_hal_msp.c ****     GPIO_InitStruct.Pull = GPIO_NOPULL;
 258:Src/stm32f1xx_hal_msp.c ****     HAL_GPIO_Init(GPIOA, &GPIO_InitStruct);
 259:Src/stm32f1xx_hal_msp.c **** 
 260:Src/stm32f1xx_hal_msp.c ****     /* USART1 DMA Init */
 261:Src/stm32f1xx_hal_msp.c ****     /* USART1_RX Init */
 262:Src/stm32f1xx_hal_msp.c ****     hdma_usart1_rx.Instance = DMA1_Channel5;
 263:Src/stm32f1xx_hal_msp.c ****     hdma_usart1_rx.Init.Direction = DMA_PERIPH_TO_MEMORY;
 264:Src/stm32f1xx_hal_msp.c ****     hdma_usart1_rx.Init.PeriphInc = DMA_PINC_DISABLE;
 265:Src/stm32f1xx_hal_msp.c ****     hdma_usart1_rx.Init.MemInc = DMA_MINC_ENABLE;
 266:Src/stm32f1xx_hal_msp.c ****     hdma_usart1_rx.Init.PeriphDataAlignment = DMA_PDATAALIGN_BYTE;
 267:Src/stm32f1xx_hal_msp.c ****     hdma_usart1_rx.Init.MemDataAlignment = DMA_MDATAALIGN_BYTE;
 268:Src/stm32f1xx_hal_msp.c ****     hdma_usart1_rx.Init.Mode = DMA_CIRCULAR;
 269:Src/stm32f1xx_hal_msp.c ****     hdma_usart1_rx.Init.Priority = DMA_PRIORITY_VERY_HIGH;
 270:Src/stm32f1xx_hal_msp.c ****     if (HAL_DMA_Init(&hdma_usart1_rx) != HAL_OK)
 271:Src/stm32f1xx_hal_msp.c ****     {
 272:Src/stm32f1xx_hal_msp.c ****       Error_Handler();
 273:Src/stm32f1xx_hal_msp.c ****     }
 274:Src/stm32f1xx_hal_msp.c **** 
 275:Src/stm32f1xx_hal_msp.c ****     __HAL_LINKDMA(huart,hdmarx,hdma_usart1_rx);
 276:Src/stm32f1xx_hal_msp.c **** 
 277:Src/stm32f1xx_hal_msp.c ****   /* USER CODE BEGIN USART1_MspInit 1 */
 278:Src/stm32f1xx_hal_msp.c **** 
 279:Src/stm32f1xx_hal_msp.c ****   /* USER CODE END USART1_MspInit 1 */
 280:Src/stm32f1xx_hal_msp.c ****   }
 281:Src/stm32f1xx_hal_msp.c ****   else if(huart->Instance==USART2)
 524              		.loc 1 281 8 is_stmt 1 view .LVU116
 525              		.loc 1 281 10 is_stmt 0 view .LVU117
 526 0016 384A     		ldr	r2, .L45+4
 527 0018 9342     		cmp	r3, r2
 528 001a 43D0     		beq	.L43
 529              	.LVL25:
 530              	.L37:
 282:Src/stm32f1xx_hal_msp.c ****   {
 283:Src/stm32f1xx_hal_msp.c ****   /* USER CODE BEGIN USART2_MspInit 0 */
 284:Src/stm32f1xx_hal_msp.c **** 
 285:Src/stm32f1xx_hal_msp.c ****   /* USER CODE END USART2_MspInit 0 */
 286:Src/stm32f1xx_hal_msp.c ****     /* Peripheral clock enable */
 287:Src/stm32f1xx_hal_msp.c ****     __HAL_RCC_USART2_CLK_ENABLE();
 288:Src/stm32f1xx_hal_msp.c **** 
 289:Src/stm32f1xx_hal_msp.c ****     __HAL_RCC_GPIOA_CLK_ENABLE();
 290:Src/stm32f1xx_hal_msp.c ****     /**USART2 GPIO Configuration
 291:Src/stm32f1xx_hal_msp.c ****     PA2     ------> USART2_TX
ARM GAS  C:\Users\Administrator.DESKTOP-24M4MSA\AppData\Local\Temp\ccp64exL.s 			page 16


 292:Src/stm32f1xx_hal_msp.c ****     PA3     ------> USART2_RX
 293:Src/stm32f1xx_hal_msp.c ****     */
 294:Src/stm32f1xx_hal_msp.c ****     GPIO_InitStruct.Pin = GPIO_PIN_2;
 295:Src/stm32f1xx_hal_msp.c ****     GPIO_InitStruct.Mode = GPIO_MODE_AF_PP;
 296:Src/stm32f1xx_hal_msp.c ****     GPIO_InitStruct.Speed = GPIO_SPEED_FREQ_HIGH;
 297:Src/stm32f1xx_hal_msp.c ****     HAL_GPIO_Init(GPIOA, &GPIO_InitStruct);
 298:Src/stm32f1xx_hal_msp.c **** 
 299:Src/stm32f1xx_hal_msp.c ****     GPIO_InitStruct.Pin = GPIO_PIN_3;
 300:Src/stm32f1xx_hal_msp.c ****     GPIO_InitStruct.Mode = GPIO_MODE_INPUT;
 301:Src/stm32f1xx_hal_msp.c ****     GPIO_InitStruct.Pull = GPIO_NOPULL;
 302:Src/stm32f1xx_hal_msp.c ****     HAL_GPIO_Init(GPIOA, &GPIO_InitStruct);
 303:Src/stm32f1xx_hal_msp.c **** 
 304:Src/stm32f1xx_hal_msp.c ****   /* USER CODE BEGIN USART2_MspInit 1 */
 305:Src/stm32f1xx_hal_msp.c **** 
 306:Src/stm32f1xx_hal_msp.c ****   /* USER CODE END USART2_MspInit 1 */
 307:Src/stm32f1xx_hal_msp.c ****   }
 308:Src/stm32f1xx_hal_msp.c **** 
 309:Src/stm32f1xx_hal_msp.c **** }
 531              		.loc 1 309 1 view .LVU118
 532 001c 08B0     		add	sp, sp, #32
 533              	.LCFI15:
 534              		.cfi_remember_state
 535              		.cfi_def_cfa_offset 16
 536              		@ sp needed
 537 001e 70BD     		pop	{r4, r5, r6, pc}
 538              	.LVL26:
 539              	.L42:
 540              	.LCFI16:
 541              		.cfi_restore_state
 542              		.loc 1 309 1 view .LVU119
 543 0020 0446     		mov	r4, r0
 243:Src/stm32f1xx_hal_msp.c **** 
 544              		.loc 1 243 5 is_stmt 1 view .LVU120
 545              	.LBB9:
 243:Src/stm32f1xx_hal_msp.c **** 
 546              		.loc 1 243 5 view .LVU121
 243:Src/stm32f1xx_hal_msp.c **** 
 547              		.loc 1 243 5 view .LVU122
 548 0022 364B     		ldr	r3, .L45+8
 549 0024 9A69     		ldr	r2, [r3, #24]
 550 0026 42F48042 		orr	r2, r2, #16384
 551 002a 9A61     		str	r2, [r3, #24]
 243:Src/stm32f1xx_hal_msp.c **** 
 552              		.loc 1 243 5 view .LVU123
 553 002c 9A69     		ldr	r2, [r3, #24]
 554 002e 02F48042 		and	r2, r2, #16384
 555 0032 0092     		str	r2, [sp]
 243:Src/stm32f1xx_hal_msp.c **** 
 556              		.loc 1 243 5 view .LVU124
 557 0034 009A     		ldr	r2, [sp]
 558              	.LBE9:
 243:Src/stm32f1xx_hal_msp.c **** 
 559              		.loc 1 243 5 view .LVU125
 245:Src/stm32f1xx_hal_msp.c ****     /**USART1 GPIO Configuration
 560              		.loc 1 245 5 view .LVU126
 561              	.LBB10:
 245:Src/stm32f1xx_hal_msp.c ****     /**USART1 GPIO Configuration
ARM GAS  C:\Users\Administrator.DESKTOP-24M4MSA\AppData\Local\Temp\ccp64exL.s 			page 17


 562              		.loc 1 245 5 view .LVU127
 245:Src/stm32f1xx_hal_msp.c ****     /**USART1 GPIO Configuration
 563              		.loc 1 245 5 view .LVU128
 564 0036 9A69     		ldr	r2, [r3, #24]
 565 0038 42F00402 		orr	r2, r2, #4
 566 003c 9A61     		str	r2, [r3, #24]
 245:Src/stm32f1xx_hal_msp.c ****     /**USART1 GPIO Configuration
 567              		.loc 1 245 5 view .LVU129
 568 003e 9B69     		ldr	r3, [r3, #24]
 569 0040 03F00403 		and	r3, r3, #4
 570 0044 0193     		str	r3, [sp, #4]
 245:Src/stm32f1xx_hal_msp.c ****     /**USART1 GPIO Configuration
 571              		.loc 1 245 5 view .LVU130
 572 0046 019B     		ldr	r3, [sp, #4]
 573              	.LBE10:
 245:Src/stm32f1xx_hal_msp.c ****     /**USART1 GPIO Configuration
 574              		.loc 1 245 5 view .LVU131
 250:Src/stm32f1xx_hal_msp.c ****     GPIO_InitStruct.Mode = GPIO_MODE_AF_PP;
 575              		.loc 1 250 5 view .LVU132
 250:Src/stm32f1xx_hal_msp.c ****     GPIO_InitStruct.Mode = GPIO_MODE_AF_PP;
 576              		.loc 1 250 25 is_stmt 0 view .LVU133
 577 0048 4FF40073 		mov	r3, #512
 578 004c 0493     		str	r3, [sp, #16]
 251:Src/stm32f1xx_hal_msp.c ****     GPIO_InitStruct.Speed = GPIO_SPEED_FREQ_HIGH;
 579              		.loc 1 251 5 is_stmt 1 view .LVU134
 251:Src/stm32f1xx_hal_msp.c ****     GPIO_InitStruct.Speed = GPIO_SPEED_FREQ_HIGH;
 580              		.loc 1 251 26 is_stmt 0 view .LVU135
 581 004e 0223     		movs	r3, #2
 582 0050 0593     		str	r3, [sp, #20]
 252:Src/stm32f1xx_hal_msp.c ****     HAL_GPIO_Init(GPIOA, &GPIO_InitStruct);
 583              		.loc 1 252 5 is_stmt 1 view .LVU136
 252:Src/stm32f1xx_hal_msp.c ****     HAL_GPIO_Init(GPIOA, &GPIO_InitStruct);
 584              		.loc 1 252 27 is_stmt 0 view .LVU137
 585 0052 0323     		movs	r3, #3
 586 0054 0793     		str	r3, [sp, #28]
 253:Src/stm32f1xx_hal_msp.c **** 
 587              		.loc 1 253 5 is_stmt 1 view .LVU138
 588 0056 2A4E     		ldr	r6, .L45+12
 589 0058 04A9     		add	r1, sp, #16
 590 005a 3046     		mov	r0, r6
 591              	.LVL27:
 253:Src/stm32f1xx_hal_msp.c **** 
 592              		.loc 1 253 5 is_stmt 0 view .LVU139
 593 005c FFF7FEFF 		bl	HAL_GPIO_Init
 594              	.LVL28:
 255:Src/stm32f1xx_hal_msp.c ****     GPIO_InitStruct.Mode = GPIO_MODE_INPUT;
 595              		.loc 1 255 5 is_stmt 1 view .LVU140
 255:Src/stm32f1xx_hal_msp.c ****     GPIO_InitStruct.Mode = GPIO_MODE_INPUT;
 596              		.loc 1 255 25 is_stmt 0 view .LVU141
 597 0060 4FF48063 		mov	r3, #1024
 598 0064 0493     		str	r3, [sp, #16]
 256:Src/stm32f1xx_hal_msp.c ****     GPIO_InitStruct.Pull = GPIO_NOPULL;
 599              		.loc 1 256 5 is_stmt 1 view .LVU142
 256:Src/stm32f1xx_hal_msp.c ****     GPIO_InitStruct.Pull = GPIO_NOPULL;
 600              		.loc 1 256 26 is_stmt 0 view .LVU143
 601 0066 0025     		movs	r5, #0
 602 0068 0595     		str	r5, [sp, #20]
ARM GAS  C:\Users\Administrator.DESKTOP-24M4MSA\AppData\Local\Temp\ccp64exL.s 			page 18


 257:Src/stm32f1xx_hal_msp.c ****     HAL_GPIO_Init(GPIOA, &GPIO_InitStruct);
 603              		.loc 1 257 5 is_stmt 1 view .LVU144
 257:Src/stm32f1xx_hal_msp.c ****     HAL_GPIO_Init(GPIOA, &GPIO_InitStruct);
 604              		.loc 1 257 26 is_stmt 0 view .LVU145
 605 006a 0695     		str	r5, [sp, #24]
 258:Src/stm32f1xx_hal_msp.c **** 
 606              		.loc 1 258 5 is_stmt 1 view .LVU146
 607 006c 04A9     		add	r1, sp, #16
 608 006e 3046     		mov	r0, r6
 609 0070 FFF7FEFF 		bl	HAL_GPIO_Init
 610              	.LVL29:
 262:Src/stm32f1xx_hal_msp.c ****     hdma_usart1_rx.Init.Direction = DMA_PERIPH_TO_MEMORY;
 611              		.loc 1 262 5 view .LVU147
 262:Src/stm32f1xx_hal_msp.c ****     hdma_usart1_rx.Init.Direction = DMA_PERIPH_TO_MEMORY;
 612              		.loc 1 262 29 is_stmt 0 view .LVU148
 613 0074 2348     		ldr	r0, .L45+16
 614 0076 244B     		ldr	r3, .L45+20
 615 0078 0360     		str	r3, [r0]
 263:Src/stm32f1xx_hal_msp.c ****     hdma_usart1_rx.Init.PeriphInc = DMA_PINC_DISABLE;
 616              		.loc 1 263 5 is_stmt 1 view .LVU149
 263:Src/stm32f1xx_hal_msp.c ****     hdma_usart1_rx.Init.PeriphInc = DMA_PINC_DISABLE;
 617              		.loc 1 263 35 is_stmt 0 view .LVU150
 618 007a 4560     		str	r5, [r0, #4]
 264:Src/stm32f1xx_hal_msp.c ****     hdma_usart1_rx.Init.MemInc = DMA_MINC_ENABLE;
 619              		.loc 1 264 5 is_stmt 1 view .LVU151
 264:Src/stm32f1xx_hal_msp.c ****     hdma_usart1_rx.Init.MemInc = DMA_MINC_ENABLE;
 620              		.loc 1 264 35 is_stmt 0 view .LVU152
 621 007c 8560     		str	r5, [r0, #8]
 265:Src/stm32f1xx_hal_msp.c ****     hdma_usart1_rx.Init.PeriphDataAlignment = DMA_PDATAALIGN_BYTE;
 622              		.loc 1 265 5 is_stmt 1 view .LVU153
 265:Src/stm32f1xx_hal_msp.c ****     hdma_usart1_rx.Init.PeriphDataAlignment = DMA_PDATAALIGN_BYTE;
 623              		.loc 1 265 32 is_stmt 0 view .LVU154
 624 007e 8023     		movs	r3, #128
 625 0080 C360     		str	r3, [r0, #12]
 266:Src/stm32f1xx_hal_msp.c ****     hdma_usart1_rx.Init.MemDataAlignment = DMA_MDATAALIGN_BYTE;
 626              		.loc 1 266 5 is_stmt 1 view .LVU155
 266:Src/stm32f1xx_hal_msp.c ****     hdma_usart1_rx.Init.MemDataAlignment = DMA_MDATAALIGN_BYTE;
 627              		.loc 1 266 45 is_stmt 0 view .LVU156
 628 0082 0561     		str	r5, [r0, #16]
 267:Src/stm32f1xx_hal_msp.c ****     hdma_usart1_rx.Init.Mode = DMA_CIRCULAR;
 629              		.loc 1 267 5 is_stmt 1 view .LVU157
 267:Src/stm32f1xx_hal_msp.c ****     hdma_usart1_rx.Init.Mode = DMA_CIRCULAR;
 630              		.loc 1 267 42 is_stmt 0 view .LVU158
 631 0084 4561     		str	r5, [r0, #20]
 268:Src/stm32f1xx_hal_msp.c ****     hdma_usart1_rx.Init.Priority = DMA_PRIORITY_VERY_HIGH;
 632              		.loc 1 268 5 is_stmt 1 view .LVU159
 268:Src/stm32f1xx_hal_msp.c ****     hdma_usart1_rx.Init.Priority = DMA_PRIORITY_VERY_HIGH;
 633              		.loc 1 268 30 is_stmt 0 view .LVU160
 634 0086 2023     		movs	r3, #32
 635 0088 8361     		str	r3, [r0, #24]
 269:Src/stm32f1xx_hal_msp.c ****     if (HAL_DMA_Init(&hdma_usart1_rx) != HAL_OK)
 636              		.loc 1 269 5 is_stmt 1 view .LVU161
 269:Src/stm32f1xx_hal_msp.c ****     if (HAL_DMA_Init(&hdma_usart1_rx) != HAL_OK)
 637              		.loc 1 269 34 is_stmt 0 view .LVU162
 638 008a 4FF44053 		mov	r3, #12288
 639 008e C361     		str	r3, [r0, #28]
 270:Src/stm32f1xx_hal_msp.c ****     {
ARM GAS  C:\Users\Administrator.DESKTOP-24M4MSA\AppData\Local\Temp\ccp64exL.s 			page 19


 640              		.loc 1 270 5 is_stmt 1 view .LVU163
 270:Src/stm32f1xx_hal_msp.c ****     {
 641              		.loc 1 270 9 is_stmt 0 view .LVU164
 642 0090 FFF7FEFF 		bl	HAL_DMA_Init
 643              	.LVL30:
 270:Src/stm32f1xx_hal_msp.c ****     {
 644              		.loc 1 270 8 view .LVU165
 645 0094 18B9     		cbnz	r0, .L44
 646              	.L39:
 275:Src/stm32f1xx_hal_msp.c **** 
 647              		.loc 1 275 5 is_stmt 1 view .LVU166
 275:Src/stm32f1xx_hal_msp.c **** 
 648              		.loc 1 275 5 view .LVU167
 649 0096 1B4B     		ldr	r3, .L45+16
 650 0098 A363     		str	r3, [r4, #56]
 275:Src/stm32f1xx_hal_msp.c **** 
 651              		.loc 1 275 5 view .LVU168
 652 009a 5C62     		str	r4, [r3, #36]
 275:Src/stm32f1xx_hal_msp.c **** 
 653              		.loc 1 275 5 view .LVU169
 654 009c BEE7     		b	.L37
 655              	.L44:
 272:Src/stm32f1xx_hal_msp.c ****     }
 656              		.loc 1 272 7 view .LVU170
 657 009e FFF7FEFF 		bl	Error_Handler
 658              	.LVL31:
 659 00a2 F8E7     		b	.L39
 660              	.LVL32:
 661              	.L43:
 287:Src/stm32f1xx_hal_msp.c **** 
 662              		.loc 1 287 5 view .LVU171
 663              	.LBB11:
 287:Src/stm32f1xx_hal_msp.c **** 
 664              		.loc 1 287 5 view .LVU172
 287:Src/stm32f1xx_hal_msp.c **** 
 665              		.loc 1 287 5 view .LVU173
 666 00a4 154B     		ldr	r3, .L45+8
 667 00a6 DA69     		ldr	r2, [r3, #28]
 668 00a8 42F40032 		orr	r2, r2, #131072
 669 00ac DA61     		str	r2, [r3, #28]
 287:Src/stm32f1xx_hal_msp.c **** 
 670              		.loc 1 287 5 view .LVU174
 671 00ae DA69     		ldr	r2, [r3, #28]
 672 00b0 02F40032 		and	r2, r2, #131072
 673 00b4 0292     		str	r2, [sp, #8]
 287:Src/stm32f1xx_hal_msp.c **** 
 674              		.loc 1 287 5 view .LVU175
 675 00b6 029A     		ldr	r2, [sp, #8]
 676              	.LBE11:
 287:Src/stm32f1xx_hal_msp.c **** 
 677              		.loc 1 287 5 view .LVU176
 289:Src/stm32f1xx_hal_msp.c ****     /**USART2 GPIO Configuration
 678              		.loc 1 289 5 view .LVU177
 679              	.LBB12:
 289:Src/stm32f1xx_hal_msp.c ****     /**USART2 GPIO Configuration
 680              		.loc 1 289 5 view .LVU178
 289:Src/stm32f1xx_hal_msp.c ****     /**USART2 GPIO Configuration
ARM GAS  C:\Users\Administrator.DESKTOP-24M4MSA\AppData\Local\Temp\ccp64exL.s 			page 20


 681              		.loc 1 289 5 view .LVU179
 682 00b8 9A69     		ldr	r2, [r3, #24]
 683 00ba 42F00402 		orr	r2, r2, #4
 684 00be 9A61     		str	r2, [r3, #24]
 289:Src/stm32f1xx_hal_msp.c ****     /**USART2 GPIO Configuration
 685              		.loc 1 289 5 view .LVU180
 686 00c0 9B69     		ldr	r3, [r3, #24]
 687 00c2 03F00403 		and	r3, r3, #4
 688 00c6 0393     		str	r3, [sp, #12]
 289:Src/stm32f1xx_hal_msp.c ****     /**USART2 GPIO Configuration
 689              		.loc 1 289 5 view .LVU181
 690 00c8 039B     		ldr	r3, [sp, #12]
 691              	.LBE12:
 289:Src/stm32f1xx_hal_msp.c ****     /**USART2 GPIO Configuration
 692              		.loc 1 289 5 view .LVU182
 294:Src/stm32f1xx_hal_msp.c ****     GPIO_InitStruct.Mode = GPIO_MODE_AF_PP;
 693              		.loc 1 294 5 view .LVU183
 294:Src/stm32f1xx_hal_msp.c ****     GPIO_InitStruct.Mode = GPIO_MODE_AF_PP;
 694              		.loc 1 294 25 is_stmt 0 view .LVU184
 695 00ca 0423     		movs	r3, #4
 696 00cc 0493     		str	r3, [sp, #16]
 295:Src/stm32f1xx_hal_msp.c ****     GPIO_InitStruct.Speed = GPIO_SPEED_FREQ_HIGH;
 697              		.loc 1 295 5 is_stmt 1 view .LVU185
 295:Src/stm32f1xx_hal_msp.c ****     GPIO_InitStruct.Speed = GPIO_SPEED_FREQ_HIGH;
 698              		.loc 1 295 26 is_stmt 0 view .LVU186
 699 00ce 0223     		movs	r3, #2
 700 00d0 0593     		str	r3, [sp, #20]
 296:Src/stm32f1xx_hal_msp.c ****     HAL_GPIO_Init(GPIOA, &GPIO_InitStruct);
 701              		.loc 1 296 5 is_stmt 1 view .LVU187
 296:Src/stm32f1xx_hal_msp.c ****     HAL_GPIO_Init(GPIOA, &GPIO_InitStruct);
 702              		.loc 1 296 27 is_stmt 0 view .LVU188
 703 00d2 0323     		movs	r3, #3
 704 00d4 0793     		str	r3, [sp, #28]
 297:Src/stm32f1xx_hal_msp.c **** 
 705              		.loc 1 297 5 is_stmt 1 view .LVU189
 706 00d6 0A4C     		ldr	r4, .L45+12
 707 00d8 04A9     		add	r1, sp, #16
 708 00da 2046     		mov	r0, r4
 709              	.LVL33:
 297:Src/stm32f1xx_hal_msp.c **** 
 710              		.loc 1 297 5 is_stmt 0 view .LVU190
 711 00dc FFF7FEFF 		bl	HAL_GPIO_Init
 712              	.LVL34:
 299:Src/stm32f1xx_hal_msp.c ****     GPIO_InitStruct.Mode = GPIO_MODE_INPUT;
 713              		.loc 1 299 5 is_stmt 1 view .LVU191
 299:Src/stm32f1xx_hal_msp.c ****     GPIO_InitStruct.Mode = GPIO_MODE_INPUT;
 714              		.loc 1 299 25 is_stmt 0 view .LVU192
 715 00e0 0823     		movs	r3, #8
 716 00e2 0493     		str	r3, [sp, #16]
 300:Src/stm32f1xx_hal_msp.c ****     GPIO_InitStruct.Pull = GPIO_NOPULL;
 717              		.loc 1 300 5 is_stmt 1 view .LVU193
 300:Src/stm32f1xx_hal_msp.c ****     GPIO_InitStruct.Pull = GPIO_NOPULL;
 718              		.loc 1 300 26 is_stmt 0 view .LVU194
 719 00e4 0023     		movs	r3, #0
 720 00e6 0593     		str	r3, [sp, #20]
 301:Src/stm32f1xx_hal_msp.c ****     HAL_GPIO_Init(GPIOA, &GPIO_InitStruct);
 721              		.loc 1 301 5 is_stmt 1 view .LVU195
ARM GAS  C:\Users\Administrator.DESKTOP-24M4MSA\AppData\Local\Temp\ccp64exL.s 			page 21


 301:Src/stm32f1xx_hal_msp.c ****     HAL_GPIO_Init(GPIOA, &GPIO_InitStruct);
 722              		.loc 1 301 26 is_stmt 0 view .LVU196
 723 00e8 0693     		str	r3, [sp, #24]
 302:Src/stm32f1xx_hal_msp.c **** 
 724              		.loc 1 302 5 is_stmt 1 view .LVU197
 725 00ea 04A9     		add	r1, sp, #16
 726 00ec 2046     		mov	r0, r4
 727 00ee FFF7FEFF 		bl	HAL_GPIO_Init
 728              	.LVL35:
 729              		.loc 1 309 1 is_stmt 0 view .LVU198
 730 00f2 93E7     		b	.L37
 731              	.L46:
 732              		.align	2
 733              	.L45:
 734 00f4 00380140 		.word	1073821696
 735 00f8 00440040 		.word	1073759232
 736 00fc 00100240 		.word	1073876992
 737 0100 00080140 		.word	1073809408
 738 0104 00000000 		.word	hdma_usart1_rx
 739 0108 58000240 		.word	1073872984
 740              		.cfi_endproc
 741              	.LFE71:
 743              		.section	.text.HAL_UART_MspDeInit,"ax",%progbits
 744              		.align	1
 745              		.global	HAL_UART_MspDeInit
 746              		.syntax unified
 747              		.thumb
 748              		.thumb_func
 749              		.fpu softvfp
 751              	HAL_UART_MspDeInit:
 752              	.LVL36:
 753              	.LFB72:
 310:Src/stm32f1xx_hal_msp.c **** 
 311:Src/stm32f1xx_hal_msp.c **** /**
 312:Src/stm32f1xx_hal_msp.c **** * @brief UART MSP De-Initialization
 313:Src/stm32f1xx_hal_msp.c **** * This function freeze the hardware resources used in this example
 314:Src/stm32f1xx_hal_msp.c **** * @param huart: UART handle pointer
 315:Src/stm32f1xx_hal_msp.c **** * @retval None
 316:Src/stm32f1xx_hal_msp.c **** */
 317:Src/stm32f1xx_hal_msp.c **** void HAL_UART_MspDeInit(UART_HandleTypeDef* huart)
 318:Src/stm32f1xx_hal_msp.c **** {
 754              		.loc 1 318 1 is_stmt 1 view -0
 755              		.cfi_startproc
 756              		@ args = 0, pretend = 0, frame = 0
 757              		@ frame_needed = 0, uses_anonymous_args = 0
 758              		.loc 1 318 1 is_stmt 0 view .LVU200
 759 0000 10B5     		push	{r4, lr}
 760              	.LCFI17:
 761              		.cfi_def_cfa_offset 8
 762              		.cfi_offset 4, -8
 763              		.cfi_offset 14, -4
 319:Src/stm32f1xx_hal_msp.c ****   if(huart->Instance==USART1)
 764              		.loc 1 319 3 is_stmt 1 view .LVU201
 765              		.loc 1 319 11 is_stmt 0 view .LVU202
 766 0002 0368     		ldr	r3, [r0]
 767              		.loc 1 319 5 view .LVU203
 768 0004 104A     		ldr	r2, .L53
ARM GAS  C:\Users\Administrator.DESKTOP-24M4MSA\AppData\Local\Temp\ccp64exL.s 			page 22


 769 0006 9342     		cmp	r3, r2
 770 0008 03D0     		beq	.L51
 320:Src/stm32f1xx_hal_msp.c ****   {
 321:Src/stm32f1xx_hal_msp.c ****   /* USER CODE BEGIN USART1_MspDeInit 0 */
 322:Src/stm32f1xx_hal_msp.c **** 
 323:Src/stm32f1xx_hal_msp.c ****   /* USER CODE END USART1_MspDeInit 0 */
 324:Src/stm32f1xx_hal_msp.c ****     /* Peripheral clock disable */
 325:Src/stm32f1xx_hal_msp.c ****     __HAL_RCC_USART1_CLK_DISABLE();
 326:Src/stm32f1xx_hal_msp.c **** 
 327:Src/stm32f1xx_hal_msp.c ****     /**USART1 GPIO Configuration
 328:Src/stm32f1xx_hal_msp.c ****     PA9     ------> USART1_TX
 329:Src/stm32f1xx_hal_msp.c ****     PA10     ------> USART1_RX
 330:Src/stm32f1xx_hal_msp.c ****     */
 331:Src/stm32f1xx_hal_msp.c ****     HAL_GPIO_DeInit(GPIOA, GPIO_PIN_9|GPIO_PIN_10);
 332:Src/stm32f1xx_hal_msp.c **** 
 333:Src/stm32f1xx_hal_msp.c ****     /* USART1 DMA DeInit */
 334:Src/stm32f1xx_hal_msp.c ****     HAL_DMA_DeInit(huart->hdmarx);
 335:Src/stm32f1xx_hal_msp.c ****   /* USER CODE BEGIN USART1_MspDeInit 1 */
 336:Src/stm32f1xx_hal_msp.c **** 
 337:Src/stm32f1xx_hal_msp.c ****   /* USER CODE END USART1_MspDeInit 1 */
 338:Src/stm32f1xx_hal_msp.c ****   }
 339:Src/stm32f1xx_hal_msp.c ****   else if(huart->Instance==USART2)
 771              		.loc 1 339 8 is_stmt 1 view .LVU204
 772              		.loc 1 339 10 is_stmt 0 view .LVU205
 773 000a 104A     		ldr	r2, .L53+4
 774 000c 9342     		cmp	r3, r2
 775 000e 10D0     		beq	.L52
 776              	.LVL37:
 777              	.L47:
 340:Src/stm32f1xx_hal_msp.c ****   {
 341:Src/stm32f1xx_hal_msp.c ****   /* USER CODE BEGIN USART2_MspDeInit 0 */
 342:Src/stm32f1xx_hal_msp.c **** 
 343:Src/stm32f1xx_hal_msp.c ****   /* USER CODE END USART2_MspDeInit 0 */
 344:Src/stm32f1xx_hal_msp.c ****     /* Peripheral clock disable */
 345:Src/stm32f1xx_hal_msp.c ****     __HAL_RCC_USART2_CLK_DISABLE();
 346:Src/stm32f1xx_hal_msp.c **** 
 347:Src/stm32f1xx_hal_msp.c ****     /**USART2 GPIO Configuration
 348:Src/stm32f1xx_hal_msp.c ****     PA2     ------> USART2_TX
 349:Src/stm32f1xx_hal_msp.c ****     PA3     ------> USART2_RX
 350:Src/stm32f1xx_hal_msp.c ****     */
 351:Src/stm32f1xx_hal_msp.c ****     HAL_GPIO_DeInit(GPIOA, GPIO_PIN_2|GPIO_PIN_3);
 352:Src/stm32f1xx_hal_msp.c **** 
 353:Src/stm32f1xx_hal_msp.c ****   /* USER CODE BEGIN USART2_MspDeInit 1 */
 354:Src/stm32f1xx_hal_msp.c **** 
 355:Src/stm32f1xx_hal_msp.c ****   /* USER CODE END USART2_MspDeInit 1 */
 356:Src/stm32f1xx_hal_msp.c ****   }
 357:Src/stm32f1xx_hal_msp.c **** 
 358:Src/stm32f1xx_hal_msp.c **** }
 778              		.loc 1 358 1 view .LVU206
 779 0010 10BD     		pop	{r4, pc}
 780              	.LVL38:
 781              	.L51:
 782              		.loc 1 358 1 view .LVU207
 783 0012 0446     		mov	r4, r0
 325:Src/stm32f1xx_hal_msp.c **** 
 784              		.loc 1 325 5 is_stmt 1 view .LVU208
 785 0014 02F55842 		add	r2, r2, #55296
ARM GAS  C:\Users\Administrator.DESKTOP-24M4MSA\AppData\Local\Temp\ccp64exL.s 			page 23


 786 0018 9369     		ldr	r3, [r2, #24]
 787 001a 23F48043 		bic	r3, r3, #16384
 788 001e 9361     		str	r3, [r2, #24]
 331:Src/stm32f1xx_hal_msp.c **** 
 789              		.loc 1 331 5 view .LVU209
 790 0020 4FF4C061 		mov	r1, #1536
 791 0024 0A48     		ldr	r0, .L53+8
 792              	.LVL39:
 331:Src/stm32f1xx_hal_msp.c **** 
 793              		.loc 1 331 5 is_stmt 0 view .LVU210
 794 0026 FFF7FEFF 		bl	HAL_GPIO_DeInit
 795              	.LVL40:
 334:Src/stm32f1xx_hal_msp.c ****   /* USER CODE BEGIN USART1_MspDeInit 1 */
 796              		.loc 1 334 5 is_stmt 1 view .LVU211
 797 002a A06B     		ldr	r0, [r4, #56]
 798 002c FFF7FEFF 		bl	HAL_DMA_DeInit
 799              	.LVL41:
 800 0030 EEE7     		b	.L47
 801              	.LVL42:
 802              	.L52:
 345:Src/stm32f1xx_hal_msp.c **** 
 803              		.loc 1 345 5 view .LVU212
 804 0032 02F5E632 		add	r2, r2, #117760
 805 0036 D369     		ldr	r3, [r2, #28]
 806 0038 23F40033 		bic	r3, r3, #131072
 807 003c D361     		str	r3, [r2, #28]
 351:Src/stm32f1xx_hal_msp.c **** 
 808              		.loc 1 351 5 view .LVU213
 809 003e 0C21     		movs	r1, #12
 810 0040 0348     		ldr	r0, .L53+8
 811              	.LVL43:
 351:Src/stm32f1xx_hal_msp.c **** 
 812              		.loc 1 351 5 is_stmt 0 view .LVU214
 813 0042 FFF7FEFF 		bl	HAL_GPIO_DeInit
 814              	.LVL44:
 815              		.loc 1 358 1 view .LVU215
 816 0046 E3E7     		b	.L47
 817              	.L54:
 818              		.align	2
 819              	.L53:
 820 0048 00380140 		.word	1073821696
 821 004c 00440040 		.word	1073759232
 822 0050 00080140 		.word	1073809408
 823              		.cfi_endproc
 824              	.LFE72:
 826              		.text
 827              	.Letext0:
 828              		.file 2 "c:\\program files (x86)\\gnu arm embedded toolchain\\10 2021.07\\arm-none-eabi\\include\\
 829              		.file 3 "c:\\program files (x86)\\gnu arm embedded toolchain\\10 2021.07\\arm-none-eabi\\include\\
 830              		.file 4 "Drivers/CMSIS/Device/ST/STM32F1xx/Include/stm32f103xb.h"
 831              		.file 5 "Drivers/CMSIS/Device/ST/STM32F1xx/Include/stm32f1xx.h"
 832              		.file 6 "Drivers/STM32F1xx_HAL_Driver/Inc/stm32f1xx_hal_def.h"
 833              		.file 7 "Drivers/STM32F1xx_HAL_Driver/Inc/stm32f1xx_hal_gpio.h"
 834              		.file 8 "Drivers/STM32F1xx_HAL_Driver/Inc/stm32f1xx_hal_dma.h"
 835              		.file 9 "Drivers/STM32F1xx_HAL_Driver/Inc/stm32f1xx_hal_can.h"
 836              		.file 10 "Drivers/STM32F1xx_HAL_Driver/Inc/stm32f1xx_hal_tim.h"
 837              		.file 11 "Drivers/STM32F1xx_HAL_Driver/Inc/stm32f1xx_hal_uart.h"
ARM GAS  C:\Users\Administrator.DESKTOP-24M4MSA\AppData\Local\Temp\ccp64exL.s 			page 24


 838              		.file 12 "Inc/main.h"
 839              		.file 13 "Drivers/STM32F1xx_HAL_Driver/Inc/stm32f1xx_hal_cortex.h"
ARM GAS  C:\Users\Administrator.DESKTOP-24M4MSA\AppData\Local\Temp\ccp64exL.s 			page 25


DEFINED SYMBOLS
                            *ABS*:00000000 stm32f1xx_hal_msp.c
C:\Users\Administrator.DESKTOP-24M4MSA\AppData\Local\Temp\ccp64exL.s:16     .text.HAL_MspInit:00000000 $t
C:\Users\Administrator.DESKTOP-24M4MSA\AppData\Local\Temp\ccp64exL.s:24     .text.HAL_MspInit:00000000 HAL_MspInit
C:\Users\Administrator.DESKTOP-24M4MSA\AppData\Local\Temp\ccp64exL.s:91     .text.HAL_MspInit:0000003c $d
C:\Users\Administrator.DESKTOP-24M4MSA\AppData\Local\Temp\ccp64exL.s:97     .text.HAL_CAN_MspInit:00000000 $t
C:\Users\Administrator.DESKTOP-24M4MSA\AppData\Local\Temp\ccp64exL.s:104    .text.HAL_CAN_MspInit:00000000 HAL_CAN_MspInit
C:\Users\Administrator.DESKTOP-24M4MSA\AppData\Local\Temp\ccp64exL.s:224    .text.HAL_CAN_MspInit:0000007c $d
C:\Users\Administrator.DESKTOP-24M4MSA\AppData\Local\Temp\ccp64exL.s:230    .text.HAL_CAN_MspDeInit:00000000 $t
C:\Users\Administrator.DESKTOP-24M4MSA\AppData\Local\Temp\ccp64exL.s:237    .text.HAL_CAN_MspDeInit:00000000 HAL_CAN_MspDeInit
C:\Users\Administrator.DESKTOP-24M4MSA\AppData\Local\Temp\ccp64exL.s:284    .text.HAL_CAN_MspDeInit:00000028 $d
C:\Users\Administrator.DESKTOP-24M4MSA\AppData\Local\Temp\ccp64exL.s:291    .text.HAL_TIM_Base_MspInit:00000000 $t
C:\Users\Administrator.DESKTOP-24M4MSA\AppData\Local\Temp\ccp64exL.s:298    .text.HAL_TIM_Base_MspInit:00000000 HAL_TIM_Base_MspInit
C:\Users\Administrator.DESKTOP-24M4MSA\AppData\Local\Temp\ccp64exL.s:344    .text.HAL_TIM_Base_MspInit:00000028 $d
C:\Users\Administrator.DESKTOP-24M4MSA\AppData\Local\Temp\ccp64exL.s:349    .text.HAL_TIM_MspPostInit:00000000 $t
C:\Users\Administrator.DESKTOP-24M4MSA\AppData\Local\Temp\ccp64exL.s:356    .text.HAL_TIM_MspPostInit:00000000 HAL_TIM_MspPostInit
C:\Users\Administrator.DESKTOP-24M4MSA\AppData\Local\Temp\ccp64exL.s:437    .text.HAL_TIM_MspPostInit:00000048 $d
C:\Users\Administrator.DESKTOP-24M4MSA\AppData\Local\Temp\ccp64exL.s:443    .text.HAL_TIM_Base_MspDeInit:00000000 $t
C:\Users\Administrator.DESKTOP-24M4MSA\AppData\Local\Temp\ccp64exL.s:450    .text.HAL_TIM_Base_MspDeInit:00000000 HAL_TIM_Base_MspDeInit
C:\Users\Administrator.DESKTOP-24M4MSA\AppData\Local\Temp\ccp64exL.s:479    .text.HAL_TIM_Base_MspDeInit:00000018 $d
C:\Users\Administrator.DESKTOP-24M4MSA\AppData\Local\Temp\ccp64exL.s:485    .text.HAL_UART_MspInit:00000000 $t
C:\Users\Administrator.DESKTOP-24M4MSA\AppData\Local\Temp\ccp64exL.s:492    .text.HAL_UART_MspInit:00000000 HAL_UART_MspInit
C:\Users\Administrator.DESKTOP-24M4MSA\AppData\Local\Temp\ccp64exL.s:734    .text.HAL_UART_MspInit:000000f4 $d
C:\Users\Administrator.DESKTOP-24M4MSA\AppData\Local\Temp\ccp64exL.s:744    .text.HAL_UART_MspDeInit:00000000 $t
C:\Users\Administrator.DESKTOP-24M4MSA\AppData\Local\Temp\ccp64exL.s:751    .text.HAL_UART_MspDeInit:00000000 HAL_UART_MspDeInit
C:\Users\Administrator.DESKTOP-24M4MSA\AppData\Local\Temp\ccp64exL.s:820    .text.HAL_UART_MspDeInit:00000048 $d

UNDEFINED SYMBOLS
HAL_GPIO_Init
HAL_NVIC_SetPriority
HAL_NVIC_EnableIRQ
HAL_GPIO_DeInit
HAL_NVIC_DisableIRQ
HAL_DMA_Init
Error_Handler
hdma_usart1_rx
HAL_DMA_DeInit
